2023-12-05T11:19:42.202+0600 [DEBUG] [org.gradle.launcher.daemon.bootstrap.DaemonMain] Assuming the daemon was started with following jvm opts: [--add-opens=java.base/java.util=ALL-UNNAMED, --add-opens=java.base/java.lang=ALL-UNNAMED, --add-opens=java.base/java.lang.invoke=ALL-UNNAMED, --add-opens=java.prefs/java.util.prefs=ALL-UNNAMED, --add-opens=java.base/java.nio.charset=ALL-UNNAMED, --add-opens=java.base/java.net=ALL-UNNAMED, --add-opens=java.base/java.util.concurrent.atomic=ALL-UNNAMED, -XX:MaxMetaspaceSize=256m, -XX:+HeapDumpOnOutOfMemoryError, -Xms256m, -Xmx512m, -Dfile.encoding=UTF-8, -Duser.country=RU, -Duser.language=ru, -Duser.variant]
2023-12-05T11:19:42.611+0600 [INFO] [org.gradle.launcher.daemon.server.Daemon] start() called on daemon - DefaultDaemonContext[uid=b9f480c6-ae71-4bd1-ad09-1a0dc5b7b8d7,javaHome=/snap/android-studio/128/android-studio/jbr,daemonRegistryDir=/home/user/AndroidStudioProjects/daemon,pid=3850,idleTimeout=10800000,priority=NORMAL,daemonOpts=--add-opens=java.base/java.util=ALL-UNNAMED,--add-opens=java.base/java.lang=ALL-UNNAMED,--add-opens=java.base/java.lang.invoke=ALL-UNNAMED,--add-opens=java.prefs/java.util.prefs=ALL-UNNAMED,--add-opens=java.base/java.nio.charset=ALL-UNNAMED,--add-opens=java.base/java.net=ALL-UNNAMED,--add-opens=java.base/java.util.concurrent.atomic=ALL-UNNAMED,-XX:MaxMetaspaceSize=256m,-XX:+HeapDumpOnOutOfMemoryError,-Xms256m,-Xmx512m,-Dfile.encoding=UTF-8,-Duser.country=RU,-Duser.language=ru,-Duser.variant]
2023-12-05T11:19:42.690+0600 [DEBUG] [org.gradle.internal.remote.internal.inet.InetAddresses] Adding IP addresses for network interface wlp2s0
2023-12-05T11:19:42.691+0600 [DEBUG] [org.gradle.internal.remote.internal.inet.InetAddresses] Is this a loopback interface? false
2023-12-05T11:19:42.692+0600 [DEBUG] [org.gradle.internal.remote.internal.inet.InetAddresses] Adding remote address /fe80:0:0:0:2969:49c4:bd4d:301%wlp2s0
2023-12-05T11:19:42.692+0600 [DEBUG] [org.gradle.internal.remote.internal.inet.InetAddresses] Adding remote address /10.101.53.214
2023-12-05T11:19:42.693+0600 [DEBUG] [org.gradle.internal.remote.internal.inet.InetAddresses] Adding IP addresses for network interface lo
2023-12-05T11:19:42.695+0600 [DEBUG] [org.gradle.internal.remote.internal.inet.InetAddresses] Is this a loopback interface? true
2023-12-05T11:19:42.695+0600 [DEBUG] [org.gradle.internal.remote.internal.inet.InetAddresses] Adding loopback address /0:0:0:0:0:0:0:1%lo
2023-12-05T11:19:42.696+0600 [DEBUG] [org.gradle.internal.remote.internal.inet.InetAddresses] Adding loopback address /127.0.0.1
2023-12-05T11:19:42.701+0600 [DEBUG] [org.gradle.internal.remote.internal.inet.TcpIncomingConnector] Listening on [aabc518c-5a4f-4bc2-8512-5813190b7b3a port:41265, addresses:[localhost/127.0.0.1]].
2023-12-05T11:19:42.718+0600 [DEBUG] [org.gradle.launcher.daemon.server.Daemon] Daemon starting at: Tue Dec 05 11:19:42 KGT 2023, with address: [aabc518c-5a4f-4bc2-8512-5813190b7b3a port:41265, addresses:[localhost/127.0.0.1]]
2023-12-05T11:19:42.718+0600 [INFO] [org.gradle.launcher.daemon.server.DaemonRegistryUpdater] Advertising the daemon address to the clients: [aabc518c-5a4f-4bc2-8512-5813190b7b3a port:41265, addresses:[localhost/127.0.0.1]]
2023-12-05T11:19:42.719+0600 [DEBUG] [org.gradle.launcher.daemon.server.DaemonRegistryUpdater] Advertised daemon context: DefaultDaemonContext[uid=b9f480c6-ae71-4bd1-ad09-1a0dc5b7b8d7,javaHome=/snap/android-studio/128/android-studio/jbr,daemonRegistryDir=/home/user/AndroidStudioProjects/daemon,pid=3850,idleTimeout=10800000,priority=NORMAL,daemonOpts=--add-opens=java.base/java.util=ALL-UNNAMED,--add-opens=java.base/java.lang=ALL-UNNAMED,--add-opens=java.base/java.lang.invoke=ALL-UNNAMED,--add-opens=java.prefs/java.util.prefs=ALL-UNNAMED,--add-opens=java.base/java.nio.charset=ALL-UNNAMED,--add-opens=java.base/java.net=ALL-UNNAMED,--add-opens=java.base/java.util.concurrent.atomic=ALL-UNNAMED,-XX:MaxMetaspaceSize=256m,-XX:+HeapDumpOnOutOfMemoryError,-Xms256m,-Xmx512m,-Dfile.encoding=UTF-8,-Duser.country=RU,-Duser.language=ru,-Duser.variant]
2023-12-05T11:19:42.721+0600 [DEBUG] [org.gradle.launcher.daemon.registry.PersistentDaemonRegistry] Storing daemon address: [aabc518c-5a4f-4bc2-8512-5813190b7b3a port:41265, addresses:[localhost/127.0.0.1]], context: DefaultDaemonContext[uid=b9f480c6-ae71-4bd1-ad09-1a0dc5b7b8d7,javaHome=/snap/android-studio/128/android-studio/jbr,daemonRegistryDir=/home/user/AndroidStudioProjects/daemon,pid=3850,idleTimeout=10800000,priority=NORMAL,daemonOpts=--add-opens=java.base/java.util=ALL-UNNAMED,--add-opens=java.base/java.lang=ALL-UNNAMED,--add-opens=java.base/java.lang.invoke=ALL-UNNAMED,--add-opens=java.prefs/java.util.prefs=ALL-UNNAMED,--add-opens=java.base/java.nio.charset=ALL-UNNAMED,--add-opens=java.base/java.net=ALL-UNNAMED,--add-opens=java.base/java.util.concurrent.atomic=ALL-UNNAMED,-XX:MaxMetaspaceSize=256m,-XX:+HeapDumpOnOutOfMemoryError,-Xms256m,-Xmx512m,-Dfile.encoding=UTF-8,-Duser.country=RU,-Duser.language=ru,-Duser.variant]
2023-12-05T11:19:42.738+0600 [DEBUG] [org.gradle.cache.internal.DefaultFileLockManager] Waiting to acquire exclusive lock on daemon addresses registry.
2023-12-05T11:19:42.746+0600 [DEBUG] [org.gradle.cache.internal.DefaultFileLockManager] Lock acquired on daemon addresses registry.
2023-12-05T11:19:42.759+0600 [DEBUG] [org.gradle.cache.internal.DefaultFileLockManager] Releasing lock on daemon addresses registry.
2023-12-05T11:19:42.760+0600 [LIFECYCLE] [org.gradle.launcher.daemon.server.Daemon] Daemon server started.
2023-12-05T11:19:42.763+0600 [DEBUG] [org.gradle.launcher.daemon.bootstrap.DaemonStartupCommunication] Completed writing the daemon greeting. Closing streams...
2023-12-05T11:19:42.775+0600 [DEBUG] [org.gradle.launcher.daemon.server.Daemon] stopOnExpiration() called on daemon
2023-12-05T11:19:42.782+0600 [DEBUG] [org.gradle.internal.remote.internal.inet.TcpIncomingConnector] Accepted connection from /127.0.0.1:54928 to /127.0.0.1:41265.
2023-12-05T11:19:42.786+0600 [DEBUG] [org.gradle.launcher.daemon.server.Daemon] awaitExpiration() called on daemon
2023-12-05T11:19:42.787+0600 [DEBUG] [org.gradle.launcher.daemon.server.DaemonStateCoordinator] daemon is running. Sleeping until state changes.
2023-12-05T11:19:42.839+0600 [DEBUG] [org.gradle.launcher.daemon.server.SynchronizedDispatchConnection] thread 20: received class org.gradle.launcher.daemon.protocol.Build
2023-12-05T11:19:42.840+0600 [DEBUG] [org.gradle.launcher.daemon.server.DefaultDaemonConnection] thread 20: Received non-IO message from client: Build{id=45b294e6-cf5c-404b-ad39-8dfdb457fa36, currentDir=/home/user/AndroidStudioProjects}
2023-12-05T11:19:42.840+0600 [INFO] [org.gradle.launcher.daemon.server.DefaultIncomingConnectionHandler] Received command: Build{id=45b294e6-cf5c-404b-ad39-8dfdb457fa36, currentDir=/home/user/AndroidStudioProjects}.
2023-12-05T11:19:42.841+0600 [DEBUG] [org.gradle.launcher.daemon.server.DefaultIncomingConnectionHandler] Starting executing command: Build{id=45b294e6-cf5c-404b-ad39-8dfdb457fa36, currentDir=/home/user/AndroidStudioProjects} with connection: socket connection from /127.0.0.1:41265 to /127.0.0.1:54928.
2023-12-05T11:19:42.846+0600 [DEBUG] [org.gradle.launcher.daemon.server.DaemonStateCoordinator] Command execution: started DaemonCommandExecution[command = Build{id=45b294e6-cf5c-404b-ad39-8dfdb457fa36, currentDir=/home/user/AndroidStudioProjects}, connection = DefaultDaemonConnection: socket connection from /127.0.0.1:41265 to /127.0.0.1:54928] after 0.0 minutes of idle
2023-12-05T11:19:42.846+0600 [INFO] [org.gradle.launcher.daemon.server.DaemonRegistryUpdater] Marking the daemon as busy, address: [aabc518c-5a4f-4bc2-8512-5813190b7b3a port:41265, addresses:[localhost/127.0.0.1]]
2023-12-05T11:19:42.847+0600 [DEBUG] [org.gradle.launcher.daemon.registry.PersistentDaemonRegistry] Marking busy by address: [aabc518c-5a4f-4bc2-8512-5813190b7b3a port:41265, addresses:[localhost/127.0.0.1]]
2023-12-05T11:19:42.848+0600 [DEBUG] [org.gradle.cache.internal.DefaultFileLockManager] Waiting to acquire exclusive lock on daemon addresses registry.
2023-12-05T11:19:42.849+0600 [DEBUG] [org.gradle.cache.internal.DefaultFileLockManager] Lock acquired on daemon addresses registry.
2023-12-05T11:19:42.851+0600 [DEBUG] [org.gradle.cache.internal.DefaultFileLockManager] Releasing lock on daemon addresses registry.
2023-12-05T11:19:42.852+0600 [DEBUG] [org.gradle.launcher.daemon.server.DaemonStateCoordinator] resetting idle timer
2023-12-05T11:19:42.852+0600 [DEBUG] [org.gradle.launcher.daemon.server.DaemonStateCoordinator] daemon is running. Sleeping until state changes.
2023-12-05T11:19:42.853+0600 [INFO] [org.gradle.launcher.daemon.server.exec.StartBuildOrRespondWithBusy] Daemon is about to start building Build{id=45b294e6-cf5c-404b-ad39-8dfdb457fa36, currentDir=/home/user/AndroidStudioProjects}. Dispatching build started information...
2023-12-05T11:19:42.854+0600 [DEBUG] [org.gradle.launcher.daemon.server.SynchronizedDispatchConnection] thread 22: dispatching org.gradle.launcher.daemon.protocol.BuildStarted@3ada7516
2023-12-05T11:19:42.858+0600 [DEBUG] [org.gradle.launcher.daemon.server.exec.EstablishBuildEnvironment] Configuring env variables: [PATH, XAUTHORITY, INVOCATION_ID, LC_MEASUREMENT, XMODIFIERS, LC_TELEPHONE, GDMSESSION, XDG_DATA_DIRS, LC_TIME, SNAP_COMMON, SNAP_INSTANCE_KEY, DBUS_SESSION_BUS_ADDRESS, SNAP_USER_COMMON, SNAP_REVISION, XDG_CURRENT_DESKTOP, JOURNAL_STREAM, LC_PAPER, USERNAME, SESSION_MANAGER, LOGNAME, PWD, MANAGERPID, IM_CONFIG_PHASE, SNAP_UID, GJS_DEBUG_TOPICS, SHELL, LC_ADDRESS, GIO_LAUNCHED_DESKTOP_FILE, BAMF_DESKTOP_FILE_HINT, GNOME_DESKTOP_SESSION_ID, GTK_MODULES, DEBUGINFOD_URLS, SNAP_ARCH, SYSTEMD_EXEC_PID, GNOME_SETUP_DISPLAY, SNAP_LIBRARY_PATH, XDG_SESSION_DESKTOP, SSH_AGENT_LAUNCHER, SHLVL, LC_IDENTIFICATION, SNAP_EUID, LC_MONETARY, SNAP_NAME, QT_IM_MODULE, XDG_CONFIG_DIRS, LANG, SNAP_INSTANCE_NAME, XDG_SESSION_TYPE, SNAP_USER_DATA, DISPLAY, SNAP_REEXEC, WAYLAND_DISPLAY, SNAP_VERSION, LC_NAME, _, XDG_SESSION_CLASS, SNAP_DATA, DESKTOP_SESSION, SNAP, USER, SNAP_REAL_HOME, XDG_MENU_PREFIX, GIO_LAUNCHED_DESKTOP_FILE_PID, PULSE_SERVER, QT_ACCESSIBILITY, GJS_DEBUG_OUTPUT, LC_NUMERIC, SSH_AUTH_SOCK, GNOME_SHELL_SESSION_MODE, SNAP_CONTEXT, XDG_RUNTIME_DIR, HOME, SNAP_COOKIE]
2023-12-05T11:19:42.867+0600 [DEBUG] [org.gradle.launcher.daemon.server.exec.LogToClient] About to start relaying all logs to the client via the connection.
2023-12-05T11:19:42.868+0600 [INFO] [org.gradle.launcher.daemon.server.exec.LogToClient] The client will now receive all logging from the daemon (pid: 3850). The daemon log file: /home/user/AndroidStudioProjects/daemon/8.0/daemon-3850.out.log
2023-12-05T11:19:42.871+0600 [DEBUG] [org.gradle.launcher.daemon.server.SynchronizedDispatchConnection] thread 20: received class org.gradle.launcher.daemon.protocol.CloseInput
2023-12-05T11:19:42.872+0600 [DEBUG] [org.gradle.launcher.daemon.server.DefaultDaemonConnection] thread 20: Received IO message from client: org.gradle.launcher.daemon.protocol.CloseInput@72bbbda9
2023-12-05T11:19:42.873+0600 [INFO] [org.gradle.launcher.daemon.server.exec.LogAndCheckHealth] Starting build in new daemon [memory: 512 MiB]
2023-12-05T11:19:42.875+0600 [INFO] [org.gradle.launcher.daemon.server.exec.ForwardClientInput] Closing daemon's stdin at end of input.
2023-12-05T11:19:42.875+0600 [INFO] [org.gradle.launcher.daemon.server.exec.ForwardClientInput] The daemon will no longer process any standard input.
2023-12-05T11:19:42.883+0600 [DEBUG] [org.gradle.launcher.daemon.server.exec.ExecuteBuild] The daemon has started executing the build.
2023-12-05T11:19:42.883+0600 [DEBUG] [org.gradle.launcher.daemon.server.exec.ExecuteBuild] Executing build with daemon context: DefaultDaemonContext[uid=b9f480c6-ae71-4bd1-ad09-1a0dc5b7b8d7,javaHome=/snap/android-studio/128/android-studio/jbr,daemonRegistryDir=/home/user/AndroidStudioProjects/daemon,pid=3850,idleTimeout=10800000,priority=NORMAL,daemonOpts=--add-opens=java.base/java.util=ALL-UNNAMED,--add-opens=java.base/java.lang=ALL-UNNAMED,--add-opens=java.base/java.lang.invoke=ALL-UNNAMED,--add-opens=java.prefs/java.util.prefs=ALL-UNNAMED,--add-opens=java.base/java.nio.charset=ALL-UNNAMED,--add-opens=java.base/java.net=ALL-UNNAMED,--add-opens=java.base/java.util.concurrent.atomic=ALL-UNNAMED,-XX:MaxMetaspaceSize=256m,-XX:+HeapDumpOnOutOfMemoryError,-Xms256m,-Xmx512m,-Dfile.encoding=UTF-8,-Duser.country=RU,-Duser.language=ru,-Duser.variant]
thread 20: client disconnection detected, canceling the build
Unable to execute command Build{id=45b294e6-cf5c-404b-ad39-8dfdb457fa36, currentDir=/home/user/AndroidStudioProjects} from socket connection from /127.0.0.1:41265 to /127.0.0.1:54928. Dispatching the failure to the daemon client
org.gradle.internal.remote.internal.MessageIOException: Could not write '/127.0.0.1:54928'.
	at org.gradle.internal.remote.internal.inet.SocketConnection.flush(SocketConnection.java:140)
	at org.gradle.launcher.daemon.server.SynchronizedDispatchConnection.dispatchAndFlush(SynchronizedDispatchConnection.java:57)
	at org.gradle.launcher.daemon.server.DefaultDaemonConnection.completed(DefaultDaemonConnection.java:149)
	at org.gradle.launcher.daemon.server.exec.StartBuildOrRespondWithBusy.doBuild(StartBuildOrRespondWithBusy.java:61)
	at org.gradle.launcher.daemon.server.exec.BuildCommandOnly.execute(BuildCommandOnly.java:37)
	at org.gradle.launcher.daemon.server.api.DaemonCommandExecution.proceed(DaemonCommandExecution.java:104)
	at org.gradle.launcher.daemon.server.exec.ReturnResult.execute(ReturnResult.java:36)
	at org.gradle.launcher.daemon.server.api.DaemonCommandExecution.proceed(DaemonCommandExecution.java:104)
	at org.gradle.launcher.daemon.server.api.HandleReportStatus.execute(HandleReportStatus.java:33)
	at org.gradle.launcher.daemon.server.api.DaemonCommandExecution.proceed(DaemonCommandExecution.java:104)
	at org.gradle.launcher.daemon.server.exec.HandleCancel.execute(HandleCancel.java:39)
	at org.gradle.launcher.daemon.server.api.DaemonCommandExecution.proceed(DaemonCommandExecution.java:104)
	at org.gradle.launcher.daemon.server.api.HandleInvalidateVirtualFileSystem.execute(HandleInvalidateVirtualFileSystem.java:46)
	at org.gradle.launcher.daemon.server.api.DaemonCommandExecution.proceed(DaemonCommandExecution.java:104)
	at org.gradle.launcher.daemon.server.api.HandleStop.execute(HandleStop.java:46)
	at org.gradle.launcher.daemon.server.api.DaemonCommandExecution.proceed(DaemonCommandExecution.java:104)
	at org.gradle.launcher.daemon.server.exec.DaemonCommandExecuter.executeCommand(DaemonCommandExecuter.java:55)
	at org.gradle.launcher.daemon.server.DefaultIncomingConnectionHandler$ConnectionWorker.handleCommand(DefaultIncomingConnectionHandler.java:161)
	at org.gradle.launcher.daemon.server.DefaultIncomingConnectionHandler$ConnectionWorker.receiveAndHandleCommand(DefaultIncomingConnectionHandler.java:134)
	at org.gradle.launcher.daemon.server.DefaultIncomingConnectionHandler$ConnectionWorker.run(DefaultIncomingConnectionHandler.java:122)
	at org.gradle.internal.concurrent.ExecutorPolicy$CatchAndRecordFailures.onExecute(ExecutorPolicy.java:64)
	at org.gradle.internal.concurrent.ManagedExecutorImpl$1.run(ManagedExecutorImpl.java:49)
	at java.base/java.util.concurrent.ThreadPoolExecutor.runWorker(ThreadPoolExecutor.java:1136)
	at java.base/java.util.concurrent.ThreadPoolExecutor$Worker.run(ThreadPoolExecutor.java:635)
	at java.base/java.lang.Thread.run(Thread.java:833)
Caused by: java.io.IOException: Обрыв канала
	at java.base/sun.nio.ch.FileDispatcherImpl.write0(Native Method)
	at java.base/sun.nio.ch.SocketDispatcher.write(SocketDispatcher.java:62)
	at java.base/sun.nio.ch.IOUtil.writeFromNativeBuffer(IOUtil.java:132)
	at java.base/sun.nio.ch.IOUtil.write(IOUtil.java:76)
	at java.base/sun.nio.ch.IOUtil.write(IOUtil.java:53)
	at java.base/sun.nio.ch.SocketChannelImpl.write(SocketChannelImpl.java:532)
	at org.gradle.internal.remote.internal.inet.SocketConnection$SocketOutputStream.writeWithNonBlockingRetry(SocketConnection.java:279)
	at org.gradle.internal.remote.internal.inet.SocketConnection$SocketOutputStream.writeBufferToChannel(SocketConnection.java:267)
	at org.gradle.internal.remote.internal.inet.SocketConnection$SocketOutputStream.flush(SocketConnection.java:261)
	at org.gradle.internal.remote.internal.inet.SocketConnection.flush(SocketConnection.java:138)
	... 24 more
Daemon vm is shutting down... The daemon has exited normally or was terminated in response to a user interrupt.
