2023-12-02T23:57:32.970+0600 [DEBUG] [org.gradle.launcher.daemon.bootstrap.DaemonMain] Assuming the daemon was started with following jvm opts: [--add-opens=java.base/java.util.concurrent.atomic=ALL-UNNAMED, -XX:MaxMetaspaceSize=256m, -XX:+HeapDumpOnOutOfMemoryError, --add-opens=java.base/java.util=ALL-UNNAMED, --add-opens=java.base/java.lang=ALL-UNNAMED, --add-opens=java.base/java.lang.invoke=ALL-UNNAMED, --add-opens=java.prefs/java.util.prefs=ALL-UNNAMED, --add-opens=java.base/java.nio.charset=ALL-UNNAMED, --add-opens=java.base/java.net=ALL-UNNAMED, --add-opens=java.base/java.util.concurrent.atomic=ALL-UNNAMED, -Xms256m, -Xmx512m, -Dfile.encoding=UTF-8, -Duser.country=RU, -Duser.language=ru, -Duser.variant]
2023-12-02T23:57:33.320+0600 [INFO] [org.gradle.launcher.daemon.server.Daemon] start() called on daemon - DefaultDaemonContext[uid=389109bb-7c00-4438-98a3-fb4afaad381a,javaHome=/snap/android-studio/128/android-studio/jbr,daemonRegistryDir=/home/user/AndroidStudioProjects/daemon,pid=6026,idleTimeout=10800000,priority=NORMAL,daemonOpts=--add-opens=java.base/java.util.concurrent.atomic=ALL-UNNAMED,-XX:MaxMetaspaceSize=256m,-XX:+HeapDumpOnOutOfMemoryError,--add-opens=java.base/java.util=ALL-UNNAMED,--add-opens=java.base/java.lang=ALL-UNNAMED,--add-opens=java.base/java.lang.invoke=ALL-UNNAMED,--add-opens=java.prefs/java.util.prefs=ALL-UNNAMED,--add-opens=java.base/java.nio.charset=ALL-UNNAMED,--add-opens=java.base/java.net=ALL-UNNAMED,--add-opens=java.base/java.util.concurrent.atomic=ALL-UNNAMED,-Xms256m,-Xmx512m,-Dfile.encoding=UTF-8,-Duser.country=RU,-Duser.language=ru,-Duser.variant]
2023-12-02T23:57:33.386+0600 [DEBUG] [org.gradle.internal.remote.internal.inet.InetAddresses] Adding IP addresses for network interface wlp2s0
2023-12-02T23:57:33.387+0600 [DEBUG] [org.gradle.internal.remote.internal.inet.InetAddresses] Is this a loopback interface? false
2023-12-02T23:57:33.387+0600 [DEBUG] [org.gradle.internal.remote.internal.inet.InetAddresses] Adding remote address /fe80:0:0:0:e31a:2dec:2f3f:8fe0%wlp2s0
2023-12-02T23:57:33.388+0600 [DEBUG] [org.gradle.internal.remote.internal.inet.InetAddresses] Adding remote address /192.168.0.108
2023-12-02T23:57:33.388+0600 [DEBUG] [org.gradle.internal.remote.internal.inet.InetAddresses] Adding IP addresses for network interface lo
2023-12-02T23:57:33.389+0600 [DEBUG] [org.gradle.internal.remote.internal.inet.InetAddresses] Is this a loopback interface? true
2023-12-02T23:57:33.390+0600 [DEBUG] [org.gradle.internal.remote.internal.inet.InetAddresses] Adding loopback address /0:0:0:0:0:0:0:1%lo
2023-12-02T23:57:33.390+0600 [DEBUG] [org.gradle.internal.remote.internal.inet.InetAddresses] Adding loopback address /127.0.0.1
2023-12-02T23:57:33.394+0600 [DEBUG] [org.gradle.internal.remote.internal.inet.TcpIncomingConnector] Listening on [6552caa2-17d4-4719-ba3e-d0f2670ed940 port:37061, addresses:[localhost/127.0.0.1]].
2023-12-02T23:57:33.407+0600 [DEBUG] [org.gradle.launcher.daemon.server.Daemon] Daemon starting at: Sat Dec 02 23:57:33 KGT 2023, with address: [6552caa2-17d4-4719-ba3e-d0f2670ed940 port:37061, addresses:[localhost/127.0.0.1]]
2023-12-02T23:57:33.408+0600 [INFO] [org.gradle.launcher.daemon.server.DaemonRegistryUpdater] Advertising the daemon address to the clients: [6552caa2-17d4-4719-ba3e-d0f2670ed940 port:37061, addresses:[localhost/127.0.0.1]]
2023-12-02T23:57:33.408+0600 [DEBUG] [org.gradle.launcher.daemon.server.DaemonRegistryUpdater] Advertised daemon context: DefaultDaemonContext[uid=389109bb-7c00-4438-98a3-fb4afaad381a,javaHome=/snap/android-studio/128/android-studio/jbr,daemonRegistryDir=/home/user/AndroidStudioProjects/daemon,pid=6026,idleTimeout=10800000,priority=NORMAL,daemonOpts=--add-opens=java.base/java.util.concurrent.atomic=ALL-UNNAMED,-XX:MaxMetaspaceSize=256m,-XX:+HeapDumpOnOutOfMemoryError,--add-opens=java.base/java.util=ALL-UNNAMED,--add-opens=java.base/java.lang=ALL-UNNAMED,--add-opens=java.base/java.lang.invoke=ALL-UNNAMED,--add-opens=java.prefs/java.util.prefs=ALL-UNNAMED,--add-opens=java.base/java.nio.charset=ALL-UNNAMED,--add-opens=java.base/java.net=ALL-UNNAMED,--add-opens=java.base/java.util.concurrent.atomic=ALL-UNNAMED,-Xms256m,-Xmx512m,-Dfile.encoding=UTF-8,-Duser.country=RU,-Duser.language=ru,-Duser.variant]
2023-12-02T23:57:33.410+0600 [DEBUG] [org.gradle.launcher.daemon.registry.PersistentDaemonRegistry] Storing daemon address: [6552caa2-17d4-4719-ba3e-d0f2670ed940 port:37061, addresses:[localhost/127.0.0.1]], context: DefaultDaemonContext[uid=389109bb-7c00-4438-98a3-fb4afaad381a,javaHome=/snap/android-studio/128/android-studio/jbr,daemonRegistryDir=/home/user/AndroidStudioProjects/daemon,pid=6026,idleTimeout=10800000,priority=NORMAL,daemonOpts=--add-opens=java.base/java.util.concurrent.atomic=ALL-UNNAMED,-XX:MaxMetaspaceSize=256m,-XX:+HeapDumpOnOutOfMemoryError,--add-opens=java.base/java.util=ALL-UNNAMED,--add-opens=java.base/java.lang=ALL-UNNAMED,--add-opens=java.base/java.lang.invoke=ALL-UNNAMED,--add-opens=java.prefs/java.util.prefs=ALL-UNNAMED,--add-opens=java.base/java.nio.charset=ALL-UNNAMED,--add-opens=java.base/java.net=ALL-UNNAMED,--add-opens=java.base/java.util.concurrent.atomic=ALL-UNNAMED,-Xms256m,-Xmx512m,-Dfile.encoding=UTF-8,-Duser.country=RU,-Duser.language=ru,-Duser.variant]
2023-12-02T23:57:33.426+0600 [DEBUG] [org.gradle.cache.internal.DefaultFileLockManager] Waiting to acquire exclusive lock on daemon addresses registry.
2023-12-02T23:57:33.433+0600 [DEBUG] [org.gradle.cache.internal.DefaultFileLockManager] Lock acquired on daemon addresses registry.
2023-12-02T23:57:33.442+0600 [DEBUG] [org.gradle.cache.internal.DefaultFileLockManager] Releasing lock on daemon addresses registry.
2023-12-02T23:57:33.443+0600 [LIFECYCLE] [org.gradle.launcher.daemon.server.Daemon] Daemon server started.
2023-12-02T23:57:33.445+0600 [DEBUG] [org.gradle.launcher.daemon.bootstrap.DaemonStartupCommunication] Completed writing the daemon greeting. Closing streams...
2023-12-02T23:57:33.451+0600 [DEBUG] [org.gradle.internal.remote.internal.inet.TcpIncomingConnector] Accepted connection from /127.0.0.1:54160 to /127.0.0.1:37061.
2023-12-02T23:57:33.458+0600 [DEBUG] [org.gradle.launcher.daemon.server.Daemon] stopOnExpiration() called on daemon
2023-12-02T23:57:33.459+0600 [DEBUG] [org.gradle.launcher.daemon.server.Daemon] awaitExpiration() called on daemon
2023-12-02T23:57:33.461+0600 [DEBUG] [org.gradle.launcher.daemon.server.DaemonStateCoordinator] daemon is running. Sleeping until state changes.
2023-12-02T23:57:33.588+0600 [DEBUG] [org.gradle.launcher.daemon.server.SynchronizedDispatchConnection] thread 20: received class org.gradle.launcher.daemon.protocol.Build
2023-12-02T23:57:33.589+0600 [DEBUG] [org.gradle.launcher.daemon.server.DefaultDaemonConnection] thread 20: Received non-IO message from client: Build{id=c180db6b-456d-4a0f-9f13-a27ad3e23cdc, currentDir=/home/user/AndroidStudioProjects}
2023-12-02T23:57:33.594+0600 [INFO] [org.gradle.launcher.daemon.server.DefaultIncomingConnectionHandler] Received command: Build{id=c180db6b-456d-4a0f-9f13-a27ad3e23cdc, currentDir=/home/user/AndroidStudioProjects}.
2023-12-02T23:57:33.595+0600 [DEBUG] [org.gradle.launcher.daemon.server.DefaultIncomingConnectionHandler] Starting executing command: Build{id=c180db6b-456d-4a0f-9f13-a27ad3e23cdc, currentDir=/home/user/AndroidStudioProjects} with connection: socket connection from /127.0.0.1:37061 to /127.0.0.1:54160.
2023-12-02T23:57:33.601+0600 [DEBUG] [org.gradle.launcher.daemon.server.DaemonStateCoordinator] Command execution: started DaemonCommandExecution[command = Build{id=c180db6b-456d-4a0f-9f13-a27ad3e23cdc, currentDir=/home/user/AndroidStudioProjects}, connection = DefaultDaemonConnection: socket connection from /127.0.0.1:37061 to /127.0.0.1:54160] after 0.0 minutes of idle
2023-12-02T23:57:33.602+0600 [INFO] [org.gradle.launcher.daemon.server.DaemonRegistryUpdater] Marking the daemon as busy, address: [6552caa2-17d4-4719-ba3e-d0f2670ed940 port:37061, addresses:[localhost/127.0.0.1]]
2023-12-02T23:57:33.603+0600 [DEBUG] [org.gradle.launcher.daemon.registry.PersistentDaemonRegistry] Marking busy by address: [6552caa2-17d4-4719-ba3e-d0f2670ed940 port:37061, addresses:[localhost/127.0.0.1]]
2023-12-02T23:57:33.604+0600 [DEBUG] [org.gradle.cache.internal.DefaultFileLockManager] Waiting to acquire exclusive lock on daemon addresses registry.
2023-12-02T23:57:33.606+0600 [DEBUG] [org.gradle.cache.internal.DefaultFileLockManager] Lock acquired on daemon addresses registry.
2023-12-02T23:57:33.608+0600 [DEBUG] [org.gradle.cache.internal.DefaultFileLockManager] Releasing lock on daemon addresses registry.
2023-12-02T23:57:33.609+0600 [DEBUG] [org.gradle.launcher.daemon.server.DaemonStateCoordinator] resetting idle timer
2023-12-02T23:57:33.609+0600 [DEBUG] [org.gradle.launcher.daemon.server.DaemonStateCoordinator] daemon is running. Sleeping until state changes.
2023-12-02T23:57:33.615+0600 [INFO] [org.gradle.launcher.daemon.server.exec.StartBuildOrRespondWithBusy] Daemon is about to start building Build{id=c180db6b-456d-4a0f-9f13-a27ad3e23cdc, currentDir=/home/user/AndroidStudioProjects}. Dispatching build started information...
2023-12-02T23:57:33.618+0600 [DEBUG] [org.gradle.launcher.daemon.server.SynchronizedDispatchConnection] thread 22: dispatching org.gradle.launcher.daemon.protocol.BuildStarted@358f2d15
2023-12-02T23:57:33.626+0600 [DEBUG] [org.gradle.launcher.daemon.server.exec.EstablishBuildEnvironment] Configuring env variables: [PATH, XAUTHORITY, INVOCATION_ID, LC_MEASUREMENT, XMODIFIERS, LC_TELEPHONE, GDMSESSION, XDG_DATA_DIRS, LC_TIME, SNAP_COMMON, SNAP_INSTANCE_KEY, DBUS_SESSION_BUS_ADDRESS, SNAP_USER_COMMON, SNAP_REVISION, XDG_CURRENT_DESKTOP, JOURNAL_STREAM, LC_PAPER, USERNAME, SESSION_MANAGER, LOGNAME, PWD, MANAGERPID, IM_CONFIG_PHASE, SNAP_UID, GJS_DEBUG_TOPICS, SHELL, LC_ADDRESS, GIO_LAUNCHED_DESKTOP_FILE, BAMF_DESKTOP_FILE_HINT, GNOME_DESKTOP_SESSION_ID, GTK_MODULES, DEBUGINFOD_URLS, SNAP_ARCH, SYSTEMD_EXEC_PID, GNOME_SETUP_DISPLAY, SNAP_LIBRARY_PATH, XDG_SESSION_DESKTOP, SSH_AGENT_LAUNCHER, SHLVL, LC_IDENTIFICATION, SNAP_EUID, LC_MONETARY, SNAP_NAME, QT_IM_MODULE, XDG_CONFIG_DIRS, LANG, SNAP_INSTANCE_NAME, XDG_SESSION_TYPE, SNAP_USER_DATA, DISPLAY, SNAP_REEXEC, WAYLAND_DISPLAY, SNAP_VERSION, LC_NAME, _, XDG_SESSION_CLASS, SNAP_DATA, DESKTOP_SESSION, SNAP, USER, SNAP_REAL_HOME, XDG_MENU_PREFIX, GIO_LAUNCHED_DESKTOP_FILE_PID, PULSE_SERVER, QT_ACCESSIBILITY, GJS_DEBUG_OUTPUT, LC_NUMERIC, SSH_AUTH_SOCK, GNOME_SHELL_SESSION_MODE, SNAP_CONTEXT, XDG_RUNTIME_DIR, HOME, SNAP_COOKIE]
2023-12-02T23:57:33.638+0600 [DEBUG] [org.gradle.launcher.daemon.server.exec.LogToClient] About to start relaying all logs to the client via the connection.
2023-12-02T23:57:33.642+0600 [INFO] [org.gradle.launcher.daemon.server.exec.LogToClient] The client will now receive all logging from the daemon (pid: 6026). The daemon log file: /home/user/AndroidStudioProjects/daemon/8.0/daemon-6026.out.log
2023-12-02T23:57:33.653+0600 [INFO] [org.gradle.launcher.daemon.server.exec.LogAndCheckHealth] Starting build in new daemon [memory: 512 MiB]
2023-12-02T23:57:33.669+0600 [DEBUG] [org.gradle.launcher.daemon.server.exec.ExecuteBuild] The daemon has started executing the build.
2023-12-02T23:57:33.670+0600 [DEBUG] [org.gradle.launcher.daemon.server.exec.ExecuteBuild] Executing build with daemon context: DefaultDaemonContext[uid=389109bb-7c00-4438-98a3-fb4afaad381a,javaHome=/snap/android-studio/128/android-studio/jbr,daemonRegistryDir=/home/user/AndroidStudioProjects/daemon,pid=6026,idleTimeout=10800000,priority=NORMAL,daemonOpts=--add-opens=java.base/java.util.concurrent.atomic=ALL-UNNAMED,-XX:MaxMetaspaceSize=256m,-XX:+HeapDumpOnOutOfMemoryError,--add-opens=java.base/java.util=ALL-UNNAMED,--add-opens=java.base/java.lang=ALL-UNNAMED,--add-opens=java.base/java.lang.invoke=ALL-UNNAMED,--add-opens=java.prefs/java.util.prefs=ALL-UNNAMED,--add-opens=java.base/java.nio.charset=ALL-UNNAMED,--add-opens=java.base/java.net=ALL-UNNAMED,--add-opens=java.base/java.util.concurrent.atomic=ALL-UNNAMED,-Xms256m,-Xmx512m,-Dfile.encoding=UTF-8,-Duser.country=RU,-Duser.language=ru,-Duser.variant]
thread 20: received class org.gradle.launcher.daemon.protocol.CloseInput

BUILD SUCCESSFUL in 4m 57s
2023-12-03T00:02:28.285+0600 [DEBUG] [org.gradle.launcher.daemon.server.exec.ExecuteBuild] The daemon has finished executing the build.
2023-12-03T00:02:28.308+0600 [DEBUG] [org.gradle.launcher.daemon.server.DaemonStateCoordinator] daemon is running. Sleeping until state changes.
2023-12-03T00:02:28.308+0600 [DEBUG] [org.gradle.launcher.daemon.server.DaemonStateCoordinator] Command execution: finished waiting for DaemonCommandExecution[command = Build{id=c180db6b-456d-4a0f-9f13-a27ad3e23cdc, currentDir=/home/user/AndroidStudioProjects}, connection = DefaultDaemonConnection: socket connection from /127.0.0.1:37061 to /127.0.0.1:54160]. Result org.gradle.launcher.daemon.server.DaemonStateCoordinator@4af275b7 with state Busy
2023-12-03T00:02:28.309+0600 [DEBUG] [org.gradle.launcher.daemon.server.DaemonStateCoordinator] Command execution: completed DaemonCommandExecution[command = Build{id=c180db6b-456d-4a0f-9f13-a27ad3e23cdc, currentDir=/home/user/AndroidStudioProjects}, connection = DefaultDaemonConnection: socket connection from /127.0.0.1:37061 to /127.0.0.1:54160]
2023-12-03T00:02:28.309+0600 [DEBUG] [org.gradle.launcher.daemon.server.DaemonStateCoordinator] resetting idle timer
2023-12-03T00:02:28.310+0600 [INFO] [org.gradle.launcher.daemon.server.DaemonRegistryUpdater] Marking the daemon as idle, address: [6552caa2-17d4-4719-ba3e-d0f2670ed940 port:37061, addresses:[localhost/127.0.0.1]]
2023-12-03T00:02:28.310+0600 [DEBUG] [org.gradle.launcher.daemon.registry.PersistentDaemonRegistry] Marking busy by address: [6552caa2-17d4-4719-ba3e-d0f2670ed940 port:37061, addresses:[localhost/127.0.0.1]]
2023-12-03T00:02:28.311+0600 [DEBUG] [org.gradle.cache.internal.DefaultFileLockManager] Waiting to acquire exclusive lock on daemon addresses registry.
2023-12-03T00:02:28.311+0600 [DEBUG] [org.gradle.cache.internal.DefaultFileLockManager] Lock acquired on daemon addresses registry.
2023-12-03T00:02:28.317+0600 [DEBUG] [org.gradle.cache.internal.DefaultFileLockManager] Releasing lock on daemon addresses registry.
2023-12-03T00:02:28.318+0600 [DEBUG] [org.gradle.launcher.daemon.server.DaemonStateCoordinator] daemon is running. Sleeping until state changes.
2023-12-03T00:02:28.319+0600 [DEBUG] [org.gradle.launcher.daemon.server.exec.ReturnResult] Daemon is dispatching the build result: Success[value=org.gradle.launcher.exec.BuildActionResult@b6daccf]
2023-12-03T00:02:28.319+0600 [DEBUG] [org.gradle.launcher.daemon.server.SynchronizedDispatchConnection] thread 19: dispatching Success[value=org.gradle.launcher.exec.BuildActionResult@b6daccf]
2023-12-03T00:02:28.321+0600 [DEBUG] [org.gradle.launcher.daemon.server.SynchronizedDispatchConnection] thread 20: received class org.gradle.launcher.daemon.protocol.Finished
2023-12-03T00:02:28.322+0600 [DEBUG] [org.gradle.launcher.daemon.server.DefaultDaemonConnection] thread 20: Received non-IO message from client: org.gradle.launcher.daemon.protocol.Finished@1e7384c0
2023-12-03T00:02:28.323+0600 [DEBUG] [org.gradle.internal.remote.internal.inet.SocketConnection] Discarding EOFException: java.io.EOFException
2023-12-03T00:02:28.324+0600 [DEBUG] [org.gradle.launcher.daemon.server.SynchronizedDispatchConnection] thread 20: received null
2023-12-03T00:02:28.324+0600 [DEBUG] [org.gradle.launcher.daemon.server.DefaultDaemonConnection] thread 20: Received end-of-input from client.
2023-12-03T00:02:28.325+0600 [DEBUG] [org.gradle.launcher.daemon.server.DefaultIncomingConnectionHandler] Finishing executing command: Build{id=c180db6b-456d-4a0f-9f13-a27ad3e23cdc, currentDir=/home/user/AndroidStudioProjects}
2023-12-03T00:02:28.325+0600 [DEBUG] [org.gradle.launcher.daemon.server.DefaultIncomingConnectionHandler] Received finished message: null
2023-12-03T00:02:28.326+0600 [DEBUG] [org.gradle.launcher.daemon.server.SynchronizedDispatchConnection] thread 19: stopping connection
2023-12-03T00:02:28.332+0600 [DEBUG] [org.gradle.launcher.daemon.server.SynchronizedDispatchConnection] thread 19: stopping connection
2023-12-03T00:02:28.489+0600 [DEBUG] [org.gradle.process.internal.health.memory.DefaultMemoryManager] 402653184 memory requested, 401989632 free
2023-12-03T00:02:28.490+0600 [DEBUG] [org.gradle.workers.internal.WorkerDaemonExpiration] Will attempt to release 384 of memory
2023-12-03T00:02:28.491+0600 [DEBUG] [org.gradle.process.internal.health.memory.DefaultMemoryManager] 402653184 memory requested, 0 released, 401989632 free
2023-12-03T00:02:33.459+0600 [DEBUG] [org.gradle.cache.internal.DefaultFileLockManager] Waiting to acquire shared lock on daemon addresses registry.
2023-12-03T00:02:33.460+0600 [DEBUG] [org.gradle.cache.internal.DefaultFileLockManager] Lock acquired on daemon addresses registry.
2023-12-03T00:02:33.462+0600 [DEBUG] [org.gradle.cache.internal.DefaultFileLockManager] Releasing lock on daemon addresses registry.
2023-12-03T00:02:33.463+0600 [DEBUG] [org.gradle.cache.internal.DefaultFileLockManager] Waiting to acquire shared lock on daemon addresses registry.
2023-12-03T00:02:33.463+0600 [DEBUG] [org.gradle.cache.internal.DefaultFileLockManager] Lock acquired on daemon addresses registry.
2023-12-03T00:02:33.464+0600 [DEBUG] [org.gradle.cache.internal.DefaultFileLockManager] Releasing lock on daemon addresses registry.
2023-12-03T00:02:33.489+0600 [DEBUG] [org.gradle.process.internal.health.memory.DefaultMemoryManager] 402653184 memory requested, 351399936 free
2023-12-03T00:02:33.489+0600 [DEBUG] [org.gradle.workers.internal.WorkerDaemonExpiration] Will attempt to release 384 of memory
2023-12-03T00:02:33.489+0600 [DEBUG] [org.gradle.process.internal.health.memory.DefaultMemoryManager] 402653184 memory requested, 0 released, 351399936 free
2023-12-03T00:02:38.490+0600 [DEBUG] [org.gradle.process.internal.health.memory.DefaultMemoryManager] 402653184 memory requested, 226988032 free
2023-12-03T00:02:38.491+0600 [DEBUG] [org.gradle.workers.internal.WorkerDaemonExpiration] Will attempt to release 384 of memory
2023-12-03T00:02:38.491+0600 [DEBUG] [org.gradle.process.internal.health.memory.DefaultMemoryManager] 402653184 memory requested, 0 released, 226988032 free
2023-12-03T00:02:43.460+0600 [DEBUG] [org.gradle.cache.internal.DefaultFileLockManager] Waiting to acquire shared lock on daemon addresses registry.
2023-12-03T00:02:43.460+0600 [DEBUG] [org.gradle.cache.internal.DefaultFileLockManager] Lock acquired on daemon addresses registry.
2023-12-03T00:02:43.461+0600 [DEBUG] [org.gradle.cache.internal.DefaultFileLockManager] Releasing lock on daemon addresses registry.
2023-12-03T00:02:43.462+0600 [DEBUG] [org.gradle.cache.internal.DefaultFileLockManager] Waiting to acquire shared lock on daemon addresses registry.
2023-12-03T00:02:43.463+0600 [DEBUG] [org.gradle.cache.internal.DefaultFileLockManager] Lock acquired on daemon addresses registry.
2023-12-03T00:02:43.464+0600 [DEBUG] [org.gradle.cache.internal.DefaultFileLockManager] Releasing lock on daemon addresses registry.
2023-12-03T00:02:43.466+0600 [DEBUG] [org.gradle.cache.internal.DefaultFileLockManager] Waiting to acquire shared lock on daemon addresses registry.
2023-12-03T00:02:43.466+0600 [DEBUG] [org.gradle.cache.internal.DefaultFileLockManager] Lock acquired on daemon addresses registry.
2023-12-03T00:02:43.467+0600 [DEBUG] [org.gradle.cache.internal.DefaultFileLockManager] Releasing lock on daemon addresses registry.
2023-12-03T00:02:43.489+0600 [DEBUG] [org.gradle.process.internal.health.memory.DefaultMemoryManager] 402653184 memory requested, 317501440 free
2023-12-03T00:02:43.489+0600 [DEBUG] [org.gradle.workers.internal.WorkerDaemonExpiration] Will attempt to release 384 of memory
2023-12-03T00:02:43.490+0600 [DEBUG] [org.gradle.process.internal.health.memory.DefaultMemoryManager] 402653184 memory requested, 0 released, 317501440 free
2023-12-03T00:02:48.489+0600 [DEBUG] [org.gradle.process.internal.health.memory.DefaultMemoryManager] 402653184 memory requested, 298569728 free
2023-12-03T00:02:48.490+0600 [DEBUG] [org.gradle.workers.internal.WorkerDaemonExpiration] Will attempt to release 384 of memory
2023-12-03T00:02:48.490+0600 [DEBUG] [org.gradle.process.internal.health.memory.DefaultMemoryManager] 402653184 memory requested, 0 released, 298569728 free
2023-12-03T00:02:53.460+0600 [DEBUG] [org.gradle.cache.internal.DefaultFileLockManager] Waiting to acquire shared lock on daemon addresses registry.
2023-12-03T00:02:53.466+0600 [DEBUG] [org.gradle.cache.internal.DefaultFileLockManager] Lock acquired on daemon addresses registry.
2023-12-03T00:02:53.467+0600 [DEBUG] [org.gradle.cache.internal.DefaultFileLockManager] Releasing lock on daemon addresses registry.
2023-12-03T00:02:53.467+0600 [DEBUG] [org.gradle.cache.internal.DefaultFileLockManager] Waiting to acquire shared lock on daemon addresses registry.
2023-12-03T00:02:53.468+0600 [DEBUG] [org.gradle.cache.internal.DefaultFileLockManager] Lock acquired on daemon addresses registry.
2023-12-03T00:02:53.468+0600 [DEBUG] [org.gradle.cache.internal.DefaultFileLockManager] Releasing lock on daemon addresses registry.
2023-12-03T00:02:53.469+0600 [DEBUG] [org.gradle.cache.internal.DefaultFileLockManager] Waiting to acquire shared lock on daemon addresses registry.
2023-12-03T00:02:53.469+0600 [DEBUG] [org.gradle.cache.internal.DefaultFileLockManager] Lock acquired on daemon addresses registry.
2023-12-03T00:02:53.469+0600 [DEBUG] [org.gradle.cache.internal.DefaultFileLockManager] Releasing lock on daemon addresses registry.
2023-12-03T00:02:53.489+0600 [DEBUG] [org.gradle.process.internal.health.memory.DefaultMemoryManager] 402653184 memory requested, 317472768 free
2023-12-03T00:02:53.489+0600 [DEBUG] [org.gradle.workers.internal.WorkerDaemonExpiration] Will attempt to release 384 of memory
2023-12-03T00:02:53.490+0600 [DEBUG] [org.gradle.process.internal.health.memory.DefaultMemoryManager] 402653184 memory requested, 0 released, 317472768 free
2023-12-03T00:02:58.489+0600 [DEBUG] [org.gradle.process.internal.health.memory.DefaultMemoryManager] 402653184 memory requested, 241221632 free
2023-12-03T00:02:58.489+0600 [DEBUG] [org.gradle.workers.internal.WorkerDaemonExpiration] Will attempt to release 384 of memory
2023-12-03T00:02:58.489+0600 [DEBUG] [org.gradle.process.internal.health.memory.DefaultMemoryManager] 402653184 memory requested, 0 released, 241221632 free
2023-12-03T00:03:03.459+0600 [DEBUG] [org.gradle.cache.internal.DefaultFileLockManager] Waiting to acquire shared lock on daemon addresses registry.
2023-12-03T00:03:03.474+0600 [DEBUG] [org.gradle.cache.internal.DefaultFileLockManager] Lock acquired on daemon addresses registry.
2023-12-03T00:03:03.488+0600 [DEBUG] [org.gradle.process.internal.health.memory.DefaultMemoryManager] 402653184 memory requested, 323678208 free
2023-12-03T00:03:03.489+0600 [DEBUG] [org.gradle.workers.internal.WorkerDaemonExpiration] Will attempt to release 384 of memory
2023-12-03T00:03:03.489+0600 [DEBUG] [org.gradle.process.internal.health.memory.DefaultMemoryManager] 402653184 memory requested, 0 released, 323678208 free
2023-12-03T00:03:03.489+0600 [DEBUG] [org.gradle.cache.internal.DefaultFileLockManager] Releasing lock on daemon addresses registry.
2023-12-03T00:03:03.490+0600 [DEBUG] [org.gradle.cache.internal.DefaultFileLockManager] Waiting to acquire shared lock on daemon addresses registry.
2023-12-03T00:03:03.490+0600 [DEBUG] [org.gradle.cache.internal.DefaultFileLockManager] Lock acquired on daemon addresses registry.
2023-12-03T00:03:03.490+0600 [DEBUG] [org.gradle.cache.internal.DefaultFileLockManager] Releasing lock on daemon addresses registry.
2023-12-03T00:03:03.491+0600 [DEBUG] [org.gradle.cache.internal.DefaultFileLockManager] Waiting to acquire shared lock on daemon addresses registry.
2023-12-03T00:03:03.491+0600 [DEBUG] [org.gradle.cache.internal.DefaultFileLockManager] Lock acquired on daemon addresses registry.
2023-12-03T00:03:03.491+0600 [DEBUG] [org.gradle.cache.internal.DefaultFileLockManager] Releasing lock on daemon addresses registry.
2023-12-03T00:03:08.489+0600 [DEBUG] [org.gradle.process.internal.health.memory.DefaultMemoryManager] 402653184 memory requested, 328347648 free
2023-12-03T00:03:08.489+0600 [DEBUG] [org.gradle.workers.internal.WorkerDaemonExpiration] Will attempt to release 384 of memory
2023-12-03T00:03:08.489+0600 [DEBUG] [org.gradle.process.internal.health.memory.DefaultMemoryManager] 402653184 memory requested, 0 released, 328347648 free
2023-12-03T00:03:13.460+0600 [DEBUG] [org.gradle.cache.internal.DefaultFileLockManager] Waiting to acquire shared lock on daemon addresses registry.
2023-12-03T00:03:13.460+0600 [DEBUG] [org.gradle.cache.internal.DefaultFileLockManager] Lock acquired on daemon addresses registry.
2023-12-03T00:03:13.461+0600 [DEBUG] [org.gradle.cache.internal.DefaultFileLockManager] Releasing lock on daemon addresses registry.
2023-12-03T00:03:13.462+0600 [DEBUG] [org.gradle.cache.internal.DefaultFileLockManager] Waiting to acquire shared lock on daemon addresses registry.
2023-12-03T00:03:13.462+0600 [DEBUG] [org.gradle.cache.internal.DefaultFileLockManager] Lock acquired on daemon addresses registry.
2023-12-03T00:03:13.462+0600 [DEBUG] [org.gradle.cache.internal.DefaultFileLockManager] Releasing lock on daemon addresses registry.
2023-12-03T00:03:13.463+0600 [DEBUG] [org.gradle.cache.internal.DefaultFileLockManager] Waiting to acquire shared lock on daemon addresses registry.
2023-12-03T00:03:13.463+0600 [DEBUG] [org.gradle.cache.internal.DefaultFileLockManager] Lock acquired on daemon addresses registry.
2023-12-03T00:03:13.464+0600 [DEBUG] [org.gradle.cache.internal.DefaultFileLockManager] Releasing lock on daemon addresses registry.
2023-12-03T00:03:13.489+0600 [DEBUG] [org.gradle.process.internal.health.memory.DefaultMemoryManager] 402653184 memory requested, 306671616 free
2023-12-03T00:03:13.490+0600 [DEBUG] [org.gradle.workers.internal.WorkerDaemonExpiration] Will attempt to release 384 of memory
2023-12-03T00:03:13.490+0600 [DEBUG] [org.gradle.process.internal.health.memory.DefaultMemoryManager] 402653184 memory requested, 0 released, 306671616 free
2023-12-03T00:03:18.489+0600 [DEBUG] [org.gradle.process.internal.health.memory.DefaultMemoryManager] 402653184 memory requested, 293212160 free
2023-12-03T00:03:18.489+0600 [DEBUG] [org.gradle.workers.internal.WorkerDaemonExpiration] Will attempt to release 384 of memory
2023-12-03T00:03:18.489+0600 [DEBUG] [org.gradle.process.internal.health.memory.DefaultMemoryManager] 402653184 memory requested, 0 released, 293212160 free
2023-12-03T00:03:23.459+0600 [DEBUG] [org.gradle.cache.internal.DefaultFileLockManager] Waiting to acquire shared lock on daemon addresses registry.
2023-12-03T00:03:23.459+0600 [DEBUG] [org.gradle.cache.internal.DefaultFileLockManager] Lock acquired on daemon addresses registry.
2023-12-03T00:03:23.460+0600 [DEBUG] [org.gradle.cache.internal.DefaultFileLockManager] Releasing lock on daemon addresses registry.
2023-12-03T00:03:23.460+0600 [DEBUG] [org.gradle.cache.internal.DefaultFileLockManager] Waiting to acquire shared lock on daemon addresses registry.
2023-12-03T00:03:23.461+0600 [DEBUG] [org.gradle.cache.internal.DefaultFileLockManager] Lock acquired on daemon addresses registry.
2023-12-03T00:03:23.461+0600 [DEBUG] [org.gradle.cache.internal.DefaultFileLockManager] Releasing lock on daemon addresses registry.
2023-12-03T00:03:23.461+0600 [DEBUG] [org.gradle.cache.internal.DefaultFileLockManager] Waiting to acquire shared lock on daemon addresses registry.
2023-12-03T00:03:23.461+0600 [DEBUG] [org.gradle.cache.internal.DefaultFileLockManager] Lock acquired on daemon addresses registry.
2023-12-03T00:03:23.462+0600 [DEBUG] [org.gradle.cache.internal.DefaultFileLockManager] Releasing lock on daemon addresses registry.
2023-12-03T00:03:23.488+0600 [DEBUG] [org.gradle.process.internal.health.memory.DefaultMemoryManager] 402653184 memory requested, 238497792 free
2023-12-03T00:03:23.489+0600 [DEBUG] [org.gradle.workers.internal.WorkerDaemonExpiration] Will attempt to release 384 of memory
2023-12-03T00:03:23.489+0600 [DEBUG] [org.gradle.process.internal.health.memory.DefaultMemoryManager] 402653184 memory requested, 0 released, 238497792 free
2023-12-03T00:03:28.489+0600 [DEBUG] [org.gradle.process.internal.health.memory.DefaultMemoryManager] 402653184 memory requested, 219549696 free
2023-12-03T00:03:28.489+0600 [DEBUG] [org.gradle.workers.internal.WorkerDaemonExpiration] Will attempt to release 384 of memory
2023-12-03T00:03:28.490+0600 [DEBUG] [org.gradle.process.internal.health.memory.DefaultMemoryManager] 402653184 memory requested, 0 released, 219549696 free
2023-12-03T00:03:33.460+0600 [DEBUG] [org.gradle.cache.internal.DefaultFileLockManager] Waiting to acquire shared lock on daemon addresses registry.
2023-12-03T00:03:33.460+0600 [DEBUG] [org.gradle.cache.internal.DefaultFileLockManager] Lock acquired on daemon addresses registry.
2023-12-03T00:03:33.460+0600 [DEBUG] [org.gradle.cache.internal.DefaultFileLockManager] Releasing lock on daemon addresses registry.
2023-12-03T00:03:33.461+0600 [DEBUG] [org.gradle.cache.internal.DefaultFileLockManager] Waiting to acquire shared lock on daemon addresses registry.
2023-12-03T00:03:33.461+0600 [DEBUG] [org.gradle.cache.internal.DefaultFileLockManager] Lock acquired on daemon addresses registry.
2023-12-03T00:03:33.461+0600 [DEBUG] [org.gradle.cache.internal.DefaultFileLockManager] Releasing lock on daemon addresses registry.
2023-12-03T00:03:33.461+0600 [DEBUG] [org.gradle.cache.internal.DefaultFileLockManager] Waiting to acquire shared lock on daemon addresses registry.
2023-12-03T00:03:33.461+0600 [DEBUG] [org.gradle.cache.internal.DefaultFileLockManager] Lock acquired on daemon addresses registry.
2023-12-03T00:03:33.462+0600 [DEBUG] [org.gradle.cache.internal.DefaultFileLockManager] Releasing lock on daemon addresses registry.
2023-12-03T00:03:33.489+0600 [DEBUG] [org.gradle.process.internal.health.memory.DefaultMemoryManager] 402653184 memory requested, 191086592 free
2023-12-03T00:03:33.489+0600 [DEBUG] [org.gradle.workers.internal.WorkerDaemonExpiration] Will attempt to release 384 of memory
2023-12-03T00:03:33.489+0600 [DEBUG] [org.gradle.process.internal.health.memory.DefaultMemoryManager] 402653184 memory requested, 0 released, 191086592 free
2023-12-03T00:03:38.490+0600 [DEBUG] [org.gradle.process.internal.health.memory.DefaultMemoryManager] 402653184 memory requested, 216502272 free
2023-12-03T00:03:38.490+0600 [DEBUG] [org.gradle.workers.internal.WorkerDaemonExpiration] Will attempt to release 384 of memory
2023-12-03T00:03:38.491+0600 [DEBUG] [org.gradle.process.internal.health.memory.DefaultMemoryManager] 402653184 memory requested, 0 released, 216502272 free
2023-12-03T00:03:43.460+0600 [DEBUG] [org.gradle.cache.internal.DefaultFileLockManager] Waiting to acquire shared lock on daemon addresses registry.
2023-12-03T00:03:43.481+0600 [DEBUG] [org.gradle.cache.internal.DefaultFileLockManager] Lock acquired on daemon addresses registry.
2023-12-03T00:03:43.484+0600 [DEBUG] [org.gradle.cache.internal.DefaultFileLockManager] Releasing lock on daemon addresses registry.
2023-12-03T00:03:43.485+0600 [DEBUG] [org.gradle.cache.internal.DefaultFileLockManager] Waiting to acquire shared lock on daemon addresses registry.
2023-12-03T00:03:43.485+0600 [DEBUG] [org.gradle.cache.internal.DefaultFileLockManager] Lock acquired on daemon addresses registry.
2023-12-03T00:03:43.486+0600 [DEBUG] [org.gradle.cache.internal.DefaultFileLockManager] Releasing lock on daemon addresses registry.
2023-12-03T00:03:43.487+0600 [DEBUG] [org.gradle.cache.internal.DefaultFileLockManager] Waiting to acquire shared lock on daemon addresses registry.
2023-12-03T00:03:43.487+0600 [DEBUG] [org.gradle.cache.internal.DefaultFileLockManager] Lock acquired on daemon addresses registry.
2023-12-03T00:03:43.489+0600 [DEBUG] [org.gradle.process.internal.health.memory.DefaultMemoryManager] 402653184 memory requested, 295948288 free
2023-12-03T00:03:43.497+0600 [DEBUG] [org.gradle.workers.internal.WorkerDaemonExpiration] Will attempt to release 384 of memory
2023-12-03T00:03:43.497+0600 [DEBUG] [org.gradle.process.internal.health.memory.DefaultMemoryManager] 402653184 memory requested, 0 released, 295948288 free
2023-12-03T00:03:43.497+0600 [DEBUG] [org.gradle.cache.internal.DefaultFileLockManager] Releasing lock on daemon addresses registry.
2023-12-03T00:03:45.384+0600 [DEBUG] [org.gradle.cache.internal.LockOnDemandCrossProcessCacheAccess] Lock on journal cache (/home/user/AndroidStudioProjects/caches/journal-1) requested by another process - releasing lock.
2023-12-03T00:03:45.386+0600 [DEBUG] [org.gradle.cache.internal.LockOnDemandCrossProcessCacheAccess] Releasing file lock for journal cache (/home/user/AndroidStudioProjects/caches/journal-1)
2023-12-03T00:03:45.397+0600 [DEBUG] [org.gradle.cache.internal.btree.BTreePersistentIndexedCache] Closing cache file-access.bin (/home/user/AndroidStudioProjects/caches/journal-1/file-access.bin)
2023-12-03T00:03:45.410+0600 [DEBUG] [org.gradle.cache.internal.DefaultFileLockManager] Releasing lock on journal cache (/home/user/AndroidStudioProjects/caches/journal-1).
2023-12-03T00:03:45.417+0600 [DEBUG] [org.gradle.cache.internal.locklistener.FileLockCommunicator] Confirming lock release to Gradle process at port 40395 for lock with id -5397201295108813389.
2023-12-03T00:03:45.429+0600 [DEBUG] [org.gradle.cache.internal.locklistener.FileLockCommunicator] Confirming lock release to Gradle process at port 40395 for lock with id -5397201295108813389.
2023-12-03T00:03:45.767+0600 [DEBUG] [org.gradle.cache.internal.LockOnDemandCrossProcessCacheAccess] Lock on file hash cache (/home/user/AndroidStudioProjects/caches/8.0/fileHashes) requested by another process - releasing lock.
2023-12-03T00:03:45.767+0600 [DEBUG] [org.gradle.cache.internal.LockOnDemandCrossProcessCacheAccess] Releasing file lock for file hash cache (/home/user/AndroidStudioProjects/caches/8.0/fileHashes)
2023-12-03T00:03:45.768+0600 [DEBUG] [org.gradle.cache.internal.btree.BTreePersistentIndexedCache] Closing cache fileHashes.bin (/home/user/AndroidStudioProjects/caches/8.0/fileHashes/fileHashes.bin)
2023-12-03T00:03:45.780+0600 [DEBUG] [org.gradle.cache.internal.btree.BTreePersistentIndexedCache] Closing cache resourceHashesCache.bin (/home/user/AndroidStudioProjects/caches/8.0/fileHashes/resourceHashesCache.bin)
2023-12-03T00:03:45.780+0600 [DEBUG] [org.gradle.cache.internal.DefaultFileLockManager] Releasing lock on file hash cache (/home/user/AndroidStudioProjects/caches/8.0/fileHashes).
2023-12-03T00:03:45.781+0600 [DEBUG] [org.gradle.cache.internal.locklistener.FileLockCommunicator] Confirming lock release to Gradle process at port 40395 for lock with id -1442308788586054041.
2023-12-03T00:03:45.781+0600 [DEBUG] [org.gradle.cache.internal.locklistener.FileLockCommunicator] Confirming lock release to Gradle process at port 40395 for lock with id -1442308788586054041.
2023-12-03T00:03:46.824+0600 [DEBUG] [org.gradle.cache.internal.LockOnDemandCrossProcessCacheAccess] Lock on jars (/home/user/AndroidStudioProjects/caches/jars-9) requested by another process - releasing lock.
2023-12-03T00:03:46.825+0600 [DEBUG] [org.gradle.cache.internal.LockOnDemandCrossProcessCacheAccess] Releasing file lock for jars (/home/user/AndroidStudioProjects/caches/jars-9)
2023-12-03T00:03:46.825+0600 [DEBUG] [org.gradle.cache.internal.DefaultFileLockManager] Releasing lock on jars (/home/user/AndroidStudioProjects/caches/jars-9).
2023-12-03T00:03:46.825+0600 [DEBUG] [org.gradle.cache.internal.locklistener.FileLockCommunicator] Confirming lock release to Gradle process at port 40395 for lock with id 7172605806807056099.
2023-12-03T00:03:46.826+0600 [DEBUG] [org.gradle.cache.internal.locklistener.FileLockCommunicator] Confirming lock release to Gradle process at port 40395 for lock with id 7172605806807056099.
2023-12-03T00:03:48.231+0600 [DEBUG] [org.gradle.cache.internal.LockOnDemandCrossProcessCacheAccess] Lock on file content cache (/home/user/AndroidStudioProjects/caches/8.0/fileContent) requested by another process - releasing lock.
2023-12-03T00:03:48.231+0600 [DEBUG] [org.gradle.cache.internal.LockOnDemandCrossProcessCacheAccess] Releasing file lock for file content cache (/home/user/AndroidStudioProjects/caches/8.0/fileContent)
2023-12-03T00:03:48.232+0600 [DEBUG] [org.gradle.cache.internal.DefaultFileLockManager] Releasing lock on file content cache (/home/user/AndroidStudioProjects/caches/8.0/fileContent).
2023-12-03T00:03:48.233+0600 [DEBUG] [org.gradle.cache.internal.locklistener.FileLockCommunicator] Confirming lock release to Gradle process at port 40395 for lock with id -7236223866999512989.
2023-12-03T00:03:48.233+0600 [DEBUG] [org.gradle.cache.internal.locklistener.FileLockCommunicator] Confirming lock release to Gradle process at port 40395 for lock with id -7236223866999512989.
2023-12-03T00:03:48.489+0600 [DEBUG] [org.gradle.process.internal.health.memory.DefaultMemoryManager] 402653184 memory requested, 217436160 free
2023-12-03T00:03:48.489+0600 [DEBUG] [org.gradle.workers.internal.WorkerDaemonExpiration] Will attempt to release 384 of memory
2023-12-03T00:03:48.490+0600 [DEBUG] [org.gradle.process.internal.health.memory.DefaultMemoryManager] 402653184 memory requested, 0 released, 217436160 free
2023-12-03T00:03:48.800+0600 [DEBUG] [org.gradle.cache.internal.LockOnDemandCrossProcessCacheAccess] Lock on execution history cache (/home/user/AndroidStudioProjects/caches/8.0/executionHistory) requested by another process - releasing lock.
2023-12-03T00:03:48.800+0600 [DEBUG] [org.gradle.cache.internal.LockOnDemandCrossProcessCacheAccess] Releasing file lock for execution history cache (/home/user/AndroidStudioProjects/caches/8.0/executionHistory)
2023-12-03T00:03:48.800+0600 [DEBUG] [org.gradle.cache.internal.btree.BTreePersistentIndexedCache] Closing cache executionHistory.bin (/home/user/AndroidStudioProjects/caches/8.0/executionHistory/executionHistory.bin)
2023-12-03T00:03:48.802+0600 [DEBUG] [org.gradle.cache.internal.DefaultFileLockManager] Releasing lock on execution history cache (/home/user/AndroidStudioProjects/caches/8.0/executionHistory).
2023-12-03T00:03:48.803+0600 [DEBUG] [org.gradle.cache.internal.locklistener.FileLockCommunicator] Confirming lock release to Gradle process at port 40395 for lock with id -2042668769752309792.
2023-12-03T00:03:48.803+0600 [DEBUG] [org.gradle.cache.internal.locklistener.FileLockCommunicator] Confirming lock release to Gradle process at port 40395 for lock with id -2042668769752309792.
2023-12-03T00:03:53.459+0600 [DEBUG] [org.gradle.cache.internal.DefaultFileLockManager] Waiting to acquire shared lock on daemon addresses registry.
2023-12-03T00:03:53.460+0600 [DEBUG] [org.gradle.cache.internal.DefaultFileLockManager] Lock acquired on daemon addresses registry.
2023-12-03T00:03:53.461+0600 [DEBUG] [org.gradle.cache.internal.DefaultFileLockManager] Releasing lock on daemon addresses registry.
2023-12-03T00:03:53.462+0600 [DEBUG] [org.gradle.cache.internal.DefaultFileLockManager] Waiting to acquire shared lock on daemon addresses registry.
2023-12-03T00:03:53.463+0600 [DEBUG] [org.gradle.cache.internal.DefaultFileLockManager] Lock acquired on daemon addresses registry.
2023-12-03T00:03:53.463+0600 [DEBUG] [org.gradle.cache.internal.DefaultFileLockManager] Releasing lock on daemon addresses registry.
2023-12-03T00:03:53.464+0600 [DEBUG] [org.gradle.cache.internal.DefaultFileLockManager] Waiting to acquire shared lock on daemon addresses registry.
2023-12-03T00:03:53.466+0600 [DEBUG] [org.gradle.cache.internal.DefaultFileLockManager] Lock acquired on daemon addresses registry.
2023-12-03T00:03:53.466+0600 [DEBUG] [org.gradle.cache.internal.DefaultFileLockManager] Releasing lock on daemon addresses registry.
2023-12-03T00:03:53.490+0600 [DEBUG] [org.gradle.process.internal.health.memory.DefaultMemoryManager] 402653184 memory requested, 229597184 free
2023-12-03T00:03:53.491+0600 [DEBUG] [org.gradle.workers.internal.WorkerDaemonExpiration] Will attempt to release 384 of memory
2023-12-03T00:03:53.491+0600 [DEBUG] [org.gradle.process.internal.health.memory.DefaultMemoryManager] 402653184 memory requested, 0 released, 229597184 free
2023-12-03T00:03:53.896+0600 [DEBUG] [org.gradle.cache.internal.LockOnDemandCrossProcessCacheAccess] Lock on kotlin-dsl (/home/user/AndroidStudioProjects/caches/8.0/kotlin-dsl) requested by another process - releasing lock.
2023-12-03T00:03:53.896+0600 [DEBUG] [org.gradle.cache.internal.LockOnDemandCrossProcessCacheAccess] Releasing file lock for kotlin-dsl (/home/user/AndroidStudioProjects/caches/8.0/kotlin-dsl)
2023-12-03T00:03:53.898+0600 [DEBUG] [org.gradle.cache.internal.btree.BTreePersistentIndexedCache] Closing cache executionHistory.bin (/home/user/AndroidStudioProjects/caches/8.0/kotlin-dsl/executionHistory.bin)
2023-12-03T00:03:53.899+0600 [DEBUG] [org.gradle.cache.internal.DefaultFileLockManager] Releasing lock on kotlin-dsl (/home/user/AndroidStudioProjects/caches/8.0/kotlin-dsl).
2023-12-03T00:03:53.900+0600 [DEBUG] [org.gradle.cache.internal.locklistener.FileLockCommunicator] Confirming lock release to Gradle process at port 40395 for lock with id -1119748437219263699.
2023-12-03T00:03:53.900+0600 [DEBUG] [org.gradle.cache.internal.locklistener.FileLockCommunicator] Confirming lock release to Gradle process at port 40395 for lock with id -1119748437219263699.
2023-12-03T00:03:54.013+0600 [DEBUG] [org.gradle.cache.internal.LockOnDemandCrossProcessCacheAccess] Lock on Generated Gradle JARs cache (/home/user/AndroidStudioProjects/caches/8.0/generated-gradle-jars) requested by another process - releasing lock.
2023-12-03T00:03:54.013+0600 [DEBUG] [org.gradle.cache.internal.LockOnDemandCrossProcessCacheAccess] Releasing file lock for Generated Gradle JARs cache (/home/user/AndroidStudioProjects/caches/8.0/generated-gradle-jars)
2023-12-03T00:03:54.014+0600 [DEBUG] [org.gradle.cache.internal.DefaultFileLockManager] Releasing lock on Generated Gradle JARs cache (/home/user/AndroidStudioProjects/caches/8.0/generated-gradle-jars).
2023-12-03T00:03:54.014+0600 [DEBUG] [org.gradle.cache.internal.locklistener.FileLockCommunicator] Confirming lock release to Gradle process at port 40395 for lock with id 1044995895794555904.
2023-12-03T00:03:54.014+0600 [DEBUG] [org.gradle.cache.internal.locklistener.FileLockCommunicator] Confirming lock release to Gradle process at port 40395 for lock with id 1044995895794555904.
2023-12-03T00:03:58.940+0600 [DEBUG] [org.gradle.process.internal.health.memory.DefaultMemoryManager] 402653184 memory requested, 158003200 free
2023-12-03T00:03:58.941+0600 [DEBUG] [org.gradle.workers.internal.WorkerDaemonExpiration] Will attempt to release 384 of memory
2023-12-03T00:03:58.941+0600 [DEBUG] [org.gradle.process.internal.health.memory.DefaultMemoryManager] 402653184 memory requested, 0 released, 158003200 free
2023-12-03T00:03:59.566+0600 [DEBUG] [org.gradle.cache.internal.LockOnDemandCrossProcessCacheAccess] Lock on artifact cache (/home/user/AndroidStudioProjects/caches/modules-2) requested by another process - releasing lock.
2023-12-03T00:03:59.567+0600 [DEBUG] [org.gradle.cache.internal.LockOnDemandCrossProcessCacheAccess] Releasing file lock for artifact cache (/home/user/AndroidStudioProjects/caches/modules-2)
2023-12-03T00:03:59.574+0600 [DEBUG] [org.gradle.cache.internal.btree.BTreePersistentIndexedCache] Closing cache module-metadata.bin (/home/user/AndroidStudioProjects/caches/modules-2/metadata-2.100/module-metadata.bin)
2023-12-03T00:03:59.578+0600 [DEBUG] [org.gradle.cache.internal.btree.BTreePersistentIndexedCache] Closing cache module-artifact.bin (/home/user/AndroidStudioProjects/caches/modules-2/metadata-2.100/module-artifact.bin)
2023-12-03T00:03:59.579+0600 [DEBUG] [org.gradle.cache.internal.btree.BTreePersistentIndexedCache] Closing cache module-artifacts.bin (/home/user/AndroidStudioProjects/caches/modules-2/metadata-2.100/module-artifacts.bin)
2023-12-03T00:03:59.580+0600 [DEBUG] [org.gradle.cache.internal.btree.BTreePersistentIndexedCache] Closing cache resource-at-url.bin (/home/user/AndroidStudioProjects/caches/modules-2/metadata-2.100/resource-at-url.bin)
2023-12-03T00:03:59.582+0600 [DEBUG] [org.gradle.cache.internal.DefaultFileLockManager] Releasing lock on artifact cache (/home/user/AndroidStudioProjects/caches/modules-2).
2023-12-03T00:03:59.584+0600 [DEBUG] [org.gradle.cache.internal.locklistener.FileLockCommunicator] Confirming lock release to Gradle process at port 40395 for lock with id 8243415944872100255.
2023-12-03T00:03:59.585+0600 [DEBUG] [org.gradle.cache.internal.locklistener.FileLockCommunicator] Confirming lock release to Gradle process at port 40395 for lock with id 8243415944872100255.
2023-12-03T00:04:03.460+0600 [DEBUG] [org.gradle.cache.internal.DefaultFileLockManager] Waiting to acquire shared lock on daemon addresses registry.
2023-12-03T00:04:03.461+0600 [DEBUG] [org.gradle.cache.internal.DefaultFileLockManager] Lock acquired on daemon addresses registry.
2023-12-03T00:04:03.462+0600 [DEBUG] [org.gradle.cache.internal.DefaultFileLockManager] Releasing lock on daemon addresses registry.
2023-12-03T00:04:03.465+0600 [DEBUG] [org.gradle.cache.internal.DefaultFileLockManager] Waiting to acquire shared lock on daemon addresses registry.
2023-12-03T00:04:03.466+0600 [DEBUG] [org.gradle.cache.internal.DefaultFileLockManager] Lock acquired on daemon addresses registry.
2023-12-03T00:04:03.467+0600 [DEBUG] [org.gradle.cache.internal.DefaultFileLockManager] Releasing lock on daemon addresses registry.
2023-12-03T00:04:03.467+0600 [DEBUG] [org.gradle.cache.internal.DefaultFileLockManager] Waiting to acquire shared lock on daemon addresses registry.
2023-12-03T00:04:03.468+0600 [DEBUG] [org.gradle.cache.internal.DefaultFileLockManager] Lock acquired on daemon addresses registry.
2023-12-03T00:04:03.468+0600 [DEBUG] [org.gradle.cache.internal.DefaultFileLockManager] Releasing lock on daemon addresses registry.
2023-12-03T00:04:03.490+0600 [DEBUG] [org.gradle.process.internal.health.memory.DefaultMemoryManager] 402653184 memory requested, 229023744 free
2023-12-03T00:04:03.491+0600 [DEBUG] [org.gradle.workers.internal.WorkerDaemonExpiration] Will attempt to release 384 of memory
2023-12-03T00:04:03.491+0600 [DEBUG] [org.gradle.process.internal.health.memory.DefaultMemoryManager] 402653184 memory requested, 0 released, 229023744 free
2023-12-03T00:04:08.489+0600 [DEBUG] [org.gradle.process.internal.health.memory.DefaultMemoryManager] 402653184 memory requested, 218755072 free
2023-12-03T00:04:08.490+0600 [DEBUG] [org.gradle.workers.internal.WorkerDaemonExpiration] Will attempt to release 384 of memory
2023-12-03T00:04:08.490+0600 [DEBUG] [org.gradle.process.internal.health.memory.DefaultMemoryManager] 402653184 memory requested, 0 released, 218755072 free
2023-12-03T00:04:13.459+0600 [DEBUG] [org.gradle.cache.internal.DefaultFileLockManager] Waiting to acquire shared lock on daemon addresses registry.
2023-12-03T00:04:13.459+0600 [DEBUG] [org.gradle.cache.internal.DefaultFileLockManager] Lock acquired on daemon addresses registry.
2023-12-03T00:04:13.594+0600 [DEBUG] [org.gradle.cache.internal.DefaultFileLockManager] Releasing lock on daemon addresses registry.
2023-12-03T00:04:13.599+0600 [DEBUG] [org.gradle.cache.internal.DefaultFileLockManager] Waiting to acquire shared lock on daemon addresses registry.
2023-12-03T00:04:13.600+0600 [DEBUG] [org.gradle.cache.internal.DefaultFileLockManager] Lock acquired on daemon addresses registry.
2023-12-03T00:04:13.605+0600 [DEBUG] [org.gradle.cache.internal.DefaultFileLockManager] Releasing lock on daemon addresses registry.
2023-12-03T00:04:13.609+0600 [DEBUG] [org.gradle.process.internal.health.memory.DefaultMemoryManager] 402653184 memory requested, 239357952 free
2023-12-03T00:04:13.609+0600 [DEBUG] [org.gradle.cache.internal.DefaultFileLockManager] Waiting to acquire shared lock on daemon addresses registry.
2023-12-03T00:04:13.610+0600 [DEBUG] [org.gradle.workers.internal.WorkerDaemonExpiration] Will attempt to release 384 of memory
2023-12-03T00:04:13.610+0600 [DEBUG] [org.gradle.cache.internal.DefaultFileLockManager] Lock acquired on daemon addresses registry.
2023-12-03T00:04:13.612+0600 [DEBUG] [org.gradle.process.internal.health.memory.DefaultMemoryManager] 402653184 memory requested, 0 released, 239357952 free
2023-12-03T00:04:13.613+0600 [DEBUG] [org.gradle.cache.internal.DefaultFileLockManager] Releasing lock on daemon addresses registry.
2023-12-03T00:04:14.831+0600 [DEBUG] [org.gradle.cache.internal.LockOnDemandCrossProcessCacheAccess] Lock on Artifact transforms cache (/home/user/AndroidStudioProjects/caches/transforms-3) requested by another process - releasing lock.
2023-12-03T00:04:14.832+0600 [DEBUG] [org.gradle.cache.internal.LockOnDemandCrossProcessCacheAccess] Releasing file lock for Artifact transforms cache (/home/user/AndroidStudioProjects/caches/transforms-3)
2023-12-03T00:04:14.833+0600 [DEBUG] [org.gradle.cache.internal.DefaultFileLockManager] Releasing lock on Artifact transforms cache (/home/user/AndroidStudioProjects/caches/transforms-3).
2023-12-03T00:04:14.834+0600 [DEBUG] [org.gradle.cache.internal.locklistener.FileLockCommunicator] Confirming lock release to Gradle process at port 40395 for lock with id -5609046270431282896.
2023-12-03T00:04:14.834+0600 [DEBUG] [org.gradle.cache.internal.locklistener.FileLockCommunicator] Confirming lock release to Gradle process at port 40395 for lock with id -5609046270431282896.
2023-12-03T00:04:18.491+0600 [DEBUG] [org.gradle.process.internal.health.memory.DefaultMemoryManager] 402653184 memory requested, 213303296 free
2023-12-03T00:04:18.491+0600 [DEBUG] [org.gradle.workers.internal.WorkerDaemonExpiration] Will attempt to release 384 of memory
2023-12-03T00:04:18.491+0600 [DEBUG] [org.gradle.process.internal.health.memory.DefaultMemoryManager] 402653184 memory requested, 0 released, 213303296 free
2023-12-03T00:04:23.459+0600 [DEBUG] [org.gradle.cache.internal.DefaultFileLockManager] Waiting to acquire shared lock on daemon addresses registry.
2023-12-03T00:04:23.460+0600 [DEBUG] [org.gradle.cache.internal.DefaultFileLockManager] Lock acquired on daemon addresses registry.
2023-12-03T00:04:23.461+0600 [DEBUG] [org.gradle.cache.internal.DefaultFileLockManager] Releasing lock on daemon addresses registry.
2023-12-03T00:04:23.461+0600 [DEBUG] [org.gradle.cache.internal.DefaultFileLockManager] Waiting to acquire shared lock on daemon addresses registry.
2023-12-03T00:04:23.461+0600 [DEBUG] [org.gradle.cache.internal.DefaultFileLockManager] Lock acquired on daemon addresses registry.
2023-12-03T00:04:23.462+0600 [DEBUG] [org.gradle.cache.internal.DefaultFileLockManager] Releasing lock on daemon addresses registry.
2023-12-03T00:04:23.462+0600 [DEBUG] [org.gradle.cache.internal.DefaultFileLockManager] Waiting to acquire shared lock on daemon addresses registry.
2023-12-03T00:04:23.462+0600 [DEBUG] [org.gradle.cache.internal.DefaultFileLockManager] Lock acquired on daemon addresses registry.
2023-12-03T00:04:23.463+0600 [DEBUG] [org.gradle.cache.internal.DefaultFileLockManager] Releasing lock on daemon addresses registry.
2023-12-03T00:04:23.490+0600 [DEBUG] [org.gradle.process.internal.health.memory.DefaultMemoryManager] 402653184 memory requested, 285372416 free
2023-12-03T00:04:23.490+0600 [DEBUG] [org.gradle.workers.internal.WorkerDaemonExpiration] Will attempt to release 384 of memory
2023-12-03T00:04:23.490+0600 [DEBUG] [org.gradle.process.internal.health.memory.DefaultMemoryManager] 402653184 memory requested, 0 released, 285372416 free
2023-12-03T00:04:28.490+0600 [DEBUG] [org.gradle.process.internal.health.memory.DefaultMemoryManager] 402653184 memory requested, 289935360 free
2023-12-03T00:04:28.491+0600 [DEBUG] [org.gradle.workers.internal.WorkerDaemonExpiration] Will attempt to release 384 of memory
2023-12-03T00:04:28.491+0600 [DEBUG] [org.gradle.process.internal.health.memory.DefaultMemoryManager] 402653184 memory requested, 0 released, 289935360 free
2023-12-03T00:04:33.459+0600 [DEBUG] [org.gradle.cache.internal.DefaultFileLockManager] Waiting to acquire shared lock on daemon addresses registry.
2023-12-03T00:04:33.460+0600 [DEBUG] [org.gradle.cache.internal.DefaultFileLockManager] Lock acquired on daemon addresses registry.
2023-12-03T00:04:33.464+0600 [DEBUG] [org.gradle.cache.internal.DefaultFileLockManager] Releasing lock on daemon addresses registry.
2023-12-03T00:04:33.470+0600 [DEBUG] [org.gradle.cache.internal.DefaultFileLockManager] Waiting to acquire shared lock on daemon addresses registry.
2023-12-03T00:04:33.470+0600 [DEBUG] [org.gradle.cache.internal.DefaultFileLockManager] Lock acquired on daemon addresses registry.
2023-12-03T00:04:33.471+0600 [DEBUG] [org.gradle.cache.internal.DefaultFileLockManager] Releasing lock on daemon addresses registry.
2023-12-03T00:04:33.471+0600 [DEBUG] [org.gradle.cache.internal.DefaultFileLockManager] Waiting to acquire shared lock on daemon addresses registry.
2023-12-03T00:04:33.471+0600 [DEBUG] [org.gradle.cache.internal.DefaultFileLockManager] Lock acquired on daemon addresses registry.
2023-12-03T00:04:33.474+0600 [DEBUG] [org.gradle.cache.internal.DefaultFileLockManager] Releasing lock on daemon addresses registry.
2023-12-03T00:04:33.491+0600 [DEBUG] [org.gradle.process.internal.health.memory.DefaultMemoryManager] 402653184 memory requested, 280211456 free
2023-12-03T00:04:33.491+0600 [DEBUG] [org.gradle.workers.internal.WorkerDaemonExpiration] Will attempt to release 384 of memory
2023-12-03T00:04:33.491+0600 [DEBUG] [org.gradle.process.internal.health.memory.DefaultMemoryManager] 402653184 memory requested, 0 released, 280211456 free
2023-12-03T00:04:38.503+0600 [DEBUG] [org.gradle.process.internal.health.memory.DefaultMemoryManager] 402653184 memory requested, 317112320 free
2023-12-03T00:04:38.503+0600 [DEBUG] [org.gradle.workers.internal.WorkerDaemonExpiration] Will attempt to release 384 of memory
2023-12-03T00:04:38.504+0600 [DEBUG] [org.gradle.process.internal.health.memory.DefaultMemoryManager] 402653184 memory requested, 0 released, 317112320 free
2023-12-03T00:04:43.461+0600 [DEBUG] [org.gradle.cache.internal.DefaultFileLockManager] Waiting to acquire shared lock on daemon addresses registry.
2023-12-03T00:04:43.461+0600 [DEBUG] [org.gradle.cache.internal.DefaultFileLockManager] Lock acquired on daemon addresses registry.
2023-12-03T00:04:43.462+0600 [DEBUG] [org.gradle.cache.internal.DefaultFileLockManager] Releasing lock on daemon addresses registry.
2023-12-03T00:04:43.463+0600 [DEBUG] [org.gradle.cache.internal.DefaultFileLockManager] Waiting to acquire shared lock on daemon addresses registry.
2023-12-03T00:04:43.463+0600 [DEBUG] [org.gradle.cache.internal.DefaultFileLockManager] Lock acquired on daemon addresses registry.
2023-12-03T00:04:43.464+0600 [DEBUG] [org.gradle.cache.internal.DefaultFileLockManager] Releasing lock on daemon addresses registry.
2023-12-03T00:04:43.465+0600 [DEBUG] [org.gradle.cache.internal.DefaultFileLockManager] Waiting to acquire shared lock on daemon addresses registry.
2023-12-03T00:04:43.465+0600 [DEBUG] [org.gradle.cache.internal.DefaultFileLockManager] Lock acquired on daemon addresses registry.
2023-12-03T00:04:43.467+0600 [DEBUG] [org.gradle.cache.internal.DefaultFileLockManager] Releasing lock on daemon addresses registry.
2023-12-03T00:04:43.489+0600 [DEBUG] [org.gradle.process.internal.health.memory.DefaultMemoryManager] 402653184 memory requested, 319537152 free
2023-12-03T00:04:43.490+0600 [DEBUG] [org.gradle.workers.internal.WorkerDaemonExpiration] Will attempt to release 384 of memory
2023-12-03T00:04:43.490+0600 [DEBUG] [org.gradle.process.internal.health.memory.DefaultMemoryManager] 402653184 memory requested, 0 released, 319537152 free
2023-12-03T00:04:48.489+0600 [DEBUG] [org.gradle.process.internal.health.memory.DefaultMemoryManager] 402653184 memory requested, 304537600 free
2023-12-03T00:04:48.490+0600 [DEBUG] [org.gradle.workers.internal.WorkerDaemonExpiration] Will attempt to release 384 of memory
2023-12-03T00:04:48.490+0600 [DEBUG] [org.gradle.process.internal.health.memory.DefaultMemoryManager] 402653184 memory requested, 0 released, 304537600 free
2023-12-03T00:04:53.462+0600 [DEBUG] [org.gradle.cache.internal.DefaultFileLockManager] Waiting to acquire shared lock on daemon addresses registry.
2023-12-03T00:04:53.463+0600 [DEBUG] [org.gradle.cache.internal.DefaultFileLockManager] Lock acquired on daemon addresses registry.
2023-12-03T00:04:53.464+0600 [DEBUG] [org.gradle.cache.internal.DefaultFileLockManager] Releasing lock on daemon addresses registry.
2023-12-03T00:04:53.465+0600 [DEBUG] [org.gradle.cache.internal.DefaultFileLockManager] Waiting to acquire shared lock on daemon addresses registry.
2023-12-03T00:04:53.465+0600 [DEBUG] [org.gradle.cache.internal.DefaultFileLockManager] Lock acquired on daemon addresses registry.
2023-12-03T00:04:53.466+0600 [DEBUG] [org.gradle.cache.internal.DefaultFileLockManager] Releasing lock on daemon addresses registry.
2023-12-03T00:04:53.468+0600 [DEBUG] [org.gradle.cache.internal.DefaultFileLockManager] Waiting to acquire shared lock on daemon addresses registry.
2023-12-03T00:04:53.468+0600 [DEBUG] [org.gradle.cache.internal.DefaultFileLockManager] Lock acquired on daemon addresses registry.
2023-12-03T00:04:53.472+0600 [DEBUG] [org.gradle.cache.internal.DefaultFileLockManager] Releasing lock on daemon addresses registry.
2023-12-03T00:04:53.489+0600 [DEBUG] [org.gradle.process.internal.health.memory.DefaultMemoryManager] 402653184 memory requested, 266100736 free
2023-12-03T00:04:53.489+0600 [DEBUG] [org.gradle.workers.internal.WorkerDaemonExpiration] Will attempt to release 384 of memory
2023-12-03T00:04:53.490+0600 [DEBUG] [org.gradle.process.internal.health.memory.DefaultMemoryManager] 402653184 memory requested, 0 released, 266100736 free
2023-12-03T00:04:58.490+0600 [DEBUG] [org.gradle.process.internal.health.memory.DefaultMemoryManager] 402653184 memory requested, 309817344 free
2023-12-03T00:04:58.490+0600 [DEBUG] [org.gradle.workers.internal.WorkerDaemonExpiration] Will attempt to release 384 of memory
2023-12-03T00:04:58.491+0600 [DEBUG] [org.gradle.process.internal.health.memory.DefaultMemoryManager] 402653184 memory requested, 0 released, 309817344 free
2023-12-03T00:05:03.459+0600 [DEBUG] [org.gradle.cache.internal.DefaultFileLockManager] Waiting to acquire shared lock on daemon addresses registry.
2023-12-03T00:05:03.471+0600 [DEBUG] [org.gradle.cache.internal.DefaultFileLockManager] Lock acquired on daemon addresses registry.
2023-12-03T00:05:03.475+0600 [DEBUG] [org.gradle.cache.internal.DefaultFileLockManager] Releasing lock on daemon addresses registry.
2023-12-03T00:05:03.476+0600 [DEBUG] [org.gradle.cache.internal.DefaultFileLockManager] Waiting to acquire shared lock on daemon addresses registry.
2023-12-03T00:05:03.478+0600 [DEBUG] [org.gradle.cache.internal.DefaultFileLockManager] Lock acquired on daemon addresses registry.
2023-12-03T00:05:03.481+0600 [DEBUG] [org.gradle.cache.internal.DefaultFileLockManager] Releasing lock on daemon addresses registry.
2023-12-03T00:05:03.482+0600 [DEBUG] [org.gradle.cache.internal.DefaultFileLockManager] Waiting to acquire shared lock on daemon addresses registry.
2023-12-03T00:05:03.482+0600 [DEBUG] [org.gradle.cache.internal.DefaultFileLockManager] Lock acquired on daemon addresses registry.
2023-12-03T00:05:03.485+0600 [DEBUG] [org.gradle.cache.internal.DefaultFileLockManager] Releasing lock on daemon addresses registry.
2023-12-03T00:05:03.489+0600 [DEBUG] [org.gradle.process.internal.health.memory.DefaultMemoryManager] 402653184 memory requested, 292433920 free
2023-12-03T00:05:03.489+0600 [DEBUG] [org.gradle.workers.internal.WorkerDaemonExpiration] Will attempt to release 384 of memory
2023-12-03T00:05:03.489+0600 [DEBUG] [org.gradle.process.internal.health.memory.DefaultMemoryManager] 402653184 memory requested, 0 released, 292433920 free
2023-12-03T00:05:08.490+0600 [DEBUG] [org.gradle.process.internal.health.memory.DefaultMemoryManager] 402653184 memory requested, 208125952 free
2023-12-03T00:05:08.490+0600 [DEBUG] [org.gradle.workers.internal.WorkerDaemonExpiration] Will attempt to release 384 of memory
2023-12-03T00:05:08.491+0600 [DEBUG] [org.gradle.process.internal.health.memory.DefaultMemoryManager] 402653184 memory requested, 0 released, 208125952 free
2023-12-03T00:05:13.495+0600 [DEBUG] [org.gradle.cache.internal.DefaultFileLockManager] Waiting to acquire shared lock on daemon addresses registry.
2023-12-03T00:05:13.527+0600 [DEBUG] [org.gradle.cache.internal.DefaultFileLockManager] Lock acquired on daemon addresses registry.
2023-12-03T00:05:13.527+0600 [DEBUG] [org.gradle.process.internal.health.memory.DefaultMemoryManager] 402653184 memory requested, 205103104 free
2023-12-03T00:05:13.527+0600 [DEBUG] [org.gradle.workers.internal.WorkerDaemonExpiration] Will attempt to release 384 of memory
2023-12-03T00:05:13.527+0600 [DEBUG] [org.gradle.process.internal.health.memory.DefaultMemoryManager] 402653184 memory requested, 0 released, 205103104 free
2023-12-03T00:05:13.530+0600 [DEBUG] [org.gradle.cache.internal.DefaultFileLockManager] Releasing lock on daemon addresses registry.
2023-12-03T00:05:13.530+0600 [DEBUG] [org.gradle.cache.internal.DefaultFileLockManager] Waiting to acquire shared lock on daemon addresses registry.
2023-12-03T00:05:13.530+0600 [DEBUG] [org.gradle.cache.internal.DefaultFileLockManager] Lock acquired on daemon addresses registry.
2023-12-03T00:05:13.535+0600 [DEBUG] [org.gradle.cache.internal.DefaultFileLockManager] Releasing lock on daemon addresses registry.
2023-12-03T00:05:13.535+0600 [DEBUG] [org.gradle.cache.internal.DefaultFileLockManager] Waiting to acquire shared lock on daemon addresses registry.
2023-12-03T00:05:13.541+0600 [DEBUG] [org.gradle.cache.internal.DefaultFileLockManager] Lock acquired on daemon addresses registry.
2023-12-03T00:05:13.585+0600 [DEBUG] [org.gradle.cache.internal.DefaultFileLockManager] Releasing lock on daemon addresses registry.
2023-12-03T00:05:18.519+0600 [DEBUG] [org.gradle.process.internal.health.memory.DefaultMemoryManager] 402653184 memory requested, 234549248 free
2023-12-03T00:05:18.519+0600 [DEBUG] [org.gradle.workers.internal.WorkerDaemonExpiration] Will attempt to release 384 of memory
2023-12-03T00:05:18.519+0600 [DEBUG] [org.gradle.process.internal.health.memory.DefaultMemoryManager] 402653184 memory requested, 0 released, 234549248 free
2023-12-03T00:05:23.459+0600 [DEBUG] [org.gradle.cache.internal.DefaultFileLockManager] Waiting to acquire shared lock on daemon addresses registry.
2023-12-03T00:05:23.562+0600 [DEBUG] [org.gradle.cache.internal.DefaultFileLockManager] Lock acquired on daemon addresses registry.
2023-12-03T00:05:23.566+0600 [DEBUG] [org.gradle.process.internal.health.memory.DefaultMemoryManager] 402653184 memory requested, 198619136 free
2023-12-03T00:05:23.580+0600 [DEBUG] [org.gradle.cache.internal.DefaultFileLockManager] Releasing lock on daemon addresses registry.
2023-12-03T00:05:23.581+0600 [DEBUG] [org.gradle.workers.internal.WorkerDaemonExpiration] Will attempt to release 384 of memory
2023-12-03T00:05:23.581+0600 [DEBUG] [org.gradle.process.internal.health.memory.DefaultMemoryManager] 402653184 memory requested, 0 released, 198619136 free
2023-12-03T00:05:23.582+0600 [DEBUG] [org.gradle.cache.internal.DefaultFileLockManager] Waiting to acquire shared lock on daemon addresses registry.
2023-12-03T00:05:23.582+0600 [DEBUG] [org.gradle.cache.internal.DefaultFileLockManager] Lock acquired on daemon addresses registry.
2023-12-03T00:05:23.633+0600 [DEBUG] [org.gradle.cache.internal.DefaultFileLockManager] Releasing lock on daemon addresses registry.
2023-12-03T00:05:23.634+0600 [DEBUG] [org.gradle.cache.internal.DefaultFileLockManager] Waiting to acquire shared lock on daemon addresses registry.
2023-12-03T00:05:23.634+0600 [DEBUG] [org.gradle.cache.internal.DefaultFileLockManager] Lock acquired on daemon addresses registry.
2023-12-03T00:05:23.635+0600 [DEBUG] [org.gradle.cache.internal.DefaultFileLockManager] Releasing lock on daemon addresses registry.
2023-12-03T00:05:28.542+0600 [DEBUG] [org.gradle.process.internal.health.memory.DefaultMemoryManager] 402653184 memory requested, 225947648 free
2023-12-03T00:05:28.561+0600 [DEBUG] [org.gradle.workers.internal.WorkerDaemonExpiration] Will attempt to release 384 of memory
2023-12-03T00:05:28.561+0600 [DEBUG] [org.gradle.process.internal.health.memory.DefaultMemoryManager] 402653184 memory requested, 0 released, 225947648 free
2023-12-03T00:05:33.460+0600 [DEBUG] [org.gradle.cache.internal.DefaultFileLockManager] Waiting to acquire shared lock on daemon addresses registry.
2023-12-03T00:05:33.461+0600 [DEBUG] [org.gradle.cache.internal.DefaultFileLockManager] Lock acquired on daemon addresses registry.
2023-12-03T00:05:33.461+0600 [DEBUG] [org.gradle.cache.internal.DefaultFileLockManager] Releasing lock on daemon addresses registry.
2023-12-03T00:05:33.461+0600 [DEBUG] [org.gradle.cache.internal.DefaultFileLockManager] Waiting to acquire shared lock on daemon addresses registry.
2023-12-03T00:05:33.468+0600 [DEBUG] [org.gradle.cache.internal.DefaultFileLockManager] Lock acquired on daemon addresses registry.
2023-12-03T00:05:33.469+0600 [DEBUG] [org.gradle.cache.internal.DefaultFileLockManager] Releasing lock on daemon addresses registry.
2023-12-03T00:05:33.469+0600 [DEBUG] [org.gradle.cache.internal.DefaultFileLockManager] Waiting to acquire shared lock on daemon addresses registry.
2023-12-03T00:05:33.469+0600 [DEBUG] [org.gradle.cache.internal.DefaultFileLockManager] Lock acquired on daemon addresses registry.
2023-12-03T00:05:33.574+0600 [DEBUG] [org.gradle.cache.internal.DefaultFileLockManager] Releasing lock on daemon addresses registry.
2023-12-03T00:05:33.577+0600 [DEBUG] [org.gradle.process.internal.health.memory.DefaultMemoryManager] 402653184 memory requested, 245964800 free
2023-12-03T00:05:33.578+0600 [DEBUG] [org.gradle.workers.internal.WorkerDaemonExpiration] Will attempt to release 384 of memory
2023-12-03T00:05:33.581+0600 [DEBUG] [org.gradle.process.internal.health.memory.DefaultMemoryManager] 402653184 memory requested, 0 released, 245964800 free
2023-12-03T00:05:38.496+0600 [DEBUG] [org.gradle.process.internal.health.memory.DefaultMemoryManager] 402653184 memory requested, 192421888 free
2023-12-03T00:05:38.496+0600 [DEBUG] [org.gradle.workers.internal.WorkerDaemonExpiration] Will attempt to release 384 of memory
2023-12-03T00:05:38.497+0600 [DEBUG] [org.gradle.process.internal.health.memory.DefaultMemoryManager] 402653184 memory requested, 0 released, 192421888 free
2023-12-03T00:05:43.460+0600 [DEBUG] [org.gradle.cache.internal.DefaultFileLockManager] Waiting to acquire shared lock on daemon addresses registry.
2023-12-03T00:05:43.460+0600 [DEBUG] [org.gradle.cache.internal.DefaultFileLockManager] Lock acquired on daemon addresses registry.
2023-12-03T00:05:43.462+0600 [DEBUG] [org.gradle.cache.internal.DefaultFileLockManager] Releasing lock on daemon addresses registry.
2023-12-03T00:05:43.462+0600 [DEBUG] [org.gradle.cache.internal.DefaultFileLockManager] Waiting to acquire shared lock on daemon addresses registry.
2023-12-03T00:05:43.463+0600 [DEBUG] [org.gradle.cache.internal.DefaultFileLockManager] Lock acquired on daemon addresses registry.
2023-12-03T00:05:43.463+0600 [DEBUG] [org.gradle.cache.internal.DefaultFileLockManager] Releasing lock on daemon addresses registry.
2023-12-03T00:05:43.464+0600 [DEBUG] [org.gradle.cache.internal.DefaultFileLockManager] Waiting to acquire shared lock on daemon addresses registry.
2023-12-03T00:05:43.464+0600 [DEBUG] [org.gradle.cache.internal.DefaultFileLockManager] Lock acquired on daemon addresses registry.
2023-12-03T00:05:43.465+0600 [DEBUG] [org.gradle.cache.internal.DefaultFileLockManager] Releasing lock on daemon addresses registry.
2023-12-03T00:05:43.490+0600 [DEBUG] [org.gradle.process.internal.health.memory.DefaultMemoryManager] 402653184 memory requested, 154484736 free
2023-12-03T00:05:43.490+0600 [DEBUG] [org.gradle.workers.internal.WorkerDaemonExpiration] Will attempt to release 384 of memory
2023-12-03T00:05:43.490+0600 [DEBUG] [org.gradle.process.internal.health.memory.DefaultMemoryManager] 402653184 memory requested, 0 released, 154484736 free
2023-12-03T00:05:48.497+0600 [DEBUG] [org.gradle.process.internal.health.memory.DefaultMemoryManager] 402653184 memory requested, 155594752 free
2023-12-03T00:05:48.497+0600 [DEBUG] [org.gradle.workers.internal.WorkerDaemonExpiration] Will attempt to release 384 of memory
2023-12-03T00:05:48.497+0600 [DEBUG] [org.gradle.process.internal.health.memory.DefaultMemoryManager] 402653184 memory requested, 0 released, 155594752 free
2023-12-03T00:05:53.459+0600 [DEBUG] [org.gradle.cache.internal.DefaultFileLockManager] Waiting to acquire shared lock on daemon addresses registry.
2023-12-03T00:05:53.471+0600 [DEBUG] [org.gradle.cache.internal.DefaultFileLockManager] Lock acquired on daemon addresses registry.
2023-12-03T00:05:53.473+0600 [DEBUG] [org.gradle.cache.internal.DefaultFileLockManager] Releasing lock on daemon addresses registry.
2023-12-03T00:05:53.474+0600 [DEBUG] [org.gradle.cache.internal.DefaultFileLockManager] Waiting to acquire shared lock on daemon addresses registry.
2023-12-03T00:05:53.475+0600 [DEBUG] [org.gradle.cache.internal.DefaultFileLockManager] Lock acquired on daemon addresses registry.
2023-12-03T00:05:53.476+0600 [DEBUG] [org.gradle.cache.internal.DefaultFileLockManager] Releasing lock on daemon addresses registry.
2023-12-03T00:05:53.476+0600 [DEBUG] [org.gradle.cache.internal.DefaultFileLockManager] Waiting to acquire shared lock on daemon addresses registry.
2023-12-03T00:05:53.477+0600 [DEBUG] [org.gradle.cache.internal.DefaultFileLockManager] Lock acquired on daemon addresses registry.
2023-12-03T00:05:53.478+0600 [DEBUG] [org.gradle.cache.internal.DefaultFileLockManager] Releasing lock on daemon addresses registry.
2023-12-03T00:05:53.491+0600 [DEBUG] [org.gradle.process.internal.health.memory.DefaultMemoryManager] 402653184 memory requested, 250880000 free
2023-12-03T00:05:53.492+0600 [DEBUG] [org.gradle.workers.internal.WorkerDaemonExpiration] Will attempt to release 384 of memory
2023-12-03T00:05:53.492+0600 [DEBUG] [org.gradle.process.internal.health.memory.DefaultMemoryManager] 402653184 memory requested, 0 released, 250880000 free
2023-12-03T00:05:58.496+0600 [DEBUG] [org.gradle.process.internal.health.memory.DefaultMemoryManager] 402653184 memory requested, 223772672 free
2023-12-03T00:05:58.496+0600 [DEBUG] [org.gradle.workers.internal.WorkerDaemonExpiration] Will attempt to release 384 of memory
2023-12-03T00:05:58.497+0600 [DEBUG] [org.gradle.process.internal.health.memory.DefaultMemoryManager] 402653184 memory requested, 0 released, 223772672 free
2023-12-03T00:06:03.459+0600 [DEBUG] [org.gradle.cache.internal.DefaultFileLockManager] Waiting to acquire shared lock on daemon addresses registry.
2023-12-03T00:06:03.459+0600 [DEBUG] [org.gradle.cache.internal.DefaultFileLockManager] Lock acquired on daemon addresses registry.
2023-12-03T00:06:03.459+0600 [DEBUG] [org.gradle.cache.internal.DefaultFileLockManager] Releasing lock on daemon addresses registry.
2023-12-03T00:06:03.459+0600 [DEBUG] [org.gradle.cache.internal.DefaultFileLockManager] Waiting to acquire shared lock on daemon addresses registry.
2023-12-03T00:06:03.460+0600 [DEBUG] [org.gradle.cache.internal.DefaultFileLockManager] Lock acquired on daemon addresses registry.
2023-12-03T00:06:03.462+0600 [DEBUG] [org.gradle.cache.internal.DefaultFileLockManager] Releasing lock on daemon addresses registry.
2023-12-03T00:06:03.462+0600 [DEBUG] [org.gradle.cache.internal.DefaultFileLockManager] Waiting to acquire shared lock on daemon addresses registry.
2023-12-03T00:06:03.462+0600 [DEBUG] [org.gradle.cache.internal.DefaultFileLockManager] Lock acquired on daemon addresses registry.
2023-12-03T00:06:03.463+0600 [DEBUG] [org.gradle.cache.internal.DefaultFileLockManager] Releasing lock on daemon addresses registry.
2023-12-03T00:06:03.490+0600 [DEBUG] [org.gradle.process.internal.health.memory.DefaultMemoryManager] 402653184 memory requested, 209580032 free
2023-12-03T00:06:03.490+0600 [DEBUG] [org.gradle.workers.internal.WorkerDaemonExpiration] Will attempt to release 384 of memory
2023-12-03T00:06:03.490+0600 [DEBUG] [org.gradle.process.internal.health.memory.DefaultMemoryManager] 402653184 memory requested, 0 released, 209580032 free
2023-12-03T00:06:08.489+0600 [DEBUG] [org.gradle.process.internal.health.memory.DefaultMemoryManager] 402653184 memory requested, 200691712 free
2023-12-03T00:06:08.491+0600 [DEBUG] [org.gradle.workers.internal.WorkerDaemonExpiration] Will attempt to release 384 of memory
2023-12-03T00:06:08.491+0600 [DEBUG] [org.gradle.process.internal.health.memory.DefaultMemoryManager] 402653184 memory requested, 0 released, 200691712 free
2023-12-03T00:06:13.461+0600 [DEBUG] [org.gradle.cache.internal.DefaultFileLockManager] Waiting to acquire shared lock on daemon addresses registry.
2023-12-03T00:06:13.462+0600 [DEBUG] [org.gradle.cache.internal.DefaultFileLockManager] Lock acquired on daemon addresses registry.
2023-12-03T00:06:13.462+0600 [DEBUG] [org.gradle.cache.internal.DefaultFileLockManager] Releasing lock on daemon addresses registry.
2023-12-03T00:06:13.463+0600 [DEBUG] [org.gradle.cache.internal.DefaultFileLockManager] Waiting to acquire shared lock on daemon addresses registry.
2023-12-03T00:06:13.464+0600 [DEBUG] [org.gradle.cache.internal.DefaultFileLockManager] Lock acquired on daemon addresses registry.
2023-12-03T00:06:13.464+0600 [DEBUG] [org.gradle.cache.internal.DefaultFileLockManager] Releasing lock on daemon addresses registry.
2023-12-03T00:06:13.464+0600 [DEBUG] [org.gradle.cache.internal.DefaultFileLockManager] Waiting to acquire shared lock on daemon addresses registry.
2023-12-03T00:06:13.465+0600 [DEBUG] [org.gradle.cache.internal.DefaultFileLockManager] Lock acquired on daemon addresses registry.
2023-12-03T00:06:13.465+0600 [DEBUG] [org.gradle.cache.internal.DefaultFileLockManager] Releasing lock on daemon addresses registry.
2023-12-03T00:06:13.489+0600 [DEBUG] [org.gradle.process.internal.health.memory.DefaultMemoryManager] 402653184 memory requested, 196403200 free
2023-12-03T00:06:13.490+0600 [DEBUG] [org.gradle.workers.internal.WorkerDaemonExpiration] Will attempt to release 384 of memory
2023-12-03T00:06:13.490+0600 [DEBUG] [org.gradle.process.internal.health.memory.DefaultMemoryManager] 402653184 memory requested, 0 released, 196403200 free
2023-12-03T00:06:18.496+0600 [DEBUG] [org.gradle.process.internal.health.memory.DefaultMemoryManager] 402653184 memory requested, 191541248 free
2023-12-03T00:06:18.496+0600 [DEBUG] [org.gradle.workers.internal.WorkerDaemonExpiration] Will attempt to release 384 of memory
2023-12-03T00:06:18.497+0600 [DEBUG] [org.gradle.process.internal.health.memory.DefaultMemoryManager] 402653184 memory requested, 0 released, 191541248 free
2023-12-03T00:06:23.460+0600 [DEBUG] [org.gradle.cache.internal.DefaultFileLockManager] Waiting to acquire shared lock on daemon addresses registry.
2023-12-03T00:06:23.495+0600 [DEBUG] [org.gradle.cache.internal.DefaultFileLockManager] Lock acquired on daemon addresses registry.
2023-12-03T00:06:23.495+0600 [DEBUG] [org.gradle.cache.internal.DefaultFileLockManager] Releasing lock on daemon addresses registry.
2023-12-03T00:06:23.498+0600 [DEBUG] [org.gradle.cache.internal.DefaultFileLockManager] Waiting to acquire shared lock on daemon addresses registry.
2023-12-03T00:06:23.501+0600 [DEBUG] [org.gradle.cache.internal.DefaultFileLockManager] Lock acquired on daemon addresses registry.
2023-12-03T00:06:23.505+0600 [DEBUG] [org.gradle.process.internal.health.memory.DefaultMemoryManager] 402653184 memory requested, 282173440 free
2023-12-03T00:06:23.505+0600 [DEBUG] [org.gradle.cache.internal.DefaultFileLockManager] Releasing lock on daemon addresses registry.
2023-12-03T00:06:23.507+0600 [DEBUG] [org.gradle.workers.internal.WorkerDaemonExpiration] Will attempt to release 384 of memory
2023-12-03T00:06:23.507+0600 [DEBUG] [org.gradle.cache.internal.DefaultFileLockManager] Waiting to acquire shared lock on daemon addresses registry.
2023-12-03T00:06:23.509+0600 [DEBUG] [org.gradle.process.internal.health.memory.DefaultMemoryManager] 402653184 memory requested, 0 released, 282173440 free
2023-12-03T00:06:23.509+0600 [DEBUG] [org.gradle.cache.internal.DefaultFileLockManager] Lock acquired on daemon addresses registry.
2023-12-03T00:06:23.510+0600 [DEBUG] [org.gradle.cache.internal.DefaultFileLockManager] Releasing lock on daemon addresses registry.
2023-12-03T00:06:28.495+0600 [DEBUG] [org.gradle.process.internal.health.memory.DefaultMemoryManager] 402653184 memory requested, 263667712 free
2023-12-03T00:06:28.496+0600 [DEBUG] [org.gradle.workers.internal.WorkerDaemonExpiration] Will attempt to release 384 of memory
2023-12-03T00:06:28.497+0600 [DEBUG] [org.gradle.process.internal.health.memory.DefaultMemoryManager] 402653184 memory requested, 0 released, 263667712 free
2023-12-03T00:06:33.459+0600 [DEBUG] [org.gradle.cache.internal.DefaultFileLockManager] Waiting to acquire shared lock on daemon addresses registry.
2023-12-03T00:06:33.459+0600 [DEBUG] [org.gradle.cache.internal.DefaultFileLockManager] Lock acquired on daemon addresses registry.
2023-12-03T00:06:33.459+0600 [DEBUG] [org.gradle.cache.internal.DefaultFileLockManager] Releasing lock on daemon addresses registry.
2023-12-03T00:06:33.460+0600 [DEBUG] [org.gradle.cache.internal.DefaultFileLockManager] Waiting to acquire shared lock on daemon addresses registry.
2023-12-03T00:06:33.460+0600 [DEBUG] [org.gradle.cache.internal.DefaultFileLockManager] Lock acquired on daemon addresses registry.
2023-12-03T00:06:33.463+0600 [DEBUG] [org.gradle.cache.internal.DefaultFileLockManager] Releasing lock on daemon addresses registry.
2023-12-03T00:06:33.463+0600 [DEBUG] [org.gradle.cache.internal.DefaultFileLockManager] Waiting to acquire shared lock on daemon addresses registry.
2023-12-03T00:06:33.463+0600 [DEBUG] [org.gradle.cache.internal.DefaultFileLockManager] Lock acquired on daemon addresses registry.
2023-12-03T00:06:33.464+0600 [DEBUG] [org.gradle.cache.internal.DefaultFileLockManager] Releasing lock on daemon addresses registry.
2023-12-03T00:06:33.490+0600 [DEBUG] [org.gradle.process.internal.health.memory.DefaultMemoryManager] 402653184 memory requested, 253304832 free
2023-12-03T00:06:33.490+0600 [DEBUG] [org.gradle.workers.internal.WorkerDaemonExpiration] Will attempt to release 384 of memory
2023-12-03T00:06:33.490+0600 [DEBUG] [org.gradle.process.internal.health.memory.DefaultMemoryManager] 402653184 memory requested, 0 released, 253304832 free
2023-12-03T00:06:38.490+0600 [DEBUG] [org.gradle.process.internal.health.memory.DefaultMemoryManager] 402653184 memory requested, 250798080 free
2023-12-03T00:06:38.490+0600 [DEBUG] [org.gradle.workers.internal.WorkerDaemonExpiration] Will attempt to release 384 of memory
2023-12-03T00:06:38.490+0600 [DEBUG] [org.gradle.process.internal.health.memory.DefaultMemoryManager] 402653184 memory requested, 0 released, 250798080 free
2023-12-03T00:06:43.460+0600 [DEBUG] [org.gradle.cache.internal.DefaultFileLockManager] Waiting to acquire shared lock on daemon addresses registry.
2023-12-03T00:06:43.460+0600 [DEBUG] [org.gradle.cache.internal.DefaultFileLockManager] Lock acquired on daemon addresses registry.
2023-12-03T00:06:43.460+0600 [DEBUG] [org.gradle.cache.internal.DefaultFileLockManager] Releasing lock on daemon addresses registry.
2023-12-03T00:06:43.460+0600 [DEBUG] [org.gradle.cache.internal.DefaultFileLockManager] Waiting to acquire shared lock on daemon addresses registry.
2023-12-03T00:06:43.461+0600 [DEBUG] [org.gradle.cache.internal.DefaultFileLockManager] Lock acquired on daemon addresses registry.
2023-12-03T00:06:43.461+0600 [DEBUG] [org.gradle.cache.internal.DefaultFileLockManager] Releasing lock on daemon addresses registry.
2023-12-03T00:06:43.462+0600 [DEBUG] [org.gradle.cache.internal.DefaultFileLockManager] Waiting to acquire shared lock on daemon addresses registry.
2023-12-03T00:06:43.462+0600 [DEBUG] [org.gradle.cache.internal.DefaultFileLockManager] Lock acquired on daemon addresses registry.
2023-12-03T00:06:43.463+0600 [DEBUG] [org.gradle.cache.internal.DefaultFileLockManager] Releasing lock on daemon addresses registry.
2023-12-03T00:06:43.490+0600 [DEBUG] [org.gradle.process.internal.health.memory.DefaultMemoryManager] 402653184 memory requested, 242659328 free
2023-12-03T00:06:43.490+0600 [DEBUG] [org.gradle.workers.internal.WorkerDaemonExpiration] Will attempt to release 384 of memory
2023-12-03T00:06:43.490+0600 [DEBUG] [org.gradle.process.internal.health.memory.DefaultMemoryManager] 402653184 memory requested, 0 released, 242659328 free
2023-12-03T00:06:48.490+0600 [DEBUG] [org.gradle.process.internal.health.memory.DefaultMemoryManager] 402653184 memory requested, 238833664 free
2023-12-03T00:06:48.490+0600 [DEBUG] [org.gradle.workers.internal.WorkerDaemonExpiration] Will attempt to release 384 of memory
2023-12-03T00:06:48.490+0600 [DEBUG] [org.gradle.process.internal.health.memory.DefaultMemoryManager] 402653184 memory requested, 0 released, 238833664 free
2023-12-03T00:06:53.459+0600 [DEBUG] [org.gradle.cache.internal.DefaultFileLockManager] Waiting to acquire shared lock on daemon addresses registry.
2023-12-03T00:06:53.459+0600 [DEBUG] [org.gradle.cache.internal.DefaultFileLockManager] Lock acquired on daemon addresses registry.
2023-12-03T00:06:53.466+0600 [DEBUG] [org.gradle.cache.internal.DefaultFileLockManager] Releasing lock on daemon addresses registry.
2023-12-03T00:06:53.466+0600 [DEBUG] [org.gradle.cache.internal.DefaultFileLockManager] Waiting to acquire shared lock on daemon addresses registry.
2023-12-03T00:06:53.467+0600 [DEBUG] [org.gradle.cache.internal.DefaultFileLockManager] Lock acquired on daemon addresses registry.
2023-12-03T00:06:53.467+0600 [DEBUG] [org.gradle.cache.internal.DefaultFileLockManager] Releasing lock on daemon addresses registry.
2023-12-03T00:06:53.467+0600 [DEBUG] [org.gradle.cache.internal.DefaultFileLockManager] Waiting to acquire shared lock on daemon addresses registry.
2023-12-03T00:06:53.468+0600 [DEBUG] [org.gradle.cache.internal.DefaultFileLockManager] Lock acquired on daemon addresses registry.
2023-12-03T00:06:53.468+0600 [DEBUG] [org.gradle.cache.internal.DefaultFileLockManager] Releasing lock on daemon addresses registry.
2023-12-03T00:06:53.489+0600 [DEBUG] [org.gradle.process.internal.health.memory.DefaultMemoryManager] 402653184 memory requested, 233791488 free
2023-12-03T00:06:53.489+0600 [DEBUG] [org.gradle.workers.internal.WorkerDaemonExpiration] Will attempt to release 384 of memory
2023-12-03T00:06:53.489+0600 [DEBUG] [org.gradle.process.internal.health.memory.DefaultMemoryManager] 402653184 memory requested, 0 released, 233791488 free
2023-12-03T00:06:58.490+0600 [DEBUG] [org.gradle.process.internal.health.memory.DefaultMemoryManager] 402653184 memory requested, 308568064 free
2023-12-03T00:06:58.491+0600 [DEBUG] [org.gradle.workers.internal.WorkerDaemonExpiration] Will attempt to release 384 of memory
2023-12-03T00:06:58.491+0600 [DEBUG] [org.gradle.process.internal.health.memory.DefaultMemoryManager] 402653184 memory requested, 0 released, 308568064 free
2023-12-03T00:07:03.459+0600 [DEBUG] [org.gradle.cache.internal.DefaultFileLockManager] Waiting to acquire shared lock on daemon addresses registry.
2023-12-03T00:07:03.459+0600 [DEBUG] [org.gradle.cache.internal.DefaultFileLockManager] Lock acquired on daemon addresses registry.
2023-12-03T00:07:03.460+0600 [DEBUG] [org.gradle.cache.internal.DefaultFileLockManager] Releasing lock on daemon addresses registry.
2023-12-03T00:07:03.472+0600 [DEBUG] [org.gradle.cache.internal.DefaultFileLockManager] Waiting to acquire shared lock on daemon addresses registry.
2023-12-03T00:07:03.473+0600 [DEBUG] [org.gradle.cache.internal.DefaultFileLockManager] Lock acquired on daemon addresses registry.
2023-12-03T00:07:03.473+0600 [DEBUG] [org.gradle.cache.internal.DefaultFileLockManager] Releasing lock on daemon addresses registry.
2023-12-03T00:07:03.491+0600 [INFO] [org.gradle.launcher.daemon.server.health.LowMemoryDaemonExpirationStrategy] after free system memory (294.2 MiB) fell below threshold of 384 MiB
2023-12-03T00:07:03.494+0600 [DEBUG] [org.gradle.process.internal.health.memory.DefaultMemoryManager] 402653184 memory requested, 245993472 free
2023-12-03T00:07:03.494+0600 [DEBUG] [org.gradle.workers.internal.WorkerDaemonExpiration] Will attempt to release 384 of memory
2023-12-03T00:07:03.494+0600 [DEBUG] [org.gradle.process.internal.health.memory.DefaultMemoryManager] 402653184 memory requested, 0 released, 245993472 free
2023-12-03T00:07:03.531+0600 [DEBUG] [org.gradle.cache.internal.DefaultFileLockManager] Waiting to acquire shared lock on daemon addresses registry.
2023-12-03T00:07:03.531+0600 [DEBUG] [org.gradle.cache.internal.DefaultFileLockManager] Lock acquired on daemon addresses registry.
2023-12-03T00:07:03.535+0600 [DEBUG] [org.gradle.cache.internal.DefaultFileLockManager] Releasing lock on daemon addresses registry.
2023-12-03T00:07:03.556+0600 [DEBUG] [org.gradle.launcher.daemon.server.DaemonRegistryUpdater] Storing daemon stop event: after being idle for 4 minutes and not recently used and to reclaim system memory
2023-12-03T00:07:03.560+0600 [DEBUG] [org.gradle.launcher.daemon.registry.PersistentDaemonRegistry] Storing daemon stop event with timestamp 1701540423559
2023-12-03T00:07:03.760+0600 [DEBUG] [org.gradle.cache.internal.DefaultFileLockManager] Waiting to acquire exclusive lock on daemon addresses registry.
2023-12-03T00:07:03.772+0600 [DEBUG] [org.gradle.cache.internal.DefaultFileLockManager] Lock acquired on daemon addresses registry.
2023-12-03T00:07:03.790+0600 [DEBUG] [org.gradle.cache.internal.DefaultFileLockManager] Releasing lock on daemon addresses registry.
2023-12-03T00:07:03.795+0600 [LIFECYCLE] [org.gradle.launcher.daemon.server.DaemonStateCoordinator] Daemon will be stopped at the end of the build after being idle for 4 minutes and not recently used and to reclaim system memory
2023-12-03T00:07:03.805+0600 [DEBUG] [org.gradle.launcher.daemon.server.DaemonStateCoordinator] Marking daemon stopped due to after being idle for 4 minutes and not recently used and to reclaim system memory. The daemon is running a build: false
2023-12-03T00:07:03.814+0600 [DEBUG] [org.gradle.launcher.daemon.server.DaemonStateCoordinator] daemon has stopped.
2023-12-03T00:07:03.816+0600 [DEBUG] [org.gradle.launcher.daemon.server.Daemon] stop() called on daemon
2023-12-03T00:07:03.817+0600 [INFO] [org.gradle.launcher.daemon.server.Daemon] Stop requested. Daemon is removing its presence from the registry...
2023-12-03T00:07:03.842+0600 [DEBUG] [org.gradle.launcher.daemon.server.DaemonRegistryUpdater] Removing our presence to clients, eg. removing this address from the registry: [6552caa2-17d4-4719-ba3e-d0f2670ed940 port:37061, addresses:[localhost/127.0.0.1]]
2023-12-03T00:07:03.845+0600 [DEBUG] [org.gradle.launcher.daemon.registry.PersistentDaemonRegistry] Removing daemon address: [6552caa2-17d4-4719-ba3e-d0f2670ed940 port:37061, addresses:[localhost/127.0.0.1]]
2023-12-03T00:07:03.913+0600 [DEBUG] [org.gradle.cache.internal.DefaultFileLockManager] Waiting to acquire exclusive lock on daemon addresses registry.
2023-12-03T00:07:03.916+0600 [DEBUG] [org.gradle.cache.internal.DefaultFileLockManager] Lock acquired on daemon addresses registry.
2023-12-03T00:07:03.922+0600 [DEBUG] [org.gradle.cache.internal.DefaultFileLockManager] Releasing lock on daemon addresses registry.
2023-12-03T00:07:03.924+0600 [DEBUG] [org.gradle.launcher.daemon.server.DaemonRegistryUpdater] Address removed from registry.
2023-12-03T00:07:04.108+0600 [DEBUG] [org.gradle.cache.internal.DefaultPersistentDirectoryStore] jars (/home/user/AndroidStudioProjects/caches/jars-9) has last been fully cleaned up 0 hours ago
2023-12-03T00:07:04.162+0600 [DEBUG] [org.gradle.cache.internal.DefaultPersistentDirectoryStore] Artifact transforms cache (/home/user/AndroidStudioProjects/caches/transforms-3) has last been fully cleaned up 0 hours ago
2023-12-03T00:07:04.178+0600 [DEBUG] [org.gradle.cache.internal.DefaultPersistentDirectoryStore] kotlin-dsl (/home/user/AndroidStudioProjects/caches/8.0/kotlin-dsl) has last been fully cleaned up 0 hours ago
2023-12-03T00:07:04.445+0600 [DEBUG] [org.gradle.internal.watch.vfs.impl.WatchingVirtualFileSystem] Closing VFS, dropping state
2023-12-03T00:07:06.131+0600 [DEBUG] [org.gradle.cache.internal.DefaultPersistentDirectoryStore] artifact cache (/home/user/AndroidStudioProjects/caches/modules-2) has last been fully cleaned up 0 hours ago
2023-12-03T00:07:06.167+0600 [DEBUG] [org.gradle.internal.watch.registry.impl.DefaultFileWatcherRegistry] Finished listening to file system change events
2023-12-03T00:07:06.396+0600 [DEBUG] [org.gradle.launcher.daemon.registry.PersistentDaemonRegistry] Removing daemon address: [6552caa2-17d4-4719-ba3e-d0f2670ed940 port:37061, addresses:[localhost/127.0.0.1]]
2023-12-03T00:07:06.396+0600 [DEBUG] [org.gradle.cache.internal.DefaultFileLockManager] Waiting to acquire exclusive lock on daemon addresses registry.
Daemon vm is shutting down... The daemon has exited normally or was terminated in response to a user interrupt.
2023-12-03T00:07:06.398+0600 [DEBUG] [org.gradle.cache.internal.DefaultFileLockManager] Lock acquired on daemon addresses registry.
2023-12-03T00:07:06.403+0600 [DEBUG] [org.gradle.cache.internal.DefaultFileLockManager] Releasing lock on daemon addresses registry.
