2023-12-04T10:51:23.067+0600 [DEBUG] [org.gradle.launcher.daemon.bootstrap.DaemonMain] Assuming the daemon was started with following jvm opts: [--add-opens=java.base/java.util.concurrent.atomic=ALL-UNNAMED, -XX:MaxMetaspaceSize=256m, -XX:+HeapDumpOnOutOfMemoryError, --add-opens=java.base/java.util=ALL-UNNAMED, --add-opens=java.base/java.lang=ALL-UNNAMED, --add-opens=java.base/java.lang.invoke=ALL-UNNAMED, --add-opens=java.prefs/java.util.prefs=ALL-UNNAMED, --add-opens=java.base/java.nio.charset=ALL-UNNAMED, --add-opens=java.base/java.net=ALL-UNNAMED, --add-opens=java.base/java.util.concurrent.atomic=ALL-UNNAMED, -Xms256m, -Xmx512m, -Dfile.encoding=UTF-8, -Duser.country=RU, -Duser.language=ru, -Duser.variant]
2023-12-04T10:51:23.395+0600 [INFO] [org.gradle.launcher.daemon.server.Daemon] start() called on daemon - DefaultDaemonContext[uid=4ac95c09-326b-40ba-af9e-c5ec7319619c,javaHome=/snap/android-studio/128/android-studio/jbr,daemonRegistryDir=/home/user/AndroidStudioProjects/daemon,pid=4530,idleTimeout=10800000,priority=NORMAL,daemonOpts=--add-opens=java.base/java.util.concurrent.atomic=ALL-UNNAMED,-XX:MaxMetaspaceSize=256m,-XX:+HeapDumpOnOutOfMemoryError,--add-opens=java.base/java.util=ALL-UNNAMED,--add-opens=java.base/java.lang=ALL-UNNAMED,--add-opens=java.base/java.lang.invoke=ALL-UNNAMED,--add-opens=java.prefs/java.util.prefs=ALL-UNNAMED,--add-opens=java.base/java.nio.charset=ALL-UNNAMED,--add-opens=java.base/java.net=ALL-UNNAMED,--add-opens=java.base/java.util.concurrent.atomic=ALL-UNNAMED,-Xms256m,-Xmx512m,-Dfile.encoding=UTF-8,-Duser.country=RU,-Duser.language=ru,-Duser.variant]
2023-12-04T10:51:23.455+0600 [DEBUG] [org.gradle.internal.remote.internal.inet.InetAddresses] Adding IP addresses for network interface wlp2s0
2023-12-04T10:51:23.456+0600 [DEBUG] [org.gradle.internal.remote.internal.inet.InetAddresses] Is this a loopback interface? false
2023-12-04T10:51:23.457+0600 [DEBUG] [org.gradle.internal.remote.internal.inet.InetAddresses] Adding remote address /fe80:0:0:0:b3e5:e64f:65c5:ed0b%wlp2s0
2023-12-04T10:51:23.457+0600 [DEBUG] [org.gradle.internal.remote.internal.inet.InetAddresses] Adding remote address /192.168.202.64
2023-12-04T10:51:23.457+0600 [DEBUG] [org.gradle.internal.remote.internal.inet.InetAddresses] Adding IP addresses for network interface lo
2023-12-04T10:51:23.459+0600 [DEBUG] [org.gradle.internal.remote.internal.inet.InetAddresses] Is this a loopback interface? true
2023-12-04T10:51:23.459+0600 [DEBUG] [org.gradle.internal.remote.internal.inet.InetAddresses] Adding loopback address /0:0:0:0:0:0:0:1%lo
2023-12-04T10:51:23.459+0600 [DEBUG] [org.gradle.internal.remote.internal.inet.InetAddresses] Adding loopback address /127.0.0.1
2023-12-04T10:51:23.463+0600 [DEBUG] [org.gradle.internal.remote.internal.inet.TcpIncomingConnector] Listening on [403c9925-5e1b-43cd-be4a-28db83f68498 port:44501, addresses:[localhost/127.0.0.1]].
2023-12-04T10:51:23.476+0600 [DEBUG] [org.gradle.launcher.daemon.server.Daemon] Daemon starting at: Mon Dec 04 10:51:23 KGT 2023, with address: [403c9925-5e1b-43cd-be4a-28db83f68498 port:44501, addresses:[localhost/127.0.0.1]]
2023-12-04T10:51:23.476+0600 [INFO] [org.gradle.launcher.daemon.server.DaemonRegistryUpdater] Advertising the daemon address to the clients: [403c9925-5e1b-43cd-be4a-28db83f68498 port:44501, addresses:[localhost/127.0.0.1]]
2023-12-04T10:51:23.477+0600 [DEBUG] [org.gradle.launcher.daemon.server.DaemonRegistryUpdater] Advertised daemon context: DefaultDaemonContext[uid=4ac95c09-326b-40ba-af9e-c5ec7319619c,javaHome=/snap/android-studio/128/android-studio/jbr,daemonRegistryDir=/home/user/AndroidStudioProjects/daemon,pid=4530,idleTimeout=10800000,priority=NORMAL,daemonOpts=--add-opens=java.base/java.util.concurrent.atomic=ALL-UNNAMED,-XX:MaxMetaspaceSize=256m,-XX:+HeapDumpOnOutOfMemoryError,--add-opens=java.base/java.util=ALL-UNNAMED,--add-opens=java.base/java.lang=ALL-UNNAMED,--add-opens=java.base/java.lang.invoke=ALL-UNNAMED,--add-opens=java.prefs/java.util.prefs=ALL-UNNAMED,--add-opens=java.base/java.nio.charset=ALL-UNNAMED,--add-opens=java.base/java.net=ALL-UNNAMED,--add-opens=java.base/java.util.concurrent.atomic=ALL-UNNAMED,-Xms256m,-Xmx512m,-Dfile.encoding=UTF-8,-Duser.country=RU,-Duser.language=ru,-Duser.variant]
2023-12-04T10:51:23.479+0600 [DEBUG] [org.gradle.launcher.daemon.registry.PersistentDaemonRegistry] Storing daemon address: [403c9925-5e1b-43cd-be4a-28db83f68498 port:44501, addresses:[localhost/127.0.0.1]], context: DefaultDaemonContext[uid=4ac95c09-326b-40ba-af9e-c5ec7319619c,javaHome=/snap/android-studio/128/android-studio/jbr,daemonRegistryDir=/home/user/AndroidStudioProjects/daemon,pid=4530,idleTimeout=10800000,priority=NORMAL,daemonOpts=--add-opens=java.base/java.util.concurrent.atomic=ALL-UNNAMED,-XX:MaxMetaspaceSize=256m,-XX:+HeapDumpOnOutOfMemoryError,--add-opens=java.base/java.util=ALL-UNNAMED,--add-opens=java.base/java.lang=ALL-UNNAMED,--add-opens=java.base/java.lang.invoke=ALL-UNNAMED,--add-opens=java.prefs/java.util.prefs=ALL-UNNAMED,--add-opens=java.base/java.nio.charset=ALL-UNNAMED,--add-opens=java.base/java.net=ALL-UNNAMED,--add-opens=java.base/java.util.concurrent.atomic=ALL-UNNAMED,-Xms256m,-Xmx512m,-Dfile.encoding=UTF-8,-Duser.country=RU,-Duser.language=ru,-Duser.variant]
2023-12-04T10:51:23.495+0600 [DEBUG] [org.gradle.cache.internal.DefaultFileLockManager] Waiting to acquire exclusive lock on daemon addresses registry.
2023-12-04T10:51:23.501+0600 [DEBUG] [org.gradle.cache.internal.DefaultFileLockManager] Lock acquired on daemon addresses registry.
2023-12-04T10:51:23.509+0600 [DEBUG] [org.gradle.cache.internal.DefaultFileLockManager] Releasing lock on daemon addresses registry.
2023-12-04T10:51:23.509+0600 [LIFECYCLE] [org.gradle.launcher.daemon.server.Daemon] Daemon server started.
2023-12-04T10:51:23.511+0600 [DEBUG] [org.gradle.launcher.daemon.bootstrap.DaemonStartupCommunication] Completed writing the daemon greeting. Closing streams...
2023-12-04T10:51:23.523+0600 [DEBUG] [org.gradle.launcher.daemon.server.Daemon] stopOnExpiration() called on daemon
2023-12-04T10:51:23.525+0600 [DEBUG] [org.gradle.internal.remote.internal.inet.TcpIncomingConnector] Accepted connection from /127.0.0.1:33440 to /127.0.0.1:44501.
2023-12-04T10:51:23.525+0600 [DEBUG] [org.gradle.launcher.daemon.server.Daemon] awaitExpiration() called on daemon
2023-12-04T10:51:23.527+0600 [DEBUG] [org.gradle.launcher.daemon.server.DaemonStateCoordinator] daemon is running. Sleeping until state changes.
2023-12-04T10:51:23.635+0600 [DEBUG] [org.gradle.launcher.daemon.server.SynchronizedDispatchConnection] thread 20: received class org.gradle.launcher.daemon.protocol.Build
2023-12-04T10:51:23.636+0600 [DEBUG] [org.gradle.launcher.daemon.server.DefaultDaemonConnection] thread 20: Received non-IO message from client: Build{id=7cf8e3b4-547f-4587-a5f7-999342b8c0d2, currentDir=/home/user/AndroidStudioProjects}
2023-12-04T10:51:23.637+0600 [INFO] [org.gradle.launcher.daemon.server.DefaultIncomingConnectionHandler] Received command: Build{id=7cf8e3b4-547f-4587-a5f7-999342b8c0d2, currentDir=/home/user/AndroidStudioProjects}.
2023-12-04T10:51:23.637+0600 [DEBUG] [org.gradle.launcher.daemon.server.DefaultIncomingConnectionHandler] Starting executing command: Build{id=7cf8e3b4-547f-4587-a5f7-999342b8c0d2, currentDir=/home/user/AndroidStudioProjects} with connection: socket connection from /127.0.0.1:44501 to /127.0.0.1:33440.
2023-12-04T10:51:23.642+0600 [DEBUG] [org.gradle.launcher.daemon.server.DaemonStateCoordinator] Command execution: started DaemonCommandExecution[command = Build{id=7cf8e3b4-547f-4587-a5f7-999342b8c0d2, currentDir=/home/user/AndroidStudioProjects}, connection = DefaultDaemonConnection: socket connection from /127.0.0.1:44501 to /127.0.0.1:33440] after 0.0 minutes of idle
2023-12-04T10:51:23.643+0600 [INFO] [org.gradle.launcher.daemon.server.DaemonRegistryUpdater] Marking the daemon as busy, address: [403c9925-5e1b-43cd-be4a-28db83f68498 port:44501, addresses:[localhost/127.0.0.1]]
2023-12-04T10:51:23.643+0600 [DEBUG] [org.gradle.launcher.daemon.registry.PersistentDaemonRegistry] Marking busy by address: [403c9925-5e1b-43cd-be4a-28db83f68498 port:44501, addresses:[localhost/127.0.0.1]]
2023-12-04T10:51:23.645+0600 [DEBUG] [org.gradle.cache.internal.DefaultFileLockManager] Waiting to acquire exclusive lock on daemon addresses registry.
2023-12-04T10:51:23.646+0600 [DEBUG] [org.gradle.cache.internal.DefaultFileLockManager] Lock acquired on daemon addresses registry.
2023-12-04T10:51:23.648+0600 [DEBUG] [org.gradle.cache.internal.DefaultFileLockManager] Releasing lock on daemon addresses registry.
2023-12-04T10:51:23.649+0600 [DEBUG] [org.gradle.launcher.daemon.server.DaemonStateCoordinator] resetting idle timer
2023-12-04T10:51:23.650+0600 [DEBUG] [org.gradle.launcher.daemon.server.DaemonStateCoordinator] daemon is running. Sleeping until state changes.
2023-12-04T10:51:23.651+0600 [INFO] [org.gradle.launcher.daemon.server.exec.StartBuildOrRespondWithBusy] Daemon is about to start building Build{id=7cf8e3b4-547f-4587-a5f7-999342b8c0d2, currentDir=/home/user/AndroidStudioProjects}. Dispatching build started information...
2023-12-04T10:51:23.651+0600 [DEBUG] [org.gradle.launcher.daemon.server.SynchronizedDispatchConnection] thread 22: dispatching org.gradle.launcher.daemon.protocol.BuildStarted@6382bbd2
2023-12-04T10:51:23.656+0600 [DEBUG] [org.gradle.launcher.daemon.server.exec.EstablishBuildEnvironment] Configuring env variables: [PATH, XAUTHORITY, INVOCATION_ID, LC_MEASUREMENT, XMODIFIERS, LC_TELEPHONE, GDMSESSION, XDG_DATA_DIRS, LC_TIME, SNAP_COMMON, SNAP_INSTANCE_KEY, DBUS_SESSION_BUS_ADDRESS, SNAP_USER_COMMON, SNAP_REVISION, XDG_CURRENT_DESKTOP, JOURNAL_STREAM, LC_PAPER, USERNAME, SESSION_MANAGER, LOGNAME, PWD, MANAGERPID, IM_CONFIG_PHASE, SNAP_UID, GJS_DEBUG_TOPICS, SHELL, LC_ADDRESS, GIO_LAUNCHED_DESKTOP_FILE, BAMF_DESKTOP_FILE_HINT, GNOME_DESKTOP_SESSION_ID, GTK_MODULES, DEBUGINFOD_URLS, SNAP_ARCH, SYSTEMD_EXEC_PID, GNOME_SETUP_DISPLAY, SNAP_LIBRARY_PATH, XDG_SESSION_DESKTOP, SSH_AGENT_LAUNCHER, SHLVL, LC_IDENTIFICATION, SNAP_EUID, LC_MONETARY, SNAP_NAME, QT_IM_MODULE, XDG_CONFIG_DIRS, LANG, SNAP_INSTANCE_NAME, XDG_SESSION_TYPE, SNAP_USER_DATA, DISPLAY, SNAP_REEXEC, WAYLAND_DISPLAY, SNAP_VERSION, LC_NAME, _, XDG_SESSION_CLASS, SNAP_DATA, DESKTOP_SESSION, SNAP, USER, SNAP_REAL_HOME, XDG_MENU_PREFIX, GIO_LAUNCHED_DESKTOP_FILE_PID, PULSE_SERVER, QT_ACCESSIBILITY, GJS_DEBUG_OUTPUT, LC_NUMERIC, SSH_AUTH_SOCK, GNOME_SHELL_SESSION_MODE, SNAP_CONTEXT, XDG_RUNTIME_DIR, HOME, SNAP_COOKIE]
2023-12-04T10:51:23.680+0600 [DEBUG] [org.gradle.launcher.daemon.server.exec.LogToClient] About to start relaying all logs to the client via the connection.
2023-12-04T10:51:23.680+0600 [INFO] [org.gradle.launcher.daemon.server.exec.LogToClient] The client will now receive all logging from the daemon (pid: 4530). The daemon log file: /home/user/AndroidStudioProjects/daemon/8.0/daemon-4530.out.log
2023-12-04T10:51:23.682+0600 [DEBUG] [org.gradle.launcher.daemon.server.SynchronizedDispatchConnection] thread 20: received class org.gradle.launcher.daemon.protocol.CloseInput
2023-12-04T10:51:23.682+0600 [DEBUG] [org.gradle.launcher.daemon.server.DefaultDaemonConnection] thread 20: Received IO message from client: org.gradle.launcher.daemon.protocol.CloseInput@660e450d
2023-12-04T10:51:23.686+0600 [INFO] [org.gradle.launcher.daemon.server.exec.LogAndCheckHealth] Starting build in new daemon [memory: 512 MiB]
2023-12-04T10:51:23.689+0600 [INFO] [org.gradle.launcher.daemon.server.exec.ForwardClientInput] Closing daemon's stdin at end of input.
2023-12-04T10:51:23.689+0600 [INFO] [org.gradle.launcher.daemon.server.exec.ForwardClientInput] The daemon will no longer process any standard input.
2023-12-04T10:51:23.696+0600 [DEBUG] [org.gradle.launcher.daemon.server.exec.ExecuteBuild] The daemon has started executing the build.
2023-12-04T10:51:23.697+0600 [DEBUG] [org.gradle.launcher.daemon.server.exec.ExecuteBuild] Executing build with daemon context: DefaultDaemonContext[uid=4ac95c09-326b-40ba-af9e-c5ec7319619c,javaHome=/snap/android-studio/128/android-studio/jbr,daemonRegistryDir=/home/user/AndroidStudioProjects/daemon,pid=4530,idleTimeout=10800000,priority=NORMAL,daemonOpts=--add-opens=java.base/java.util.concurrent.atomic=ALL-UNNAMED,-XX:MaxMetaspaceSize=256m,-XX:+HeapDumpOnOutOfMemoryError,--add-opens=java.base/java.util=ALL-UNNAMED,--add-opens=java.base/java.lang=ALL-UNNAMED,--add-opens=java.base/java.lang.invoke=ALL-UNNAMED,--add-opens=java.prefs/java.util.prefs=ALL-UNNAMED,--add-opens=java.base/java.nio.charset=ALL-UNNAMED,--add-opens=java.base/java.net=ALL-UNNAMED,--add-opens=java.base/java.util.concurrent.atomic=ALL-UNNAMED,-Xms256m,-Xmx512m,-Dfile.encoding=UTF-8,-Duser.country=RU,-Duser.language=ru,-Duser.variant]

BUILD SUCCESSFUL in 46s
2023-12-04T10:52:04.297+0600 [DEBUG] [org.gradle.launcher.daemon.server.exec.ExecuteBuild] The daemon has finished executing the build.
2023-12-04T10:52:04.305+0600 [DEBUG] [org.gradle.launcher.daemon.server.DaemonStateCoordinator] daemon is running. Sleeping until state changes.
2023-12-04T10:52:04.306+0600 [DEBUG] [org.gradle.launcher.daemon.server.DaemonStateCoordinator] Command execution: finished waiting for DaemonCommandExecution[command = Build{id=7cf8e3b4-547f-4587-a5f7-999342b8c0d2, currentDir=/home/user/AndroidStudioProjects}, connection = DefaultDaemonConnection: socket connection from /127.0.0.1:44501 to /127.0.0.1:33440]. Result org.gradle.launcher.daemon.server.DaemonStateCoordinator@5ec13d1c with state Busy
2023-12-04T10:52:04.306+0600 [DEBUG] [org.gradle.launcher.daemon.server.DaemonStateCoordinator] Command execution: completed DaemonCommandExecution[command = Build{id=7cf8e3b4-547f-4587-a5f7-999342b8c0d2, currentDir=/home/user/AndroidStudioProjects}, connection = DefaultDaemonConnection: socket connection from /127.0.0.1:44501 to /127.0.0.1:33440]
2023-12-04T10:52:04.306+0600 [DEBUG] [org.gradle.launcher.daemon.server.DaemonStateCoordinator] resetting idle timer
2023-12-04T10:52:04.307+0600 [INFO] [org.gradle.launcher.daemon.server.DaemonRegistryUpdater] Marking the daemon as idle, address: [403c9925-5e1b-43cd-be4a-28db83f68498 port:44501, addresses:[localhost/127.0.0.1]]
2023-12-04T10:52:04.307+0600 [DEBUG] [org.gradle.launcher.daemon.registry.PersistentDaemonRegistry] Marking busy by address: [403c9925-5e1b-43cd-be4a-28db83f68498 port:44501, addresses:[localhost/127.0.0.1]]
2023-12-04T10:52:04.308+0600 [DEBUG] [org.gradle.cache.internal.DefaultFileLockManager] Waiting to acquire exclusive lock on daemon addresses registry.
2023-12-04T10:52:04.308+0600 [DEBUG] [org.gradle.cache.internal.DefaultFileLockManager] Lock acquired on daemon addresses registry.
2023-12-04T10:52:04.310+0600 [DEBUG] [org.gradle.cache.internal.DefaultFileLockManager] Releasing lock on daemon addresses registry.
2023-12-04T10:52:04.310+0600 [DEBUG] [org.gradle.launcher.daemon.server.DaemonStateCoordinator] daemon is running. Sleeping until state changes.
2023-12-04T10:52:04.311+0600 [DEBUG] [org.gradle.launcher.daemon.server.exec.ReturnResult] Daemon is dispatching the build result: Success[value=org.gradle.launcher.exec.BuildActionResult@5d3d0064]
2023-12-04T10:52:04.311+0600 [DEBUG] [org.gradle.launcher.daemon.server.SynchronizedDispatchConnection] thread 19: dispatching Success[value=org.gradle.launcher.exec.BuildActionResult@5d3d0064]
2023-12-04T10:52:04.313+0600 [DEBUG] [org.gradle.launcher.daemon.server.DefaultIncomingConnectionHandler] Finishing executing command: Build{id=7cf8e3b4-547f-4587-a5f7-999342b8c0d2, currentDir=/home/user/AndroidStudioProjects}
2023-12-04T10:52:04.314+0600 [DEBUG] [org.gradle.launcher.daemon.server.SynchronizedDispatchConnection] thread 20: received class org.gradle.launcher.daemon.protocol.Finished
2023-12-04T10:52:04.314+0600 [DEBUG] [org.gradle.launcher.daemon.server.DefaultDaemonConnection] thread 20: Received non-IO message from client: org.gradle.launcher.daemon.protocol.Finished@31aa5cd1
2023-12-04T10:52:04.315+0600 [DEBUG] [org.gradle.launcher.daemon.server.DefaultIncomingConnectionHandler] Received finished message: org.gradle.launcher.daemon.protocol.Finished@31aa5cd1
2023-12-04T10:52:04.315+0600 [DEBUG] [org.gradle.launcher.daemon.server.SynchronizedDispatchConnection] thread 19: stopping connection
2023-12-04T10:52:04.315+0600 [DEBUG] [org.gradle.internal.remote.internal.inet.SocketConnection] Discarding EOFException: java.io.EOFException
2023-12-04T10:52:04.316+0600 [DEBUG] [org.gradle.launcher.daemon.server.SynchronizedDispatchConnection] thread 20: received null
2023-12-04T10:52:04.316+0600 [DEBUG] [org.gradle.launcher.daemon.server.DefaultDaemonConnection] thread 20: Received end-of-input from client.
2023-12-04T10:52:04.319+0600 [DEBUG] [org.gradle.launcher.daemon.server.SynchronizedDispatchConnection] thread 19: stopping connection
2023-12-04T10:52:13.526+0600 [DEBUG] [org.gradle.cache.internal.DefaultFileLockManager] Waiting to acquire shared lock on daemon addresses registry.
2023-12-04T10:52:13.526+0600 [DEBUG] [org.gradle.cache.internal.DefaultFileLockManager] Lock acquired on daemon addresses registry.
2023-12-04T10:52:13.526+0600 [DEBUG] [org.gradle.cache.internal.DefaultFileLockManager] Releasing lock on daemon addresses registry.
2023-12-04T10:52:13.527+0600 [DEBUG] [org.gradle.cache.internal.DefaultFileLockManager] Waiting to acquire shared lock on daemon addresses registry.
2023-12-04T10:52:13.528+0600 [DEBUG] [org.gradle.cache.internal.DefaultFileLockManager] Lock acquired on daemon addresses registry.
2023-12-04T10:52:13.528+0600 [DEBUG] [org.gradle.cache.internal.DefaultFileLockManager] Releasing lock on daemon addresses registry.
2023-12-04T10:52:23.526+0600 [DEBUG] [org.gradle.cache.internal.DefaultFileLockManager] Waiting to acquire shared lock on daemon addresses registry.
2023-12-04T10:52:23.526+0600 [DEBUG] [org.gradle.cache.internal.DefaultFileLockManager] Lock acquired on daemon addresses registry.
2023-12-04T10:52:23.528+0600 [DEBUG] [org.gradle.cache.internal.DefaultFileLockManager] Releasing lock on daemon addresses registry.
2023-12-04T10:52:23.529+0600 [DEBUG] [org.gradle.cache.internal.DefaultFileLockManager] Waiting to acquire shared lock on daemon addresses registry.
2023-12-04T10:52:23.533+0600 [DEBUG] [org.gradle.cache.internal.DefaultFileLockManager] Lock acquired on daemon addresses registry.
2023-12-04T10:52:23.534+0600 [DEBUG] [org.gradle.cache.internal.DefaultFileLockManager] Releasing lock on daemon addresses registry.
2023-12-04T10:52:23.534+0600 [DEBUG] [org.gradle.cache.internal.DefaultFileLockManager] Waiting to acquire shared lock on daemon addresses registry.
2023-12-04T10:52:23.535+0600 [DEBUG] [org.gradle.cache.internal.DefaultFileLockManager] Lock acquired on daemon addresses registry.
2023-12-04T10:52:23.535+0600 [DEBUG] [org.gradle.cache.internal.DefaultFileLockManager] Releasing lock on daemon addresses registry.
2023-12-04T10:52:33.526+0600 [DEBUG] [org.gradle.cache.internal.DefaultFileLockManager] Waiting to acquire shared lock on daemon addresses registry.
2023-12-04T10:52:33.527+0600 [DEBUG] [org.gradle.cache.internal.DefaultFileLockManager] Lock acquired on daemon addresses registry.
2023-12-04T10:52:33.530+0600 [DEBUG] [org.gradle.cache.internal.DefaultFileLockManager] Releasing lock on daemon addresses registry.
2023-12-04T10:52:33.532+0600 [DEBUG] [org.gradle.cache.internal.DefaultFileLockManager] Waiting to acquire shared lock on daemon addresses registry.
2023-12-04T10:52:33.532+0600 [DEBUG] [org.gradle.cache.internal.DefaultFileLockManager] Lock acquired on daemon addresses registry.
2023-12-04T10:52:33.533+0600 [DEBUG] [org.gradle.cache.internal.DefaultFileLockManager] Releasing lock on daemon addresses registry.
2023-12-04T10:52:33.533+0600 [DEBUG] [org.gradle.cache.internal.DefaultFileLockManager] Waiting to acquire shared lock on daemon addresses registry.
2023-12-04T10:52:33.534+0600 [DEBUG] [org.gradle.cache.internal.DefaultFileLockManager] Lock acquired on daemon addresses registry.
2023-12-04T10:52:33.534+0600 [DEBUG] [org.gradle.cache.internal.DefaultFileLockManager] Releasing lock on daemon addresses registry.
2023-12-04T10:52:43.525+0600 [DEBUG] [org.gradle.cache.internal.DefaultFileLockManager] Waiting to acquire shared lock on daemon addresses registry.
2023-12-04T10:52:43.528+0600 [DEBUG] [org.gradle.cache.internal.DefaultFileLockManager] Lock acquired on daemon addresses registry.
2023-12-04T10:52:43.546+0600 [DEBUG] [org.gradle.cache.internal.DefaultFileLockManager] Releasing lock on daemon addresses registry.
2023-12-04T10:52:43.547+0600 [DEBUG] [org.gradle.cache.internal.DefaultFileLockManager] Waiting to acquire shared lock on daemon addresses registry.
2023-12-04T10:52:43.547+0600 [DEBUG] [org.gradle.cache.internal.DefaultFileLockManager] Lock acquired on daemon addresses registry.
2023-12-04T10:52:43.548+0600 [DEBUG] [org.gradle.cache.internal.DefaultFileLockManager] Releasing lock on daemon addresses registry.
2023-12-04T10:52:43.549+0600 [DEBUG] [org.gradle.cache.internal.DefaultFileLockManager] Waiting to acquire shared lock on daemon addresses registry.
2023-12-04T10:52:43.549+0600 [DEBUG] [org.gradle.cache.internal.DefaultFileLockManager] Lock acquired on daemon addresses registry.
2023-12-04T10:52:43.550+0600 [DEBUG] [org.gradle.cache.internal.DefaultFileLockManager] Releasing lock on daemon addresses registry.
2023-12-04T10:52:53.526+0600 [DEBUG] [org.gradle.cache.internal.DefaultFileLockManager] Waiting to acquire shared lock on daemon addresses registry.
2023-12-04T10:52:53.526+0600 [DEBUG] [org.gradle.cache.internal.DefaultFileLockManager] Lock acquired on daemon addresses registry.
2023-12-04T10:52:53.528+0600 [DEBUG] [org.gradle.cache.internal.DefaultFileLockManager] Releasing lock on daemon addresses registry.
2023-12-04T10:52:53.530+0600 [DEBUG] [org.gradle.cache.internal.DefaultFileLockManager] Waiting to acquire shared lock on daemon addresses registry.
2023-12-04T10:52:53.530+0600 [DEBUG] [org.gradle.cache.internal.DefaultFileLockManager] Lock acquired on daemon addresses registry.
2023-12-04T10:52:53.531+0600 [DEBUG] [org.gradle.cache.internal.DefaultFileLockManager] Releasing lock on daemon addresses registry.
2023-12-04T10:52:53.531+0600 [DEBUG] [org.gradle.cache.internal.DefaultFileLockManager] Waiting to acquire shared lock on daemon addresses registry.
2023-12-04T10:52:53.539+0600 [DEBUG] [org.gradle.cache.internal.DefaultFileLockManager] Lock acquired on daemon addresses registry.
2023-12-04T10:52:53.542+0600 [DEBUG] [org.gradle.cache.internal.DefaultFileLockManager] Releasing lock on daemon addresses registry.
2023-12-04T10:52:54.425+0600 [DEBUG] [org.gradle.process.internal.health.memory.DefaultMemoryManager] 402653184 memory requested, 376471552 free
2023-12-04T10:52:54.426+0600 [DEBUG] [org.gradle.workers.internal.WorkerDaemonExpiration] Will attempt to release 384 of memory
2023-12-04T10:52:54.435+0600 [DEBUG] [org.gradle.process.internal.health.memory.DefaultMemoryManager] 402653184 memory requested, 0 released, 376471552 free
2023-12-04T10:52:59.426+0600 [DEBUG] [org.gradle.process.internal.health.memory.DefaultMemoryManager] 402653184 memory requested, 396955648 free
2023-12-04T10:52:59.426+0600 [DEBUG] [org.gradle.workers.internal.WorkerDaemonExpiration] Will attempt to release 384 of memory
2023-12-04T10:52:59.426+0600 [DEBUG] [org.gradle.process.internal.health.memory.DefaultMemoryManager] 402653184 memory requested, 0 released, 396955648 free
2023-12-04T10:53:03.526+0600 [DEBUG] [org.gradle.cache.internal.DefaultFileLockManager] Waiting to acquire shared lock on daemon addresses registry.
2023-12-04T10:53:03.527+0600 [DEBUG] [org.gradle.cache.internal.DefaultFileLockManager] Lock acquired on daemon addresses registry.
2023-12-04T10:53:03.528+0600 [DEBUG] [org.gradle.cache.internal.DefaultFileLockManager] Releasing lock on daemon addresses registry.
2023-12-04T10:53:03.529+0600 [DEBUG] [org.gradle.cache.internal.DefaultFileLockManager] Waiting to acquire shared lock on daemon addresses registry.
2023-12-04T10:53:03.529+0600 [DEBUG] [org.gradle.cache.internal.DefaultFileLockManager] Lock acquired on daemon addresses registry.
2023-12-04T10:53:03.530+0600 [DEBUG] [org.gradle.cache.internal.DefaultFileLockManager] Releasing lock on daemon addresses registry.
2023-12-04T10:53:03.531+0600 [DEBUG] [org.gradle.cache.internal.DefaultFileLockManager] Waiting to acquire shared lock on daemon addresses registry.
2023-12-04T10:53:03.531+0600 [DEBUG] [org.gradle.cache.internal.DefaultFileLockManager] Lock acquired on daemon addresses registry.
2023-12-04T10:53:03.533+0600 [DEBUG] [org.gradle.cache.internal.DefaultFileLockManager] Releasing lock on daemon addresses registry.
2023-12-04T10:53:04.426+0600 [DEBUG] [org.gradle.process.internal.health.memory.DefaultMemoryManager] 402653184 memory requested, 363802624 free
2023-12-04T10:53:04.427+0600 [DEBUG] [org.gradle.workers.internal.WorkerDaemonExpiration] Will attempt to release 384 of memory
2023-12-04T10:53:04.427+0600 [DEBUG] [org.gradle.process.internal.health.memory.DefaultMemoryManager] 402653184 memory requested, 0 released, 363802624 free
2023-12-04T10:53:07.812+0600 [DEBUG] [org.gradle.internal.remote.internal.inet.TcpIncomingConnector] Accepted connection from /127.0.0.1:46910 to /127.0.0.1:44501.
2023-12-04T10:53:07.822+0600 [DEBUG] [org.gradle.launcher.daemon.server.SynchronizedDispatchConnection] thread 92: received class org.gradle.launcher.daemon.protocol.InvalidateVirtualFileSystem
2023-12-04T10:53:07.823+0600 [DEBUG] [org.gradle.launcher.daemon.server.DefaultDaemonConnection] thread 92: Received non-IO message from client: InvalidateVirtualFileSystem[id=de824caa-e851-42cf-8b2b-72fc7c15ef10]
2023-12-04T10:53:07.823+0600 [INFO] [org.gradle.launcher.daemon.server.DefaultIncomingConnectionHandler] Received command: InvalidateVirtualFileSystem[id=de824caa-e851-42cf-8b2b-72fc7c15ef10].
2023-12-04T10:53:07.823+0600 [DEBUG] [org.gradle.launcher.daemon.server.DefaultIncomingConnectionHandler] Starting executing command: InvalidateVirtualFileSystem[id=de824caa-e851-42cf-8b2b-72fc7c15ef10] with connection: socket connection from /127.0.0.1:44501 to /127.0.0.1:46910.
2023-12-04T10:53:07.825+0600 [INFO] [org.gradle.launcher.daemon.server.api.HandleInvalidateVirtualFileSystem] Invalidating [/home/user/AndroidStudioProjects/rm_10/build.gradle.kts]
2023-12-04T10:53:07.827+0600 [DEBUG] [org.gradle.internal.vfs.impl.AbstractVirtualFileSystem] Invalidating VFS paths: [/home/user/AndroidStudioProjects/rm_10/build.gradle.kts]
2023-12-04T10:53:07.832+0600 [DEBUG] [org.gradle.launcher.daemon.server.SynchronizedDispatchConnection] thread 91: dispatching Success[value=null]
2023-12-04T10:53:07.832+0600 [DEBUG] [org.gradle.launcher.daemon.server.DefaultIncomingConnectionHandler] Finishing executing command: InvalidateVirtualFileSystem[id=de824caa-e851-42cf-8b2b-72fc7c15ef10]
2023-12-04T10:53:07.832+0600 [DEBUG] [org.gradle.launcher.daemon.server.SynchronizedDispatchConnection] thread 92: received class org.gradle.launcher.daemon.protocol.Finished
2023-12-04T10:53:07.833+0600 [DEBUG] [org.gradle.launcher.daemon.server.DefaultDaemonConnection] thread 92: Received non-IO message from client: org.gradle.launcher.daemon.protocol.Finished@6e61863e
2023-12-04T10:53:07.833+0600 [DEBUG] [org.gradle.launcher.daemon.server.DefaultIncomingConnectionHandler] Received finished message: org.gradle.launcher.daemon.protocol.Finished@6e61863e
2023-12-04T10:53:07.833+0600 [DEBUG] [org.gradle.launcher.daemon.server.SynchronizedDispatchConnection] thread 91: stopping connection
2023-12-04T10:53:07.834+0600 [DEBUG] [org.gradle.internal.remote.internal.inet.SocketConnection] Discarding EOFException: java.io.EOFException
2023-12-04T10:53:07.834+0600 [DEBUG] [org.gradle.launcher.daemon.server.SynchronizedDispatchConnection] thread 92: received null
2023-12-04T10:53:07.834+0600 [DEBUG] [org.gradle.launcher.daemon.server.DefaultDaemonConnection] thread 92: Received end-of-input from client.
2023-12-04T10:53:07.835+0600 [DEBUG] [org.gradle.launcher.daemon.server.SynchronizedDispatchConnection] thread 91: stopping connection
2023-12-04T10:53:09.425+0600 [DEBUG] [org.gradle.process.internal.health.memory.DefaultMemoryManager] 402653184 memory requested, 356126720 free
2023-12-04T10:53:09.426+0600 [DEBUG] [org.gradle.workers.internal.WorkerDaemonExpiration] Will attempt to release 384 of memory
2023-12-04T10:53:09.426+0600 [DEBUG] [org.gradle.process.internal.health.memory.DefaultMemoryManager] 402653184 memory requested, 0 released, 356126720 free
2023-12-04T10:53:13.526+0600 [DEBUG] [org.gradle.cache.internal.DefaultFileLockManager] Waiting to acquire shared lock on daemon addresses registry.
2023-12-04T10:53:13.526+0600 [DEBUG] [org.gradle.cache.internal.DefaultFileLockManager] Lock acquired on daemon addresses registry.
2023-12-04T10:53:13.617+0600 [DEBUG] [org.gradle.cache.internal.DefaultFileLockManager] Releasing lock on daemon addresses registry.
2023-12-04T10:53:13.617+0600 [DEBUG] [org.gradle.cache.internal.DefaultFileLockManager] Waiting to acquire shared lock on daemon addresses registry.
2023-12-04T10:53:13.618+0600 [DEBUG] [org.gradle.cache.internal.DefaultFileLockManager] Lock acquired on daemon addresses registry.
2023-12-04T10:53:13.618+0600 [DEBUG] [org.gradle.cache.internal.DefaultFileLockManager] Releasing lock on daemon addresses registry.
2023-12-04T10:53:13.619+0600 [DEBUG] [org.gradle.cache.internal.DefaultFileLockManager] Waiting to acquire shared lock on daemon addresses registry.
2023-12-04T10:53:13.619+0600 [DEBUG] [org.gradle.cache.internal.DefaultFileLockManager] Lock acquired on daemon addresses registry.
2023-12-04T10:53:13.620+0600 [DEBUG] [org.gradle.cache.internal.DefaultFileLockManager] Releasing lock on daemon addresses registry.
2023-12-04T10:53:14.426+0600 [DEBUG] [org.gradle.process.internal.health.memory.DefaultMemoryManager] 402653184 memory requested, 372129792 free
2023-12-04T10:53:14.427+0600 [DEBUG] [org.gradle.workers.internal.WorkerDaemonExpiration] Will attempt to release 384 of memory
2023-12-04T10:53:14.427+0600 [DEBUG] [org.gradle.process.internal.health.memory.DefaultMemoryManager] 402653184 memory requested, 0 released, 372129792 free
2023-12-04T10:53:16.925+0600 [DEBUG] [org.gradle.cache.internal.LockOnDemandCrossProcessCacheAccess] Lock on journal cache (/home/user/AndroidStudioProjects/caches/journal-1) requested by another process - releasing lock.
2023-12-04T10:53:16.926+0600 [DEBUG] [org.gradle.cache.internal.LockOnDemandCrossProcessCacheAccess] Releasing file lock for journal cache (/home/user/AndroidStudioProjects/caches/journal-1)
2023-12-04T10:53:16.931+0600 [DEBUG] [org.gradle.cache.internal.btree.BTreePersistentIndexedCache] Closing cache file-access.bin (/home/user/AndroidStudioProjects/caches/journal-1/file-access.bin)
2023-12-04T10:53:16.931+0600 [DEBUG] [org.gradle.cache.internal.DefaultFileLockManager] Releasing lock on journal cache (/home/user/AndroidStudioProjects/caches/journal-1).
2023-12-04T10:53:16.932+0600 [DEBUG] [org.gradle.cache.internal.locklistener.FileLockCommunicator] Confirming lock release to Gradle process at port 46997 for lock with id -520607285390379452.
2023-12-04T10:53:16.940+0600 [DEBUG] [org.gradle.cache.internal.locklistener.FileLockCommunicator] Confirming lock release to Gradle process at port 46997 for lock with id -520607285390379452.
2023-12-04T10:53:17.225+0600 [DEBUG] [org.gradle.cache.internal.LockOnDemandCrossProcessCacheAccess] Lock on file hash cache (/home/user/AndroidStudioProjects/caches/8.0/fileHashes) requested by another process - releasing lock.
2023-12-04T10:53:17.225+0600 [DEBUG] [org.gradle.cache.internal.LockOnDemandCrossProcessCacheAccess] Releasing file lock for file hash cache (/home/user/AndroidStudioProjects/caches/8.0/fileHashes)
2023-12-04T10:53:17.226+0600 [DEBUG] [org.gradle.cache.internal.btree.BTreePersistentIndexedCache] Closing cache fileHashes.bin (/home/user/AndroidStudioProjects/caches/8.0/fileHashes/fileHashes.bin)
2023-12-04T10:53:17.226+0600 [DEBUG] [org.gradle.cache.internal.btree.BTreePersistentIndexedCache] Closing cache resourceHashesCache.bin (/home/user/AndroidStudioProjects/caches/8.0/fileHashes/resourceHashesCache.bin)
2023-12-04T10:53:17.227+0600 [DEBUG] [org.gradle.cache.internal.DefaultFileLockManager] Releasing lock on file hash cache (/home/user/AndroidStudioProjects/caches/8.0/fileHashes).
2023-12-04T10:53:17.227+0600 [DEBUG] [org.gradle.cache.internal.locklistener.FileLockCommunicator] Confirming lock release to Gradle process at port 46997 for lock with id -6684575959265940562.
2023-12-04T10:53:17.227+0600 [DEBUG] [org.gradle.cache.internal.locklistener.FileLockCommunicator] Confirming lock release to Gradle process at port 46997 for lock with id -6684575959265940562.
2023-12-04T10:53:19.063+0600 [DEBUG] [org.gradle.cache.internal.LockOnDemandCrossProcessCacheAccess] Lock on jars (/home/user/AndroidStudioProjects/caches/jars-9) requested by another process - releasing lock.
2023-12-04T10:53:19.064+0600 [DEBUG] [org.gradle.cache.internal.LockOnDemandCrossProcessCacheAccess] Releasing file lock for jars (/home/user/AndroidStudioProjects/caches/jars-9)
2023-12-04T10:53:19.064+0600 [DEBUG] [org.gradle.cache.internal.DefaultFileLockManager] Releasing lock on jars (/home/user/AndroidStudioProjects/caches/jars-9).
2023-12-04T10:53:19.064+0600 [DEBUG] [org.gradle.cache.internal.locklistener.FileLockCommunicator] Confirming lock release to Gradle process at port 46997 for lock with id -1105840061878920837.
2023-12-04T10:53:19.065+0600 [DEBUG] [org.gradle.cache.internal.locklistener.FileLockCommunicator] Confirming lock release to Gradle process at port 46997 for lock with id -1105840061878920837.
2023-12-04T10:53:19.426+0600 [DEBUG] [org.gradle.process.internal.health.memory.DefaultMemoryManager] 402653184 memory requested, 347795456 free
2023-12-04T10:53:19.426+0600 [DEBUG] [org.gradle.workers.internal.WorkerDaemonExpiration] Will attempt to release 384 of memory
2023-12-04T10:53:19.426+0600 [DEBUG] [org.gradle.process.internal.health.memory.DefaultMemoryManager] 402653184 memory requested, 0 released, 347795456 free
2023-12-04T10:53:19.860+0600 [DEBUG] [org.gradle.cache.internal.LockOnDemandCrossProcessCacheAccess] Lock on file content cache (/home/user/AndroidStudioProjects/caches/8.0/fileContent) requested by another process - releasing lock.
2023-12-04T10:53:19.861+0600 [DEBUG] [org.gradle.cache.internal.LockOnDemandCrossProcessCacheAccess] Releasing file lock for file content cache (/home/user/AndroidStudioProjects/caches/8.0/fileContent)
2023-12-04T10:53:19.861+0600 [DEBUG] [org.gradle.cache.internal.DefaultFileLockManager] Releasing lock on file content cache (/home/user/AndroidStudioProjects/caches/8.0/fileContent).
2023-12-04T10:53:19.887+0600 [DEBUG] [org.gradle.cache.internal.locklistener.FileLockCommunicator] Confirming lock release to Gradle process at port 46997 for lock with id -7519574825877729849.
2023-12-04T10:53:19.887+0600 [DEBUG] [org.gradle.cache.internal.locklistener.FileLockCommunicator] Confirming lock release to Gradle process at port 46997 for lock with id -7519574825877729849.
2023-12-04T10:53:20.309+0600 [DEBUG] [org.gradle.cache.internal.LockOnDemandCrossProcessCacheAccess] Lock on execution history cache (/home/user/AndroidStudioProjects/caches/8.0/executionHistory) requested by another process - releasing lock.
2023-12-04T10:53:20.310+0600 [DEBUG] [org.gradle.cache.internal.LockOnDemandCrossProcessCacheAccess] Releasing file lock for execution history cache (/home/user/AndroidStudioProjects/caches/8.0/executionHistory)
2023-12-04T10:53:20.310+0600 [DEBUG] [org.gradle.cache.internal.btree.BTreePersistentIndexedCache] Closing cache executionHistory.bin (/home/user/AndroidStudioProjects/caches/8.0/executionHistory/executionHistory.bin)
2023-12-04T10:53:20.310+0600 [DEBUG] [org.gradle.cache.internal.DefaultFileLockManager] Releasing lock on execution history cache (/home/user/AndroidStudioProjects/caches/8.0/executionHistory).
2023-12-04T10:53:20.311+0600 [DEBUG] [org.gradle.cache.internal.locklistener.FileLockCommunicator] Confirming lock release to Gradle process at port 46997 for lock with id 572141637997493587.
2023-12-04T10:53:20.311+0600 [DEBUG] [org.gradle.cache.internal.locklistener.FileLockCommunicator] Confirming lock release to Gradle process at port 46997 for lock with id 572141637997493587.
2023-12-04T10:53:23.526+0600 [DEBUG] [org.gradle.cache.internal.DefaultFileLockManager] Waiting to acquire shared lock on daemon addresses registry.
2023-12-04T10:53:23.679+0600 [DEBUG] [org.gradle.cache.internal.DefaultFileLockManager] Lock acquired on daemon addresses registry.
2023-12-04T10:53:23.754+0600 [DEBUG] [org.gradle.cache.internal.DefaultFileLockManager] Releasing lock on daemon addresses registry.
2023-12-04T10:53:23.755+0600 [DEBUG] [org.gradle.cache.internal.DefaultFileLockManager] Waiting to acquire shared lock on daemon addresses registry.
2023-12-04T10:53:23.826+0600 [DEBUG] [org.gradle.cache.internal.DefaultFileLockManager] Lock acquired on daemon addresses registry.
2023-12-04T10:53:23.827+0600 [DEBUG] [org.gradle.cache.internal.DefaultFileLockManager] Releasing lock on daemon addresses registry.
2023-12-04T10:53:23.828+0600 [DEBUG] [org.gradle.cache.internal.DefaultFileLockManager] Waiting to acquire shared lock on daemon addresses registry.
2023-12-04T10:53:23.829+0600 [DEBUG] [org.gradle.cache.internal.DefaultFileLockManager] Lock acquired on daemon addresses registry.
2023-12-04T10:53:23.829+0600 [DEBUG] [org.gradle.cache.internal.DefaultFileLockManager] Releasing lock on daemon addresses registry.
2023-12-04T10:53:24.426+0600 [DEBUG] [org.gradle.process.internal.health.memory.DefaultMemoryManager] 402653184 memory requested, 325234688 free
2023-12-04T10:53:24.687+0600 [DEBUG] [org.gradle.workers.internal.WorkerDaemonExpiration] Will attempt to release 384 of memory
2023-12-04T10:53:24.687+0600 [DEBUG] [org.gradle.process.internal.health.memory.DefaultMemoryManager] 402653184 memory requested, 0 released, 325234688 free
2023-12-04T10:53:29.426+0600 [DEBUG] [org.gradle.process.internal.health.memory.DefaultMemoryManager] 402653184 memory requested, 338771968 free
2023-12-04T10:53:29.426+0600 [DEBUG] [org.gradle.workers.internal.WorkerDaemonExpiration] Will attempt to release 384 of memory
2023-12-04T10:53:29.426+0600 [DEBUG] [org.gradle.process.internal.health.memory.DefaultMemoryManager] 402653184 memory requested, 0 released, 338771968 free
2023-12-04T10:53:29.861+0600 [DEBUG] [org.gradle.cache.internal.LockOnDemandCrossProcessCacheAccess] Lock on kotlin-dsl (/home/user/AndroidStudioProjects/caches/8.0/kotlin-dsl) requested by another process - releasing lock.
2023-12-04T10:53:29.862+0600 [DEBUG] [org.gradle.cache.internal.LockOnDemandCrossProcessCacheAccess] Releasing file lock for kotlin-dsl (/home/user/AndroidStudioProjects/caches/8.0/kotlin-dsl)
2023-12-04T10:53:29.863+0600 [DEBUG] [org.gradle.cache.internal.btree.BTreePersistentIndexedCache] Closing cache executionHistory.bin (/home/user/AndroidStudioProjects/caches/8.0/kotlin-dsl/executionHistory.bin)
2023-12-04T10:53:29.863+0600 [DEBUG] [org.gradle.cache.internal.DefaultFileLockManager] Releasing lock on kotlin-dsl (/home/user/AndroidStudioProjects/caches/8.0/kotlin-dsl).
2023-12-04T10:53:29.863+0600 [DEBUG] [org.gradle.cache.internal.locklistener.FileLockCommunicator] Confirming lock release to Gradle process at port 46997 for lock with id -4376823503050117692.
2023-12-04T10:53:29.864+0600 [DEBUG] [org.gradle.cache.internal.locklistener.FileLockCommunicator] Confirming lock release to Gradle process at port 46997 for lock with id -4376823503050117692.
2023-12-04T10:53:29.956+0600 [DEBUG] [org.gradle.cache.internal.LockOnDemandCrossProcessCacheAccess] Lock on Generated Gradle JARs cache (/home/user/AndroidStudioProjects/caches/8.0/generated-gradle-jars) requested by another process - releasing lock.
2023-12-04T10:53:29.956+0600 [DEBUG] [org.gradle.cache.internal.LockOnDemandCrossProcessCacheAccess] Releasing file lock for Generated Gradle JARs cache (/home/user/AndroidStudioProjects/caches/8.0/generated-gradle-jars)
2023-12-04T10:53:29.956+0600 [DEBUG] [org.gradle.cache.internal.DefaultFileLockManager] Releasing lock on Generated Gradle JARs cache (/home/user/AndroidStudioProjects/caches/8.0/generated-gradle-jars).
2023-12-04T10:53:29.957+0600 [DEBUG] [org.gradle.cache.internal.locklistener.FileLockCommunicator] Confirming lock release to Gradle process at port 46997 for lock with id 3338714329966341596.
2023-12-04T10:53:29.957+0600 [DEBUG] [org.gradle.cache.internal.locklistener.FileLockCommunicator] Confirming lock release to Gradle process at port 46997 for lock with id 3338714329966341596.
2023-12-04T10:53:33.051+0600 [DEBUG] [org.gradle.cache.internal.LockOnDemandCrossProcessCacheAccess] Lock on artifact cache (/home/user/AndroidStudioProjects/caches/modules-2) requested by another process - releasing lock.
2023-12-04T10:53:33.052+0600 [DEBUG] [org.gradle.cache.internal.LockOnDemandCrossProcessCacheAccess] Releasing file lock for artifact cache (/home/user/AndroidStudioProjects/caches/modules-2)
2023-12-04T10:53:33.052+0600 [DEBUG] [org.gradle.cache.internal.btree.BTreePersistentIndexedCache] Closing cache module-metadata.bin (/home/user/AndroidStudioProjects/caches/modules-2/metadata-2.100/module-metadata.bin)
2023-12-04T10:53:33.053+0600 [DEBUG] [org.gradle.cache.internal.btree.BTreePersistentIndexedCache] Closing cache module-artifact.bin (/home/user/AndroidStudioProjects/caches/modules-2/metadata-2.100/module-artifact.bin)
2023-12-04T10:53:33.056+0600 [DEBUG] [org.gradle.cache.internal.btree.BTreePersistentIndexedCache] Closing cache module-artifacts.bin (/home/user/AndroidStudioProjects/caches/modules-2/metadata-2.100/module-artifacts.bin)
2023-12-04T10:53:33.060+0600 [DEBUG] [org.gradle.cache.internal.DefaultFileLockManager] Releasing lock on artifact cache (/home/user/AndroidStudioProjects/caches/modules-2).
2023-12-04T10:53:33.061+0600 [DEBUG] [org.gradle.cache.internal.locklistener.FileLockCommunicator] Confirming lock release to Gradle process at port 46997 for lock with id -137985522795628345.
2023-12-04T10:53:33.061+0600 [DEBUG] [org.gradle.cache.internal.locklistener.FileLockCommunicator] Confirming lock release to Gradle process at port 46997 for lock with id -137985522795628345.
2023-12-04T10:53:33.568+0600 [DEBUG] [org.gradle.cache.internal.DefaultFileLockManager] Waiting to acquire shared lock on daemon addresses registry.
2023-12-04T10:53:33.648+0600 [DEBUG] [org.gradle.cache.internal.DefaultFileLockManager] Lock acquired on daemon addresses registry.
2023-12-04T10:53:33.699+0600 [DEBUG] [org.gradle.cache.internal.DefaultFileLockManager] Releasing lock on daemon addresses registry.
2023-12-04T10:53:33.700+0600 [DEBUG] [org.gradle.cache.internal.DefaultFileLockManager] Waiting to acquire shared lock on daemon addresses registry.
2023-12-04T10:53:33.703+0600 [DEBUG] [org.gradle.cache.internal.DefaultFileLockManager] Lock acquired on daemon addresses registry.
2023-12-04T10:53:33.704+0600 [DEBUG] [org.gradle.cache.internal.DefaultFileLockManager] Releasing lock on daemon addresses registry.
2023-12-04T10:53:33.704+0600 [DEBUG] [org.gradle.cache.internal.DefaultFileLockManager] Waiting to acquire shared lock on daemon addresses registry.
2023-12-04T10:53:33.705+0600 [DEBUG] [org.gradle.cache.internal.DefaultFileLockManager] Lock acquired on daemon addresses registry.
2023-12-04T10:53:33.707+0600 [DEBUG] [org.gradle.cache.internal.DefaultFileLockManager] Releasing lock on daemon addresses registry.
2023-12-04T10:53:34.527+0600 [DEBUG] [org.gradle.process.internal.health.memory.DefaultMemoryManager] 402653184 memory requested, 349655040 free
2023-12-04T10:53:34.527+0600 [DEBUG] [org.gradle.workers.internal.WorkerDaemonExpiration] Will attempt to release 384 of memory
2023-12-04T10:53:34.527+0600 [DEBUG] [org.gradle.process.internal.health.memory.DefaultMemoryManager] 402653184 memory requested, 0 released, 349655040 free
2023-12-04T10:53:39.490+0600 [DEBUG] [org.gradle.process.internal.health.memory.DefaultMemoryManager] 402653184 memory requested, 340516864 free
2023-12-04T10:53:39.490+0600 [DEBUG] [org.gradle.workers.internal.WorkerDaemonExpiration] Will attempt to release 384 of memory
2023-12-04T10:53:39.506+0600 [DEBUG] [org.gradle.process.internal.health.memory.DefaultMemoryManager] 402653184 memory requested, 0 released, 340516864 free
2023-12-04T10:53:43.525+0600 [DEBUG] [org.gradle.cache.internal.DefaultFileLockManager] Waiting to acquire shared lock on daemon addresses registry.
2023-12-04T10:53:43.526+0600 [DEBUG] [org.gradle.cache.internal.DefaultFileLockManager] Lock acquired on daemon addresses registry.
2023-12-04T10:53:43.527+0600 [DEBUG] [org.gradle.cache.internal.DefaultFileLockManager] Releasing lock on daemon addresses registry.
2023-12-04T10:53:43.528+0600 [DEBUG] [org.gradle.cache.internal.DefaultFileLockManager] Waiting to acquire shared lock on daemon addresses registry.
2023-12-04T10:53:43.529+0600 [DEBUG] [org.gradle.cache.internal.DefaultFileLockManager] Lock acquired on daemon addresses registry.
2023-12-04T10:53:43.530+0600 [DEBUG] [org.gradle.cache.internal.DefaultFileLockManager] Releasing lock on daemon addresses registry.
2023-12-04T10:53:43.530+0600 [DEBUG] [org.gradle.cache.internal.DefaultFileLockManager] Waiting to acquire shared lock on daemon addresses registry.
2023-12-04T10:53:43.531+0600 [DEBUG] [org.gradle.cache.internal.DefaultFileLockManager] Lock acquired on daemon addresses registry.
2023-12-04T10:53:43.532+0600 [DEBUG] [org.gradle.cache.internal.DefaultFileLockManager] Releasing lock on daemon addresses registry.
2023-12-04T10:53:44.451+0600 [DEBUG] [org.gradle.process.internal.health.memory.DefaultMemoryManager] 402653184 memory requested, 346218496 free
2023-12-04T10:53:44.452+0600 [DEBUG] [org.gradle.workers.internal.WorkerDaemonExpiration] Will attempt to release 384 of memory
2023-12-04T10:53:44.452+0600 [DEBUG] [org.gradle.process.internal.health.memory.DefaultMemoryManager] 402653184 memory requested, 0 released, 346218496 free
2023-12-04T10:53:49.425+0600 [DEBUG] [org.gradle.process.internal.health.memory.DefaultMemoryManager] 402653184 memory requested, 279613440 free
2023-12-04T10:53:49.468+0600 [DEBUG] [org.gradle.workers.internal.WorkerDaemonExpiration] Will attempt to release 384 of memory
2023-12-04T10:53:49.468+0600 [DEBUG] [org.gradle.process.internal.health.memory.DefaultMemoryManager] 402653184 memory requested, 0 released, 279613440 free
2023-12-04T10:53:53.525+0600 [DEBUG] [org.gradle.cache.internal.DefaultFileLockManager] Waiting to acquire shared lock on daemon addresses registry.
2023-12-04T10:53:53.573+0600 [DEBUG] [org.gradle.cache.internal.DefaultFileLockManager] Lock acquired on daemon addresses registry.
2023-12-04T10:53:53.652+0600 [DEBUG] [org.gradle.cache.internal.DefaultFileLockManager] Releasing lock on daemon addresses registry.
2023-12-04T10:53:53.653+0600 [DEBUG] [org.gradle.cache.internal.DefaultFileLockManager] Waiting to acquire shared lock on daemon addresses registry.
2023-12-04T10:53:53.672+0600 [DEBUG] [org.gradle.cache.internal.DefaultFileLockManager] Lock acquired on daemon addresses registry.
2023-12-04T10:53:53.712+0600 [DEBUG] [org.gradle.cache.internal.DefaultFileLockManager] Releasing lock on daemon addresses registry.
2023-12-04T10:53:53.714+0600 [DEBUG] [org.gradle.cache.internal.DefaultFileLockManager] Waiting to acquire shared lock on daemon addresses registry.
2023-12-04T10:53:53.714+0600 [DEBUG] [org.gradle.cache.internal.DefaultFileLockManager] Lock acquired on daemon addresses registry.
2023-12-04T10:53:53.742+0600 [DEBUG] [org.gradle.cache.internal.DefaultFileLockManager] Releasing lock on daemon addresses registry.
2023-12-04T10:53:54.436+0600 [DEBUG] [org.gradle.process.internal.health.memory.DefaultMemoryManager] 402653184 memory requested, 353058816 free
2023-12-04T10:53:54.436+0600 [DEBUG] [org.gradle.workers.internal.WorkerDaemonExpiration] Will attempt to release 384 of memory
2023-12-04T10:53:54.436+0600 [DEBUG] [org.gradle.process.internal.health.memory.DefaultMemoryManager] 402653184 memory requested, 0 released, 353058816 free
2023-12-04T10:54:03.526+0600 [DEBUG] [org.gradle.cache.internal.DefaultFileLockManager] Waiting to acquire shared lock on daemon addresses registry.
2023-12-04T10:54:03.526+0600 [DEBUG] [org.gradle.cache.internal.DefaultFileLockManager] Lock acquired on daemon addresses registry.
2023-12-04T10:54:03.529+0600 [DEBUG] [org.gradle.cache.internal.DefaultFileLockManager] Releasing lock on daemon addresses registry.
2023-12-04T10:54:03.530+0600 [DEBUG] [org.gradle.cache.internal.DefaultFileLockManager] Waiting to acquire shared lock on daemon addresses registry.
2023-12-04T10:54:03.531+0600 [DEBUG] [org.gradle.cache.internal.DefaultFileLockManager] Lock acquired on daemon addresses registry.
2023-12-04T10:54:03.532+0600 [DEBUG] [org.gradle.cache.internal.DefaultFileLockManager] Releasing lock on daemon addresses registry.
2023-12-04T10:54:03.535+0600 [DEBUG] [org.gradle.cache.internal.DefaultFileLockManager] Waiting to acquire shared lock on daemon addresses registry.
2023-12-04T10:54:03.547+0600 [DEBUG] [org.gradle.cache.internal.DefaultFileLockManager] Lock acquired on daemon addresses registry.
2023-12-04T10:54:03.551+0600 [DEBUG] [org.gradle.cache.internal.DefaultFileLockManager] Releasing lock on daemon addresses registry.
2023-12-04T10:54:04.426+0600 [DEBUG] [org.gradle.process.internal.health.memory.DefaultMemoryManager] 402653184 memory requested, 345378816 free
2023-12-04T10:54:04.427+0600 [DEBUG] [org.gradle.workers.internal.WorkerDaemonExpiration] Will attempt to release 384 of memory
2023-12-04T10:54:04.427+0600 [DEBUG] [org.gradle.process.internal.health.memory.DefaultMemoryManager] 402653184 memory requested, 0 released, 345378816 free
2023-12-04T10:54:09.565+0600 [DEBUG] [org.gradle.process.internal.health.memory.DefaultMemoryManager] 402653184 memory requested, 372957184 free
2023-12-04T10:54:09.566+0600 [DEBUG] [org.gradle.workers.internal.WorkerDaemonExpiration] Will attempt to release 384 of memory
2023-12-04T10:54:09.566+0600 [DEBUG] [org.gradle.process.internal.health.memory.DefaultMemoryManager] 402653184 memory requested, 0 released, 372957184 free
2023-12-04T10:54:13.526+0600 [DEBUG] [org.gradle.cache.internal.DefaultFileLockManager] Waiting to acquire shared lock on daemon addresses registry.
2023-12-04T10:54:13.654+0600 [DEBUG] [org.gradle.cache.internal.DefaultFileLockManager] Lock acquired on daemon addresses registry.
2023-12-04T10:54:13.658+0600 [DEBUG] [org.gradle.cache.internal.DefaultFileLockManager] Releasing lock on daemon addresses registry.
2023-12-04T10:54:13.659+0600 [DEBUG] [org.gradle.cache.internal.DefaultFileLockManager] Waiting to acquire shared lock on daemon addresses registry.
2023-12-04T10:54:13.659+0600 [DEBUG] [org.gradle.cache.internal.DefaultFileLockManager] Lock acquired on daemon addresses registry.
2023-12-04T10:54:13.661+0600 [DEBUG] [org.gradle.cache.internal.DefaultFileLockManager] Releasing lock on daemon addresses registry.
2023-12-04T10:54:13.662+0600 [DEBUG] [org.gradle.cache.internal.DefaultFileLockManager] Waiting to acquire shared lock on daemon addresses registry.
2023-12-04T10:54:13.816+0600 [DEBUG] [org.gradle.cache.internal.DefaultFileLockManager] Lock acquired on daemon addresses registry.
2023-12-04T10:54:13.892+0600 [DEBUG] [org.gradle.cache.internal.DefaultFileLockManager] Releasing lock on daemon addresses registry.
2023-12-04T10:54:23.526+0600 [DEBUG] [org.gradle.cache.internal.DefaultFileLockManager] Waiting to acquire shared lock on daemon addresses registry.
2023-12-04T10:54:23.526+0600 [DEBUG] [org.gradle.cache.internal.DefaultFileLockManager] Lock acquired on daemon addresses registry.
2023-12-04T10:54:23.528+0600 [DEBUG] [org.gradle.cache.internal.DefaultFileLockManager] Releasing lock on daemon addresses registry.
2023-12-04T10:54:23.534+0600 [DEBUG] [org.gradle.cache.internal.DefaultFileLockManager] Waiting to acquire shared lock on daemon addresses registry.
2023-12-04T10:54:23.538+0600 [DEBUG] [org.gradle.cache.internal.DefaultFileLockManager] Lock acquired on daemon addresses registry.
2023-12-04T10:54:23.548+0600 [DEBUG] [org.gradle.cache.internal.DefaultFileLockManager] Releasing lock on daemon addresses registry.
2023-12-04T10:54:23.551+0600 [DEBUG] [org.gradle.launcher.daemon.server.health.LowMemoryDaemonExpirationStrategy] Nearing low memory threshold - OS memory {Total: 3981058048, Free: 440119296}
2023-12-04T10:54:23.552+0600 [DEBUG] [org.gradle.cache.internal.DefaultFileLockManager] Waiting to acquire shared lock on daemon addresses registry.
2023-12-04T10:54:23.553+0600 [DEBUG] [org.gradle.cache.internal.DefaultFileLockManager] Lock acquired on daemon addresses registry.
2023-12-04T10:54:23.553+0600 [DEBUG] [org.gradle.cache.internal.DefaultFileLockManager] Releasing lock on daemon addresses registry.
2023-12-04T10:54:29.426+0600 [DEBUG] [org.gradle.process.internal.health.memory.DefaultMemoryManager] 402653184 memory requested, 325394432 free
2023-12-04T10:54:29.427+0600 [DEBUG] [org.gradle.workers.internal.WorkerDaemonExpiration] Will attempt to release 384 of memory
2023-12-04T10:54:29.427+0600 [DEBUG] [org.gradle.process.internal.health.memory.DefaultMemoryManager] 402653184 memory requested, 0 released, 325394432 free
2023-12-04T10:54:33.526+0600 [DEBUG] [org.gradle.cache.internal.DefaultFileLockManager] Waiting to acquire shared lock on daemon addresses registry.
2023-12-04T10:54:33.526+0600 [DEBUG] [org.gradle.cache.internal.DefaultFileLockManager] Lock acquired on daemon addresses registry.
2023-12-04T10:54:33.527+0600 [DEBUG] [org.gradle.cache.internal.DefaultFileLockManager] Releasing lock on daemon addresses registry.
2023-12-04T10:54:33.528+0600 [DEBUG] [org.gradle.cache.internal.DefaultFileLockManager] Waiting to acquire shared lock on daemon addresses registry.
2023-12-04T10:54:33.528+0600 [DEBUG] [org.gradle.cache.internal.DefaultFileLockManager] Lock acquired on daemon addresses registry.
2023-12-04T10:54:33.529+0600 [DEBUG] [org.gradle.cache.internal.DefaultFileLockManager] Releasing lock on daemon addresses registry.
2023-12-04T10:54:33.539+0600 [INFO] [org.gradle.launcher.daemon.server.health.LowMemoryDaemonExpirationStrategy] after free system memory (310.3 MiB) fell below threshold of 384 MiB
2023-12-04T10:54:33.552+0600 [DEBUG] [org.gradle.cache.internal.DefaultFileLockManager] Waiting to acquire shared lock on daemon addresses registry.
2023-12-04T10:54:33.553+0600 [DEBUG] [org.gradle.cache.internal.DefaultFileLockManager] Lock acquired on daemon addresses registry.
2023-12-04T10:54:33.554+0600 [DEBUG] [org.gradle.cache.internal.DefaultFileLockManager] Releasing lock on daemon addresses registry.
2023-12-04T10:54:33.583+0600 [DEBUG] [org.gradle.launcher.daemon.server.DaemonRegistryUpdater] Storing daemon stop event: after being idle for 2 minutes and not recently used and to reclaim system memory
2023-12-04T10:54:33.586+0600 [DEBUG] [org.gradle.launcher.daemon.registry.PersistentDaemonRegistry] Storing daemon stop event with timestamp 1701665673584
2023-12-04T10:54:33.628+0600 [DEBUG] [org.gradle.cache.internal.DefaultFileLockManager] Waiting to acquire exclusive lock on daemon addresses registry.
2023-12-04T10:54:33.632+0600 [DEBUG] [org.gradle.cache.internal.DefaultFileLockManager] Lock acquired on daemon addresses registry.
2023-12-04T10:54:33.644+0600 [DEBUG] [org.gradle.cache.internal.DefaultFileLockManager] Releasing lock on daemon addresses registry.
2023-12-04T10:54:33.647+0600 [LIFECYCLE] [org.gradle.launcher.daemon.server.DaemonStateCoordinator] Daemon will be stopped at the end of the build after being idle for 2 minutes and not recently used and to reclaim system memory
2023-12-04T10:54:33.652+0600 [DEBUG] [org.gradle.launcher.daemon.server.DaemonStateCoordinator] Marking daemon stopped due to after being idle for 2 minutes and not recently used and to reclaim system memory. The daemon is running a build: false
2023-12-04T10:54:33.657+0600 [DEBUG] [org.gradle.launcher.daemon.server.DaemonStateCoordinator] daemon has stopped.
2023-12-04T10:54:33.658+0600 [DEBUG] [org.gradle.launcher.daemon.server.Daemon] stop() called on daemon
2023-12-04T10:54:33.659+0600 [INFO] [org.gradle.launcher.daemon.server.Daemon] Stop requested. Daemon is removing its presence from the registry...
2023-12-04T10:54:33.668+0600 [DEBUG] [org.gradle.launcher.daemon.server.DaemonRegistryUpdater] Removing our presence to clients, eg. removing this address from the registry: [403c9925-5e1b-43cd-be4a-28db83f68498 port:44501, addresses:[localhost/127.0.0.1]]
2023-12-04T10:54:33.669+0600 [DEBUG] [org.gradle.launcher.daemon.registry.PersistentDaemonRegistry] Removing daemon address: [403c9925-5e1b-43cd-be4a-28db83f68498 port:44501, addresses:[localhost/127.0.0.1]]
2023-12-04T10:54:33.680+0600 [DEBUG] [org.gradle.cache.internal.DefaultFileLockManager] Waiting to acquire exclusive lock on daemon addresses registry.
2023-12-04T10:54:33.681+0600 [DEBUG] [org.gradle.cache.internal.DefaultFileLockManager] Lock acquired on daemon addresses registry.
2023-12-04T10:54:33.689+0600 [DEBUG] [org.gradle.cache.internal.DefaultFileLockManager] Releasing lock on daemon addresses registry.
2023-12-04T10:54:33.692+0600 [DEBUG] [org.gradle.launcher.daemon.server.DaemonRegistryUpdater] Address removed from registry.
2023-12-04T10:54:33.748+0600 [DEBUG] [org.gradle.cache.internal.DefaultPersistentDirectoryStore] jars (/home/user/AndroidStudioProjects/caches/jars-9) has last been fully cleaned up 34 hours ago
2023-12-04T10:54:33.975+0600 [INFO] [org.gradle.cache.internal.AbstractCacheCleanup] jars (/home/user/AndroidStudioProjects/caches/jars-9) cleanup deleted 0 files/directories.
2023-12-04T10:54:33.984+0600 [INFO] [org.gradle.cache.internal.LeastRecentlyUsedCacheCleanup] jars (/home/user/AndroidStudioProjects/caches/jars-9) removing files not accessed on or after Mon Nov 27 10:51:40 KGT 2023.
2023-12-04T10:54:33.996+0600 [DEBUG] [org.gradle.cache.internal.LockOnDemandCrossProcessCacheAccess] Acquiring file lock for journal cache (/home/user/AndroidStudioProjects/caches/journal-1)
2023-12-04T10:54:33.997+0600 [DEBUG] [org.gradle.cache.internal.DefaultFileLockManager] Waiting to acquire exclusive lock on journal cache (/home/user/AndroidStudioProjects/caches/journal-1).
2023-12-04T10:54:34.014+0600 [DEBUG] [org.gradle.cache.internal.DefaultFileLockManager] The file lock for journal cache (/home/user/AndroidStudioProjects/caches/journal-1) is held by a different Gradle process (pid: 4698, lockId: 4784923390197098200). Pinged owner at port 46997
2023-12-04T10:54:34.017+0600 [DEBUG] [org.gradle.cache.internal.locklistener.DefaultFileLockContentionHandler] Gradle process at port 46997 confirmed unlock request for lock with id 4784923390197098200.
2023-12-04T10:54:34.019+0600 [DEBUG] [org.gradle.cache.internal.locklistener.DefaultFileLockContentionHandler] Gradle process at port 46997 confirmed unlock request for lock with id 4784923390197098200.
2023-12-04T10:54:34.034+0600 [DEBUG] [org.gradle.cache.internal.locklistener.DefaultFileLockContentionHandler] Gradle process at port 46997 confirmed lock release for lock with id 4784923390197098200.
2023-12-04T10:54:34.035+0600 [DEBUG] [org.gradle.cache.internal.locklistener.DefaultFileLockContentionHandler] Triggering lock release signal for lock with id 4784923390197098200.
2023-12-04T10:54:34.035+0600 [DEBUG] [org.gradle.cache.internal.locklistener.DefaultFileLockContentionHandler] Gradle process at port 46997 confirmed lock release for lock with id 4784923390197098200.
2023-12-04T10:54:34.035+0600 [DEBUG] [org.gradle.cache.internal.locklistener.DefaultFileLockContentionHandler] Triggering lock release signal for lock with id 4784923390197098200.
2023-12-04T10:54:34.035+0600 [DEBUG] [org.gradle.cache.internal.DefaultFileLockManager] Lock acquired on journal cache (/home/user/AndroidStudioProjects/caches/journal-1).
2023-12-04T10:54:34.037+0600 [INFO] [org.gradle.cache.internal.InMemoryDecoratedCache] Invalidating in-memory cache of /home/user/AndroidStudioProjects/caches/journal-1/file-access.bin
2023-12-04T10:54:34.128+0600 [DEBUG] [org.gradle.cache.internal.btree.BTreePersistentIndexedCache] Opening cache file-access.bin (/home/user/AndroidStudioProjects/caches/journal-1/file-access.bin)
2023-12-04T10:54:34.242+0600 [INFO] [org.gradle.cache.internal.AbstractCacheCleanup] jars (/home/user/AndroidStudioProjects/caches/jars-9) cleanup deleted 0 files/directories.
2023-12-04T10:54:34.252+0600 [INFO] [org.gradle.cache.internal.DefaultPersistentDirectoryStore] jars (/home/user/AndroidStudioProjects/caches/jars-9) cleaned up in 0.474 secs.
2023-12-04T10:54:34.262+0600 [DEBUG] [org.gradle.cache.internal.LockOnDemandCrossProcessCacheAccess] Releasing file lock for Artifact transforms cache (/home/user/AndroidStudioProjects/caches/transforms-3)
2023-12-04T10:54:34.263+0600 [DEBUG] [org.gradle.cache.internal.DefaultFileLockManager] Releasing lock on Artifact transforms cache (/home/user/AndroidStudioProjects/caches/transforms-3).
2023-12-04T10:54:34.265+0600 [DEBUG] [org.gradle.cache.internal.DefaultPersistentDirectoryStore] Artifact transforms cache (/home/user/AndroidStudioProjects/caches/transforms-3) has last been fully cleaned up 34 hours ago
2023-12-04T10:54:34.266+0600 [INFO] [org.gradle.cache.internal.LeastRecentlyUsedCacheCleanup] Artifact transforms cache (/home/user/AndroidStudioProjects/caches/transforms-3) removing files not accessed on or after Mon Nov 27 10:51:40 KGT 2023.
2023-12-04T10:54:34.426+0600 [DEBUG] [org.gradle.process.internal.health.memory.DefaultMemoryManager] 402653184 memory requested, 402464768 free
2023-12-04T10:54:34.427+0600 [DEBUG] [org.gradle.process.internal.health.memory.DefaultMemoryManager] 402653184 memory requested, 0 released, 402464768 free
2023-12-04T10:54:34.444+0600 [INFO] [org.gradle.cache.internal.AbstractCacheCleanup] Artifact transforms cache (/home/user/AndroidStudioProjects/caches/transforms-3) cleanup deleted 0 files/directories.
2023-12-04T10:54:34.447+0600 [INFO] [org.gradle.cache.internal.DefaultPersistentDirectoryStore] Artifact transforms cache (/home/user/AndroidStudioProjects/caches/transforms-3) cleaned up in 0.181 secs.
2023-12-04T10:54:34.455+0600 [DEBUG] [org.gradle.cache.internal.DefaultPersistentDirectoryStore] kotlin-dsl (/home/user/AndroidStudioProjects/caches/8.0/kotlin-dsl) has last been fully cleaned up 34 hours ago
2023-12-04T10:54:34.465+0600 [INFO] [org.gradle.cache.internal.LeastRecentlyUsedCacheCleanup] kotlin-dsl (/home/user/AndroidStudioProjects/caches/8.0/kotlin-dsl) removing files not accessed on or after Mon Nov 27 10:51:40 KGT 2023.
2023-12-04T10:54:34.475+0600 [INFO] [org.gradle.cache.internal.AbstractCacheCleanup] kotlin-dsl (/home/user/AndroidStudioProjects/caches/8.0/kotlin-dsl) cleanup deleted 0 files/directories.
2023-12-04T10:54:34.478+0600 [INFO] [org.gradle.cache.internal.DefaultPersistentDirectoryStore] kotlin-dsl (/home/user/AndroidStudioProjects/caches/8.0/kotlin-dsl) cleaned up in 0.021 secs.
2023-12-04T10:54:34.585+0600 [DEBUG] [org.gradle.internal.watch.vfs.impl.WatchingVirtualFileSystem] Closing VFS, dropping state
2023-12-04T10:54:34.640+0600 [DEBUG] [org.gradle.internal.watch.registry.impl.DefaultFileWatcherRegistry] Finished listening to file system change events
2023-12-04T10:54:34.642+0600 [DEBUG] [org.gradle.cache.internal.DefaultPersistentDirectoryStore] artifact cache (/home/user/AndroidStudioProjects/caches/modules-2) has last been fully cleaned up 34 hours ago
2023-12-04T10:54:34.645+0600 [INFO] [org.gradle.cache.internal.AbstractCacheCleanup] artifact cache (/home/user/AndroidStudioProjects/caches/modules-2) cleanup deleted 0 files/directories.
2023-12-04T10:54:34.654+0600 [INFO] [org.gradle.cache.internal.AbstractCacheCleanup] artifact cache (/home/user/AndroidStudioProjects/caches/modules-2) [subdir: /home/user/AndroidStudioProjects/caches/modules-2/resources-2.1] cleanup deleted 0 files/directories.
2023-12-04T10:54:34.654+0600 [INFO] [org.gradle.cache.internal.LeastRecentlyUsedCacheCleanup] artifact cache (/home/user/AndroidStudioProjects/caches/modules-2) [subdir: /home/user/AndroidStudioProjects/caches/modules-2/resources-2.1] removing files not accessed on or after Sat Nov 04 10:51:40 KGT 2023.
2023-12-04T10:54:34.655+0600 [INFO] [org.gradle.cache.internal.AbstractCacheCleanup] artifact cache (/home/user/AndroidStudioProjects/caches/modules-2) [subdir: /home/user/AndroidStudioProjects/caches/modules-2/resources-2.1] cleanup deleted 0 files/directories.
2023-12-04T10:54:34.656+0600 [INFO] [org.gradle.cache.internal.AbstractCacheCleanup] artifact cache (/home/user/AndroidStudioProjects/caches/modules-2) [subdir: /home/user/AndroidStudioProjects/caches/modules-2/files-2.1] cleanup deleted 0 files/directories.
2023-12-04T10:54:34.656+0600 [INFO] [org.gradle.cache.internal.LeastRecentlyUsedCacheCleanup] artifact cache (/home/user/AndroidStudioProjects/caches/modules-2) [subdir: /home/user/AndroidStudioProjects/caches/modules-2/files-2.1] removing files not accessed on or after Sat Nov 04 10:51:40 KGT 2023.
2023-12-04T10:54:35.210+0600 [INFO] [org.gradle.cache.internal.AbstractCacheCleanup] artifact cache (/home/user/AndroidStudioProjects/caches/modules-2) [subdir: /home/user/AndroidStudioProjects/caches/modules-2/files-2.1] cleanup deleted 0 files/directories.
2023-12-04T10:54:35.211+0600 [INFO] [org.gradle.cache.internal.AbstractCacheCleanup] artifact cache (/home/user/AndroidStudioProjects/caches/modules-2) [subdir: /home/user/AndroidStudioProjects/caches/modules-2/metadata-2.100] cleanup deleted 0 files/directories.
2023-12-04T10:54:35.212+0600 [INFO] [org.gradle.cache.internal.DefaultPersistentDirectoryStore] artifact cache (/home/user/AndroidStudioProjects/caches/modules-2) cleaned up in 0.568 secs.
2023-12-04T10:54:35.213+0600 [DEBUG] [org.gradle.cache.internal.LockOnDemandCrossProcessCacheAccess] Releasing file lock for journal cache (/home/user/AndroidStudioProjects/caches/journal-1)
2023-12-04T10:54:35.214+0600 [DEBUG] [org.gradle.cache.internal.btree.BTreePersistentIndexedCache] Closing cache file-access.bin (/home/user/AndroidStudioProjects/caches/journal-1/file-access.bin)
2023-12-04T10:54:35.215+0600 [DEBUG] [org.gradle.cache.internal.DefaultFileLockManager] Releasing lock on journal cache (/home/user/AndroidStudioProjects/caches/journal-1).
2023-12-04T10:54:35.217+0600 [DEBUG] [org.gradle.cache.internal.DefaultCacheAccess] Cache journal cache (/home/user/AndroidStudioProjects/caches/journal-1) was closed 2 times.
2023-12-04T10:54:35.249+0600 [DEBUG] [org.gradle.cache.internal.VersionSpecificCacheCleanupAction] Processed version-specific caches at /home/user/AndroidStudioProjects/caches for cleanup in 0.011 secs
Daemon vm is shutting down... The daemon has exited normally or was terminated in response to a user interrupt.
2023-12-04T10:54:35.350+0600 [DEBUG] [org.gradle.launcher.daemon.registry.PersistentDaemonRegistry] Removing daemon address: [403c9925-5e1b-43cd-be4a-28db83f68498 port:44501, addresses:[localhost/127.0.0.1]]
2023-12-04T10:54:35.350+0600 [DEBUG] [org.gradle.cache.internal.DefaultFileLockManager] Waiting to acquire exclusive lock on daemon addresses registry.
2023-12-04T10:54:35.351+0600 [DEBUG] [org.gradle.cache.internal.DefaultFileLockManager] Lock acquired on daemon addresses registry.
2023-12-04T10:54:35.357+0600 [DEBUG] [org.gradle.cache.internal.DefaultFileLockManager] Releasing lock on daemon addresses registry.
